Log file open, 12/25/18 22:07:58
LogWindows: Failed to load 'aqProf.dll' (GetLastError=126)
LogWindows: File 'aqProf.dll' does not exist
LogWindows: Failed to load 'VtuneApi.dll' (GetLastError=126)
LogWindows: File 'VtuneApi.dll' does not exist
LogWindows: Failed to load 'VtuneApi32e.dll' (GetLastError=126)
LogWindows: File 'VtuneApi32e.dll' does not exist
LogConsoleResponse: Display: Failed to find resolution value strings in scalability ini. Falling back to default.
LogInit: Display: Running engine for game: Crossy_Road
LogPakFile: Registered encryption key '00000000000000000000000000000000': 0 pak files mounted, 0 remain pending
LogPlatformFile: Not using cached read wrapper
LogTaskGraph: Started task graph with 5 named threads and 23 total threads with 3 sets of task threads.
LogStats: Stats thread started at 0.277918
LogD3D11RHI: Loaded GFSDK_Aftermath_Lib.x64.dll
LogICUInternationalization: ICU TimeZone Detection - Raw Offset: -8:00, Platform Override: ''
LogPluginManager: Mounting plugin Paper2D
LogPluginManager: Mounting plugin AISupport
LogPluginManager: Mounting plugin LightPropagationVolume
LogPluginManager: Mounting plugin ActorLayerUtilities
LogPluginManager: Mounting plugin CLionSourceCodeAccess
LogPluginManager: Mounting plugin CodeLiteSourceCodeAccess
LogPluginManager: Mounting plugin GitSourceControl
LogPluginManager: Mounting plugin KDevelopSourceCodeAccess
LogPluginManager: Mounting plugin NullSourceCodeAccess
LogPluginManager: Mounting plugin PerforceSourceControl
LogPluginManager: Mounting plugin SubversionSourceControl
LogPluginManager: Mounting plugin UObjectPlugin
LogPluginManager: Mounting plugin VisualStudioCodeSourceCodeAccess
LogPluginManager: Mounting plugin VisualStudioSourceCodeAccess
LogPluginManager: Mounting plugin XCodeSourceCodeAccess
LogPluginManager: Mounting plugin AssetManagerEditor
LogPluginManager: Mounting plugin CryptoKeys
LogPluginManager: Mounting plugin DataValidation
LogPluginManager: Mounting plugin EditorScriptingUtilities
LogPluginManager: Mounting plugin FacialAnimation
LogPluginManager: Mounting plugin GameplayTagsEditor
LogPluginManager: Mounting plugin MacGraphicsSwitching
LogPluginManager: Mounting plugin MeshEditor
LogPluginManager: Mounting plugin MobileLauncherProfileWizard
LogPluginManager: Mounting plugin PluginBrowser
LogPluginManager: Mounting plugin SpeedTreeImporter
LogPluginManager: Mounting plugin DatasmithContent
LogPluginManager: Mounting plugin VariantManagerContent
LogPluginManager: Mounting plugin AlembicImporter
LogPluginManager: Mounting plugin AppleImageUtils
LogPluginManager: Mounting plugin AppleVision
LogPluginManager: Mounting plugin BackChannel
LogPluginManager: Mounting plugin CharacterAI
LogPluginManager: Mounting plugin GeometryCache
LogPluginManager: Mounting plugin HTML5Networking
LogPluginManager: Mounting plugin ProxyLODPlugin
LogPluginManager: Mounting plugin MagicLeap
LogPluginManager: Mounting plugin MagicLeapMedia
LogPluginManager: Mounting plugin AndroidMedia
LogPluginManager: Mounting plugin AvfMedia
LogPluginManager: Mounting plugin ImgMedia
LogPluginManager: Mounting plugin LinearTimecode
LogPluginManager: Mounting plugin MediaCompositing
LogPluginManager: Mounting plugin MediaPlayerEditor
LogPluginManager: Mounting plugin WebMMedia
LogPluginManager: Mounting plugin WmfMedia
LogPluginManager: Mounting plugin TcpMessaging
LogPluginManager: Mounting plugin UdpMessaging
LogPluginManager: Mounting plugin ActorSequence
LogPluginManager: Mounting plugin LevelSequenceEditor
LogPluginManager: Mounting plugin MatineeToLevelSequence
LogPluginManager: Mounting plugin NetcodeUnitTest
LogPluginManager: Mounting plugin NUTUnrealEngine4
LogPluginManager: Mounting plugin OnlineSubsystemGooglePlay
LogPluginManager: Mounting plugin OnlineSubsystemIOS
LogPluginManager: Mounting plugin OnlineSubsystem
LogPluginManager: Mounting plugin OnlineSubsystemNull
LogPluginManager: Mounting plugin OnlineSubsystemUtils
LogPluginManager: Mounting plugin LauncherChunkInstaller
LogPluginManager: Mounting plugin AndroidDeviceProfileSelector
LogPluginManager: Mounting plugin AndroidMoviePlayer
LogPluginManager: Mounting plugin AndroidPermission
LogPluginManager: Mounting plugin AppleMoviePlayer
LogPluginManager: Mounting plugin ArchVisCharacter
LogPluginManager: Mounting plugin AudioCapture
LogPluginManager: Mounting plugin CableComponent
LogPluginManager: Mounting plugin CustomMeshComponent
LogPluginManager: Mounting plugin EditableMesh
LogPluginManager: Mounting plugin ExampleDeviceProfileSelector
LogPluginManager: Mounting plugin Firebase
LogPluginManager: Mounting plugin GoogleCloudMessaging
LogPluginManager: Mounting plugin IOSDeviceProfileSelector
LogPluginManager: Mounting plugin LinuxDeviceProfileSelector
LogPluginManager: Mounting plugin LocationServicesBPLibrary
LogPluginManager: Mounting plugin MobilePatchingUtils
LogPluginManager: Mounting plugin OculusVR
LogPluginManager: Mounting plugin PhysXVehicles
LogPluginManager: Mounting plugin ProceduralMeshComponent
LogPluginManager: Mounting plugin RuntimePhysXCooking
LogPluginManager: Mounting plugin WebMMoviePlayer
LogPluginManager: Mounting plugin WindowsMoviePlayer
LogPluginManager: Mounting plugin DatasmithCADImporter
LogPluginManager: Mounting plugin DatasmithFBXImporter
LogPluginManager: Mounting plugin DatasmithImporter
LogPluginManager: Mounting plugin MDLImporter
LogPluginManager: Mounting plugin StaticMeshEditorExtension
LogPluginManager: Mounting plugin VariantManager
LogStreaming: Display: Took  0.168s to configure plugins.
LogInit: Using libcurl 7.55.1-DEV
LogInit:  - built for x86_64-pc-win32
LogInit:  - supports SSL with OpenSSL/1.0.2h
LogInit:  - supports HTTP deflate (compression) using libz 1.2.8
LogInit:  - other features:
LogInit:      CURL_VERSION_SSL
LogInit:      CURL_VERSION_LIBZ
LogInit:      CURL_VERSION_IPV6
LogInit:      CURL_VERSION_ASYNCHDNS
LogInit:      CURL_VERSION_LARGEFILE
LogInit:      CURL_VERSION_IDN
LogInit:  CurlRequestOptions (configurable via config and command line):
LogInit:  - bVerifyPeer = true  - Libcurl will verify peer certificate
LogInit:  - bUseHttpProxy = false  - Libcurl will NOT use HTTP proxy
LogInit:  - bDontReuseConnections = false  - Libcurl will reuse connections
LogInit:  - MaxHostConnections = 16  - Libcurl will limit the number of connections to a host
LogInit:  - LocalHostAddr = Default
LogInit:  - BufferSize = 65536
LogInit: WinSock: version 1.1 (2.2), MaxSocks=32767, MaxUdp=65467
LogInit: Build: ++UE4+Release-4.21-CL-4541578
LogInit: Engine Version: 4.21.0-4541578+++UE4+Release-4.21
LogInit: Compatible Engine Version: 4.21.0-4541578+++UE4+Release-4.21
LogInit: Net CL: 4541578
LogInit: OS: Windows 8.1 (), CPU: Intel(R) Core(TM) i7-4710HQ CPU @ 2.50GHz, GPU: Intel(R) HD Graphics 4600
LogInit: Compiled (64-bit): Nov  6 2018 02:04:24
LogInit: Compiled with Visual C++: 19.13.26129.00
LogInit: Build Configuration: Development
LogInit: Branch Name: ++UE4+Release-4.21
LogInit: Command Line: 
LogInit: Base Directory: C:/Program Files/Epic Games/UE_4.21/Engine/Binaries/Win64/
LogInit: Installed Engine Build: 1
LogDevObjectVersion: Number of dev versions registered: 22
LogDevObjectVersion:   Dev-Blueprints (B0D832E4-1F89-4F0D-ACCF-7EB736FD4AA2): 10
LogDevObjectVersion:   Dev-Build (E1C64328-A22C-4D53-A36C-8E866417BD8C): 0
LogDevObjectVersion:   Dev-Core (375EC13C-06E4-48FB-B500-84F0262A717E): 2
LogDevObjectVersion:   Dev-Editor (E4B068ED-F494-42E9-A231-DA0B2E46BB41): 26
LogDevObjectVersion:   Dev-Framework (CFFC743F-43B0-4480-9391-14DF171D2073): 34
LogDevObjectVersion:   Dev-Mobile (B02B49B5-BB20-44E9-A304-32B752E40360): 2
LogDevObjectVersion:   Dev-Networking (A4E4105C-59A1-49B5-A7C5-40C4547EDFEE): 0
LogDevObjectVersion:   Dev-Online (39C831C9-5AE6-47DC-9A44-9C173E1C8E7C): 0
LogDevObjectVersion:   Dev-Physics (78F01B33-EBEA-4F98-B9B4-84EACCB95AA2): 0
LogDevObjectVersion:   Dev-Platform (6631380F-2D4D-43E0-8009-CF276956A95A): 0
LogDevObjectVersion:   Dev-Rendering (12F88B9F-8875-4AFC-A67C-D90C383ABD29): 27
LogDevObjectVersion:   Dev-Sequencer (7B5AE74C-D270-4C10-A958-57980B212A5A): 9
LogDevObjectVersion:   Dev-VR (D7296918-1DD6-4BDD-9DE2-64A83CC13884): 2
LogDevObjectVersion:   Dev-LoadTimes (C2A15278-BFE7-4AFE-6C17-90FF531DF755): 1
LogDevObjectVersion:   Private-Geometry (6EACA3D4-40EC-4CC1-B786-8BED09428FC5): 3
LogDevObjectVersion:   Dev-AnimPhys (29E575DD-E0A3-4627-9D10-D276232CDCEA): 17
LogDevObjectVersion:   Dev-Anim (AF43A65D-7FD3-4947-9873-3E8ED9C1BB05): 2
LogDevObjectVersion:   Dev-ReflectionCapture (6B266CEC-1EC7-4B8F-A30B-E4D90942FC07): 1
LogDevObjectVersion:   Dev-Automation (0DF73D61-A23F-47EA-B727-89E90C41499A): 1
LogDevObjectVersion:   FortniteMain (601D1886-AC64-4F84-AA16-D3DE0DEAC7D6): 17
LogDevObjectVersion:   Dev-Enterprise (9DFFBCD6-494F-0158-E221-12823C92A888): 4
LogDevObjectVersion:   Dev-Niagara (F2AED0AC-9AFE-416F-8664-AA7FFA26D6FC): 1
LogStreaming: Display: Took  0.026s to delete old logs.
LogInit: Presizing for max 8388607 objects, including 0 objects not considered by GC, pre-allocating 0 bytes for permanent pool.
LogInit: Object subsystem initialized
LogConfig: Setting CVar [[con.DebugEarlyDefault:1]]
LogConfig: Setting CVar [[r.setres:1280x720]]
[2018.12.26-06.07.58:448][  0]LogConfig: Setting CVar [[r.VSync:0]]
[2018.12.26-06.07.58:448][  0]LogConfig: Setting CVar [[r.RHICmdBypass:0]]
[2018.12.26-06.07.58:448][  0]LogConfig: Applying CVar settings from Section [/Script/Engine.RendererSettings] File [C:/Users/XxCMGxX/Documents/Unreal Projects/Crossy_Road/Saved/Config/Windows/Engine.ini]
[2018.12.26-06.07.58:448][  0]LogConfig: Setting CVar [[r.GPUCrashDebugging:0]]
[2018.12.26-06.07.58:448][  0]LogConfig: Applying CVar settings from Section [/Script/Engine.RendererOverrideSettings] File [C:/Users/XxCMGxX/Documents/Unreal Projects/Crossy_Road/Saved/Config/Windows/Engine.ini]
[2018.12.26-06.07.58:448][  0]LogConfig: Applying CVar settings from Section [/Script/Engine.StreamingSettings] File [C:/Users/XxCMGxX/Documents/Unreal Projects/Crossy_Road/Saved/Config/Windows/Engine.ini]
[2018.12.26-06.07.58:448][  0]LogConfig: Setting CVar [[s.MinBulkDataSizeForAsyncLoading:131072]]
[2018.12.26-06.07.58:448][  0]LogConfig: Setting CVar [[s.AsyncLoadingThreadEnabled:0]]
[2018.12.26-06.07.58:448][  0]LogConfig: Setting CVar [[s.EventDrivenLoaderEnabled:1]]
[2018.12.26-06.07.58:448][  0]LogConfig: Setting CVar [[s.WarnIfTimeLimitExceeded:0]]
[2018.12.26-06.07.58:448][  0]LogConfig: Setting CVar [[s.TimeLimitExceededMultiplier:1.5]]
[2018.12.26-06.07.58:448][  0]LogConfig: Setting CVar [[s.TimeLimitExceededMinTime:0.005]]
[2018.12.26-06.07.58:448][  0]LogConfig: Setting CVar [[s.UseBackgroundLevelStreaming:1]]
[2018.12.26-06.07.58:448][  0]LogConfig: Setting CVar [[s.PriorityAsyncLoadingExtraTime:15.0]]
[2018.12.26-06.07.58:448][  0]LogConfig: Setting CVar [[s.LevelStreamingActorsUpdateTimeLimit:5.0]]
[2018.12.26-06.07.58:448][  0]LogConfig: Setting CVar [[s.PriorityLevelStreamingActorsUpdateExtraTime:5.0]]
[2018.12.26-06.07.58:448][  0]LogConfig: Setting CVar [[s.LevelStreamingComponentsRegistrationGranularity:10]]
[2018.12.26-06.07.58:448][  0]LogConfig: Setting CVar [[s.UnregisterComponentsTimeLimit:1.0]]
[2018.12.26-06.07.58:448][  0]LogConfig: Setting CVar [[s.LevelStreamingComponentsUnregistrationGranularity:5]]
[2018.12.26-06.07.58:449][  0]LogConfig: Applying CVar settings from Section [/Script/Engine.GarbageCollectionSettings] File [C:/Users/XxCMGxX/Documents/Unreal Projects/Crossy_Road/Saved/Config/Windows/Engine.ini]
[2018.12.26-06.07.58:449][  0]LogConfig: Setting CVar [[gc.MaxObjectsNotConsideredByGC:1]]
[2018.12.26-06.07.58:449][  0]LogConfig: Setting CVar [[gc.SizeOfPermanentObjectPool:0]]
[2018.12.26-06.07.58:449][  0]LogConfig: Setting CVar [[gc.FlushStreamingOnGC:0]]
[2018.12.26-06.07.58:449][  0]LogConfig: Setting CVar [[gc.NumRetriesBeforeForcingGC:10]]
[2018.12.26-06.07.58:449][  0]LogConfig: Setting CVar [[gc.AllowParallelGC:1]]
[2018.12.26-06.07.58:449][  0]LogConfig: Setting CVar [[gc.TimeBetweenPurgingPendingKillObjects:61.1]]
[2018.12.26-06.07.58:449][  0]LogConfig: Setting CVar [[gc.MaxObjectsInEditor:8388607]]
[2018.12.26-06.07.58:449][  0]LogConfig: Setting CVar [[gc.IncrementalBeginDestroyEnabled:1]]
[2018.12.26-06.07.58:449][  0]LogConfig: Setting CVar [[gc.CreateGCClusters:1]]
[2018.12.26-06.07.58:449][  0]LogConfig: Setting CVar [[gc.MergeGCClusters:0]]
[2018.12.26-06.07.58:449][  0]LogConfig: Setting CVar [[gc.MinGCClusterSize:5]]
[2018.12.26-06.07.58:449][  0]LogConfig: Setting CVar [[gc.ActorClusteringEnabled:0]]
[2018.12.26-06.07.58:449][  0]LogConfig: Setting CVar [[gc.BlueprintClusteringEnabled:0]]
[2018.12.26-06.07.58:449][  0]LogConfig: Setting CVar [[gc.UseDisregardForGCOnDedicatedServers:0]]
[2018.12.26-06.07.58:449][  0]LogConfig: Applying CVar settings from Section [/Script/Engine.NetworkSettings] File [C:/Users/XxCMGxX/Documents/Unreal Projects/Crossy_Road/Saved/Config/Windows/Engine.ini]
[2018.12.26-06.07.58:449][  0]LogConfig: Applying CVar settings from Section [/Script/UnrealEd.CookerSettings] File [C:/Users/XxCMGxX/Documents/Unreal Projects/Crossy_Road/Saved/Config/Windows/Engine.ini]
[2018.12.26-06.07.58:454][  0]LogConfig: Applying CVar settings from Section [ViewDistanceQuality@3] File [C:/Users/XxCMGxX/Documents/Unreal Projects/Crossy_Road/Saved/Config/Windows/Scalability.ini]
[2018.12.26-06.07.58:454][  0]LogConfig: Setting CVar [[r.SkeletalMeshLODBias:0]]
[2018.12.26-06.07.58:454][  0]LogConfig: Setting CVar [[r.ViewDistanceScale:1.0]]
[2018.12.26-06.07.58:454][  0]LogConfig: Applying CVar settings from Section [AntiAliasingQuality@3] File [C:/Users/XxCMGxX/Documents/Unreal Projects/Crossy_Road/Saved/Config/Windows/Scalability.ini]
[2018.12.26-06.07.58:454][  0]LogConfig: Setting CVar [[r.PostProcessAAQuality:4]]
[2018.12.26-06.07.58:454][  0]LogConfig: Applying CVar settings from Section [ShadowQuality@3] File [C:/Users/XxCMGxX/Documents/Unreal Projects/Crossy_Road/Saved/Config/Windows/Scalability.ini]
[2018.12.26-06.07.58:454][  0]LogConfig: Setting CVar [[r.LightFunctionQuality:1]]
[2018.12.26-06.07.58:454][  0]LogConfig: Setting CVar [[r.ShadowQuality:5]]
[2018.12.26-06.07.58:454][  0]LogConfig: Setting CVar [[r.Shadow.CSM.MaxCascades:10]]
[2018.12.26-06.07.58:454][  0]LogConfig: Setting CVar [[r.Shadow.MaxResolution:2048]]
[2018.12.26-06.07.58:454][  0]LogConfig: Setting CVar [[r.Shadow.MaxCSMResolution:2048]]
[2018.12.26-06.07.58:454][  0]LogConfig: Setting CVar [[r.Shadow.RadiusThreshold:0.01]]
[2018.12.26-06.07.58:454][  0]LogConfig: Setting CVar [[r.Shadow.DistanceScale:1.0]]
[2018.12.26-06.07.58:454][  0]LogConfig: Setting CVar [[r.Shadow.CSM.TransitionScale:1.0]]
[2018.12.26-06.07.58:454][  0]LogConfig: Setting CVar [[r.Shadow.PreShadowResolutionFactor:1.0]]
[2018.12.26-06.07.58:454][  0]LogConfig: Setting CVar [[r.DistanceFieldShadowing:1]]
[2018.12.26-06.07.58:454][  0]LogConfig: Setting CVar [[r.DistanceFieldAO:1]]
[2018.12.26-06.07.58:454][  0]LogConfig: Setting CVar [[r.AOQuality:2]]
[2018.12.26-06.07.58:454][  0]LogConfig: Setting CVar [[r.VolumetricFog:1]]
[2018.12.26-06.07.58:454][  0]LogConfig: Setting CVar [[r.VolumetricFog.GridPixelSize:8]]
[2018.12.26-06.07.58:454][  0]LogConfig: Setting CVar [[r.VolumetricFog.GridSizeZ:128]]
[2018.12.26-06.07.58:454][  0]LogConfig: Setting CVar [[r.VolumetricFog.HistoryMissSupersampleCount:4]]
[2018.12.26-06.07.58:454][  0]LogConfig: Setting CVar [[r.LightMaxDrawDistanceScale:1]]
[2018.12.26-06.07.58:454][  0]LogConfig: Setting CVar [[r.CapsuleShadows:1]]
[2018.12.26-06.07.58:454][  0]LogConfig: Applying CVar settings from Section [PostProcessQuality@3] File [C:/Users/XxCMGxX/Documents/Unreal Projects/Crossy_Road/Saved/Config/Windows/Scalability.ini]
[2018.12.26-06.07.58:454][  0]LogConfig: Setting CVar [[r.MotionBlurQuality:4]]
[2018.12.26-06.07.58:454][  0]LogConfig: Setting CVar [[r.AmbientOcclusionMipLevelFactor:0.4]]
[2018.12.26-06.07.58:454][  0]LogConfig: Setting CVar [[r.AmbientOcclusionMaxQuality:100]]
[2018.12.26-06.07.58:454][  0]LogConfig: Setting CVar [[r.AmbientOcclusionLevels:-1]]
[2018.12.26-06.07.58:454][  0]LogConfig: Setting CVar [[r.AmbientOcclusionRadiusScale:1.0]]
[2018.12.26-06.07.58:454][  0]LogConfig: Setting CVar [[r.DepthOfFieldQuality:2]]
[2018.12.26-06.07.58:454][  0]LogConfig: Setting CVar [[r.RenderTargetPoolMin:400]]
[2018.12.26-06.07.58:454][  0]LogConfig: Setting CVar [[r.LensFlareQuality:2]]
[2018.12.26-06.07.58:454][  0]LogConfig: Setting CVar [[r.SceneColorFringeQuality:1]]
[2018.12.26-06.07.58:454][  0]LogConfig: Setting CVar [[r.EyeAdaptationQuality:2]]
[2018.12.26-06.07.58:454][  0]LogConfig: Setting CVar [[r.BloomQuality:5]]
[2018.12.26-06.07.58:454][  0]LogConfig: Setting CVar [[r.FastBlurThreshold:100]]
[2018.12.26-06.07.58:454][  0]LogConfig: Setting CVar [[r.Upscale.Quality:3]]
[2018.12.26-06.07.58:454][  0]LogConfig: Setting CVar [[r.Tonemapper.GrainQuantization:1]]
[2018.12.26-06.07.58:454][  0]LogConfig: Setting CVar [[r.LightShaftQuality:1]]
[2018.12.26-06.07.58:454][  0]LogConfig: Setting CVar [[r.Filter.SizeScale:1]]
[2018.12.26-06.07.58:454][  0]LogConfig: Setting CVar [[r.Tonemapper.Quality:5]]
[2018.12.26-06.07.58:454][  0]LogConfig: Setting CVar [[r.DOF.Gather.AccumulatorQuality:1        ; higher gathering accumulator quality]]
[2018.12.26-06.07.58:454][  0]LogConfig: Setting CVar [[r.DOF.Gather.PostfilterMethod:1          ; Median3x3 postfilering method]]
[2018.12.26-06.07.58:454][  0]LogConfig: Setting CVar [[r.DOF.Gather.EnableBokehSettings:0       ; no bokeh simulation when gathering]]
[2018.12.26-06.07.58:454][  0]LogConfig: Setting CVar [[r.DOF.Gather.RingCount:4                 ; medium number of samples when gathering]]
[2018.12.26-06.07.58:454][  0]LogConfig: Setting CVar [[r.DOF.Scatter.ForegroundCompositing:1    ; additive foreground scattering]]
[2018.12.26-06.07.58:454][  0]LogConfig: Setting CVar [[r.DOF.Scatter.BackgroundCompositing:2    ; additive background scattering]]
[2018.12.26-06.07.58:454][  0]LogConfig: Setting CVar [[r.DOF.Scatter.EnableBokehSettings:1      ; bokeh simulation when scattering]]
[2018.12.26-06.07.58:454][  0]LogConfig: Setting CVar [[r.DOF.Scatter.MaxSpriteRatio:0.1         ; only a maximum of 10% of scattered bokeh]]
[2018.12.26-06.07.58:454][  0]LogConfig: Setting CVar [[r.DOF.Recombine.Quality:1                ; cheap slight out of focus]]
[2018.12.26-06.07.58:454][  0]LogConfig: Setting CVar [[r.DOF.Recombine.EnableBokehSettings:0    ; no bokeh simulation on slight out of focus]]
[2018.12.26-06.07.58:454][  0]LogConfig: Setting CVar [[r.DOF.TemporalAAQuality:1                ; more stable temporal accumulation]]
[2018.12.26-06.07.58:454][  0]LogConfig: Setting CVar [[r.DOF.Kernel.MaxForegroundRadius:0.025]]
[2018.12.26-06.07.58:454][  0]LogConfig: Setting CVar [[r.DOF.Kernel.MaxBackgroundRadius:0.025]]
[2018.12.26-06.07.58:454][  0]LogConfig: Applying CVar settings from Section [TextureQuality@3] File [C:/Users/XxCMGxX/Documents/Unreal Projects/Crossy_Road/Saved/Config/Windows/Scalability.ini]
[2018.12.26-06.07.58:454][  0]LogConfig: Setting CVar [[r.Streaming.MipBias:0]]
[2018.12.26-06.07.58:454][  0]LogConfig: Setting CVar [[r.Streaming.AmortizeCPUToGPUCopy:0]]
[2018.12.26-06.07.58:454][  0]LogConfig: Setting CVar [[r.Streaming.MaxNumTexturesToStreamPerFrame:0]]
[2018.12.26-06.07.58:454][  0]LogConfig: Setting CVar [[r.Streaming.Boost:1]]
[2018.12.26-06.07.58:454][  0]LogConfig: Setting CVar [[r.MaxAnisotropy:8]]
[2018.12.26-06.07.58:454][  0]LogConfig: Setting CVar [[r.Streaming.LimitPoolSizeToVRAM:0]]
[2018.12.26-06.07.58:454][  0]LogConfig: Setting CVar [[r.Streaming.PoolSize:1000]]
[2018.12.26-06.07.58:454][  0]LogConfig: Setting CVar [[r.Streaming.MaxEffectiveScreenSize:0]]
[2018.12.26-06.07.58:455][  0]LogConfig: Applying CVar settings from Section [EffectsQuality@3] File [C:/Users/XxCMGxX/Documents/Unreal Projects/Crossy_Road/Saved/Config/Windows/Scalability.ini]
[2018.12.26-06.07.58:455][  0]LogConfig: Setting CVar [[r.TranslucencyLightingVolumeDim:64]]
[2018.12.26-06.07.58:455][  0]LogConfig: Setting CVar [[r.RefractionQuality:2]]
[2018.12.26-06.07.58:455][  0]LogConfig: Setting CVar [[r.SSR.Quality:3]]
[2018.12.26-06.07.58:455][  0]LogConfig: Setting CVar [[r.SceneColorFormat:4]]
[2018.12.26-06.07.58:455][  0]LogConfig: Setting CVar [[r.DetailMode:2]]
[2018.12.26-06.07.58:455][  0]LogConfig: Setting CVar [[r.TranslucencyVolumeBlur:1]]
[2018.12.26-06.07.58:455][  0]LogConfig: Setting CVar [[r.MaterialQualityLevel:1 ; High quality]]
[2018.12.26-06.07.58:455][  0]LogConfig: Setting CVar [[r.SSS.Scale:1]]
[2018.12.26-06.07.58:455][  0]LogConfig: Setting CVar [[r.SSS.SampleSet:2]]
[2018.12.26-06.07.58:455][  0]LogConfig: Setting CVar [[r.SSS.Quality:1]]
[2018.12.26-06.07.58:455][  0]LogConfig: Setting CVar [[r.SSS.HalfRes:1]]
[2018.12.26-06.07.58:455][  0]LogConfig: Setting CVar [[r.EmitterSpawnRateScale:1.0]]
[2018.12.26-06.07.58:455][  0]LogConfig: Setting CVar [[r.ParticleLightQuality:2]]
[2018.12.26-06.07.58:455][  0]LogConfig: Applying CVar settings from Section [FoliageQuality@3] File [C:/Users/XxCMGxX/Documents/Unreal Projects/Crossy_Road/Saved/Config/Windows/Scalability.ini]
[2018.12.26-06.07.58:455][  0]LogConfig: Setting CVar [[foliage.DensityScale:1.0]]
[2018.12.26-06.07.58:455][  0]LogConfig: Setting CVar [[grass.DensityScale:1.0]]
[2018.12.26-06.07.58:455][  0]LogInit: Selected Device Profile: [Windows]
[2018.12.26-06.07.58:455][  0]LogInit: Applying CVar settings loaded from the selected device profile: [Windows]
[2018.12.26-06.07.58:466][  0]LogHAL: Display: Platform has ~ 8 GB [8467202048 / 8589934592 / 8], which maps to Default [LargestMinGB=32, LargerMinGB=12, DefaultMinGB=8, SmallerMinGB=6, SmallestMinGB=0)
[2018.12.26-06.07.58:466][  0]LogConfig: Setting CVar [[r.Vulkan.UseRealUBs:1]]
[2018.12.26-06.07.58:466][  0]LogInit: Going up to parent DeviceProfile []
[2018.12.26-06.07.58:466][  0]LogConfig: Applying CVar settings from Section [ViewDistanceQuality@3] File [C:/Users/XxCMGxX/Documents/Unreal Projects/Crossy_Road/Saved/Config/Windows/Scalability.ini]
[2018.12.26-06.07.58:466][  0]LogConfig: Setting CVar [[r.SkeletalMeshLODBias:0]]
[2018.12.26-06.07.58:466][  0]LogConfig: Setting CVar [[r.ViewDistanceScale:1.0]]
[2018.12.26-06.07.58:466][  0]LogConfig: Applying CVar settings from Section [AntiAliasingQuality@3] File [C:/Users/XxCMGxX/Documents/Unreal Projects/Crossy_Road/Saved/Config/Windows/Scalability.ini]
[2018.12.26-06.07.58:466][  0]LogConfig: Setting CVar [[r.PostProcessAAQuality:4]]
[2018.12.26-06.07.58:466][  0]LogConfig: Applying CVar settings from Section [ShadowQuality@3] File [C:/Users/XxCMGxX/Documents/Unreal Projects/Crossy_Road/Saved/Config/Windows/Scalability.ini]
[2018.12.26-06.07.58:466][  0]LogConfig: Setting CVar [[r.LightFunctionQuality:1]]
[2018.12.26-06.07.58:466][  0]LogConfig: Setting CVar [[r.ShadowQuality:5]]
[2018.12.26-06.07.58:466][  0]LogConfig: Setting CVar [[r.Shadow.CSM.MaxCascades:10]]
[2018.12.26-06.07.58:466][  0]LogConfig: Setting CVar [[r.Shadow.MaxResolution:2048]]
[2018.12.26-06.07.58:466][  0]LogConfig: Setting CVar [[r.Shadow.MaxCSMResolution:2048]]
[2018.12.26-06.07.58:466][  0]LogConfig: Setting CVar [[r.Shadow.RadiusThreshold:0.01]]
[2018.12.26-06.07.58:466][  0]LogConfig: Setting CVar [[r.Shadow.DistanceScale:1.0]]
[2018.12.26-06.07.58:466][  0]LogConfig: Setting CVar [[r.Shadow.CSM.TransitionScale:1.0]]
[2018.12.26-06.07.58:466][  0]LogConfig: Setting CVar [[r.Shadow.PreShadowResolutionFactor:1.0]]
[2018.12.26-06.07.58:466][  0]LogConfig: Setting CVar [[r.DistanceFieldShadowing:1]]
[2018.12.26-06.07.58:466][  0]LogConfig: Setting CVar [[r.DistanceFieldAO:1]]
[2018.12.26-06.07.58:466][  0]LogConfig: Setting CVar [[r.AOQuality:2]]
[2018.12.26-06.07.58:466][  0]LogConfig: Setting CVar [[r.VolumetricFog:1]]
[2018.12.26-06.07.58:466][  0]LogConfig: Setting CVar [[r.VolumetricFog.GridPixelSize:8]]
[2018.12.26-06.07.58:466][  0]LogConfig: Setting CVar [[r.VolumetricFog.GridSizeZ:128]]
[2018.12.26-06.07.58:466][  0]LogConfig: Setting CVar [[r.VolumetricFog.HistoryMissSupersampleCount:4]]
[2018.12.26-06.07.58:466][  0]LogConfig: Setting CVar [[r.LightMaxDrawDistanceScale:1]]
[2018.12.26-06.07.58:466][  0]LogConfig: Setting CVar [[r.CapsuleShadows:1]]
[2018.12.26-06.07.58:466][  0]LogConfig: Applying CVar settings from Section [PostProcessQuality@3] File [C:/Users/XxCMGxX/Documents/Unreal Projects/Crossy_Road/Saved/Config/Windows/Scalability.ini]
[2018.12.26-06.07.58:466][  0]LogConfig: Setting CVar [[r.MotionBlurQuality:4]]
[2018.12.26-06.07.58:466][  0]LogConfig: Setting CVar [[r.AmbientOcclusionMipLevelFactor:0.4]]
[2018.12.26-06.07.58:466][  0]LogConfig: Setting CVar [[r.AmbientOcclusionMaxQuality:100]]
[2018.12.26-06.07.58:466][  0]LogConfig: Setting CVar [[r.AmbientOcclusionLevels:-1]]
[2018.12.26-06.07.58:466][  0]LogConfig: Setting CVar [[r.AmbientOcclusionRadiusScale:1.0]]
[2018.12.26-06.07.58:466][  0]LogConfig: Setting CVar [[r.DepthOfFieldQuality:2]]
[2018.12.26-06.07.58:466][  0]LogConfig: Setting CVar [[r.RenderTargetPoolMin:400]]
[2018.12.26-06.07.58:466][  0]LogConfig: Setting CVar [[r.LensFlareQuality:2]]
[2018.12.26-06.07.58:466][  0]LogConfig: Setting CVar [[r.SceneColorFringeQuality:1]]
[2018.12.26-06.07.58:466][  0]LogConfig: Setting CVar [[r.EyeAdaptationQuality:2]]
[2018.12.26-06.07.58:466][  0]LogConfig: Setting CVar [[r.BloomQuality:5]]
[2018.12.26-06.07.58:466][  0]LogConfig: Setting CVar [[r.FastBlurThreshold:100]]
[2018.12.26-06.07.58:466][  0]LogConfig: Setting CVar [[r.Upscale.Quality:3]]
[2018.12.26-06.07.58:466][  0]LogConfig: Setting CVar [[r.Tonemapper.GrainQuantization:1]]
[2018.12.26-06.07.58:466][  0]LogConfig: Setting CVar [[r.LightShaftQuality:1]]
[2018.12.26-06.07.58:466][  0]LogConfig: Setting CVar [[r.Filter.SizeScale:1]]
[2018.12.26-06.07.58:466][  0]LogConfig: Setting CVar [[r.Tonemapper.Quality:5]]
[2018.12.26-06.07.58:466][  0]LogConfig: Setting CVar [[r.DOF.Gather.AccumulatorQuality:1        ; higher gathering accumulator quality]]
[2018.12.26-06.07.58:466][  0]LogConfig: Setting CVar [[r.DOF.Gather.PostfilterMethod:1          ; Median3x3 postfilering method]]
[2018.12.26-06.07.58:466][  0]LogConfig: Setting CVar [[r.DOF.Gather.EnableBokehSettings:0       ; no bokeh simulation when gathering]]
[2018.12.26-06.07.58:467][  0]LogConfig: Setting CVar [[r.DOF.Gather.RingCount:4                 ; medium number of samples when gathering]]
[2018.12.26-06.07.58:467][  0]LogConfig: Setting CVar [[r.DOF.Scatter.ForegroundCompositing:1    ; additive foreground scattering]]
[2018.12.26-06.07.58:467][  0]LogConfig: Setting CVar [[r.DOF.Scatter.BackgroundCompositing:2    ; additive background scattering]]
[2018.12.26-06.07.58:467][  0]LogConfig: Setting CVar [[r.DOF.Scatter.EnableBokehSettings:1      ; bokeh simulation when scattering]]
[2018.12.26-06.07.58:467][  0]LogConfig: Setting CVar [[r.DOF.Scatter.MaxSpriteRatio:0.1         ; only a maximum of 10% of scattered bokeh]]
[2018.12.26-06.07.58:467][  0]LogConfig: Setting CVar [[r.DOF.Recombine.Quality:1                ; cheap slight out of focus]]
[2018.12.26-06.07.58:467][  0]LogConfig: Setting CVar [[r.DOF.Recombine.EnableBokehSettings:0    ; no bokeh simulation on slight out of focus]]
[2018.12.26-06.07.58:467][  0]LogConfig: Setting CVar [[r.DOF.TemporalAAQuality:1                ; more stable temporal accumulation]]
[2018.12.26-06.07.58:467][  0]LogConfig: Setting CVar [[r.DOF.Kernel.MaxForegroundRadius:0.025]]
[2018.12.26-06.07.58:467][  0]LogConfig: Setting CVar [[r.DOF.Kernel.MaxBackgroundRadius:0.025]]
[2018.12.26-06.07.58:467][  0]LogConfig: Applying CVar settings from Section [TextureQuality@3] File [C:/Users/XxCMGxX/Documents/Unreal Projects/Crossy_Road/Saved/Config/Windows/Scalability.ini]
[2018.12.26-06.07.58:467][  0]LogConfig: Setting CVar [[r.Streaming.MipBias:0]]
[2018.12.26-06.07.58:467][  0]LogConfig: Setting CVar [[r.Streaming.AmortizeCPUToGPUCopy:0]]
[2018.12.26-06.07.58:467][  0]LogConfig: Setting CVar [[r.Streaming.MaxNumTexturesToStreamPerFrame:0]]
[2018.12.26-06.07.58:467][  0]LogConfig: Setting CVar [[r.Streaming.Boost:1]]
[2018.12.26-06.07.58:467][  0]LogConfig: Setting CVar [[r.MaxAnisotropy:8]]
[2018.12.26-06.07.58:467][  0]LogConfig: Setting CVar [[r.Streaming.LimitPoolSizeToVRAM:0]]
[2018.12.26-06.07.58:467][  0]LogConfig: Setting CVar [[r.Streaming.PoolSize:1000]]
[2018.12.26-06.07.58:467][  0]LogConfig: Setting CVar [[r.Streaming.MaxEffectiveScreenSize:0]]
[2018.12.26-06.07.58:467][  0]LogConfig: Applying CVar settings from Section [EffectsQuality@3] File [C:/Users/XxCMGxX/Documents/Unreal Projects/Crossy_Road/Saved/Config/Windows/Scalability.ini]
[2018.12.26-06.07.58:467][  0]LogConfig: Setting CVar [[r.TranslucencyLightingVolumeDim:64]]
[2018.12.26-06.07.58:467][  0]LogConfig: Setting CVar [[r.RefractionQuality:2]]
[2018.12.26-06.07.58:467][  0]LogConfig: Setting CVar [[r.SSR.Quality:3]]
[2018.12.26-06.07.58:467][  0]LogConfig: Setting CVar [[r.SceneColorFormat:4]]
[2018.12.26-06.07.58:467][  0]LogConfig: Setting CVar [[r.DetailMode:2]]
[2018.12.26-06.07.58:467][  0]LogConfig: Setting CVar [[r.TranslucencyVolumeBlur:1]]
[2018.12.26-06.07.58:467][  0]LogConfig: Setting CVar [[r.MaterialQualityLevel:1 ; High quality]]
[2018.12.26-06.07.58:467][  0]LogConfig: Setting CVar [[r.SSS.Scale:1]]
[2018.12.26-06.07.58:467][  0]LogConfig: Setting CVar [[r.SSS.SampleSet:2]]
[2018.12.26-06.07.58:467][  0]LogConfig: Setting CVar [[r.SSS.Quality:1]]
[2018.12.26-06.07.58:467][  0]LogConfig: Setting CVar [[r.SSS.HalfRes:1]]
[2018.12.26-06.07.58:467][  0]LogConfig: Setting CVar [[r.EmitterSpawnRateScale:1.0]]
[2018.12.26-06.07.58:467][  0]LogConfig: Setting CVar [[r.ParticleLightQuality:2]]
[2018.12.26-06.07.58:467][  0]LogConfig: Applying CVar settings from Section [FoliageQuality@3] File [C:/Users/XxCMGxX/Documents/Unreal Projects/Crossy_Road/Saved/Config/Windows/Scalability.ini]
[2018.12.26-06.07.58:467][  0]LogConfig: Setting CVar [[foliage.DensityScale:1.0]]
[2018.12.26-06.07.58:467][  0]LogConfig: Setting CVar [[grass.DensityScale:1.0]]
[2018.12.26-06.07.58:467][  0]LogConfig: Applying CVar settings from Section [Startup] File [../../../Engine/Config/ConsoleVariables.ini]
[2018.12.26-06.07.58:467][  0]LogConfig: Setting CVar [[net.UseAdaptiveNetUpdateFrequency:0]]
[2018.12.26-06.07.58:467][  0]LogConfig: Applying CVar settings from Section [ConsoleVariables] File [C:/Users/XxCMGxX/Documents/Unreal Projects/Crossy_Road/Saved/Config/Windows/Engine.ini]
[2018.12.26-06.07.58:467][  0]LogInit: Computer: VERMILION
[2018.12.26-06.07.58:467][  0]LogInit: User: XxCMGxX
[2018.12.26-06.07.58:467][  0]LogInit: CPU Page size=4096, Cores=4
[2018.12.26-06.07.58:467][  0]LogInit: High frequency timer resolution =2.435776 MHz
[2018.12.26-06.07.58:468][  0]LogMemory: Memory total: Physical=7.9GB (8GB approx)
[2018.12.26-06.07.58:468][  0]LogMemory: Platform Memory Stats for Windows
[2018.12.26-06.07.58:468][  0]LogMemory: Process Physical Memory: 101.25 MB used, 101.25 MB peak
[2018.12.26-06.07.58:468][  0]LogMemory: Process Virtual Memory: 93.12 MB used, 93.12 MB peak
[2018.12.26-06.07.58:468][  0]LogMemory: Physical Memory: 4640.73 MB used,  3434.23 MB free, 8074.95 MB total
[2018.12.26-06.07.58:468][  0]LogMemory: Virtual Memory: 498.76 MB used,  134217232.00 MB free, 134217728.00 MB total
[2018.12.26-06.07.58:671][  0]LogInit: Using OS detected language (en-US).
[2018.12.26-06.07.58:671][  0]LogInit: Using OS detected locale (en-US).
[2018.12.26-06.07.58:672][  0]LogTextLocalizationManager: No specific localization for 'en-US' exists, so the 'en' localization will be used.
[2018.12.26-06.07.59:159][  0]LogStreaming: Display: Took  0.488s to InitEngineTextLocalization.
[2018.12.26-06.07.59:160][  0]LogInit: Setting process to per monitor DPI aware
[2018.12.26-06.07.59:190][  0]LogSlate: New Slate User Created.  User Index 0, Is Virtual User: 0
[2018.12.26-06.07.59:190][  0]LogSlate: Slate User Registered.  User Index 0, Is Virtual User: 0
[2018.12.26-06.07.59:428][  0]LogD3D11RHI: D3D11 adapters:
[2018.12.26-06.07.59:452][  0]LogD3D11RHI:    0. 'NVIDIA GeForce GTX 860M' (Feature Level 11_0)
[2018.12.26-06.07.59:452][  0]LogD3D11RHI:       1991/0/2048 MB DedicatedVideo/DedicatedSystem/SharedSystem, Outputs:2, VendorId:0x10de
[2018.12.26-06.07.59:458][  0]LogD3D11RHI:    1. 'Intel(R) HD Graphics 4600' (Feature Level 11_0)
[2018.12.26-06.07.59:458][  0]LogD3D11RHI:       32/0/1760 MB DedicatedVideo/DedicatedSystem/SharedSystem, Outputs:0, VendorId:0x8086
[2018.12.26-06.07.59:459][  0]LogD3D11RHI:    2. 'Microsoft Basic Render Driver' (Feature Level 11_0)
[2018.12.26-06.07.59:460][  0]LogD3D11RHI:       0/0/256 MB DedicatedVideo/DedicatedSystem/SharedSystem, Outputs:0, VendorId:0x1414
[2018.12.26-06.07.59:460][  0]LogD3D11RHI: Chosen D3D11 Adapter: 0
[2018.12.26-06.07.59:466][  0]LogD3D11RHI: Creating new Direct3DDevice
[2018.12.26-06.07.59:466][  0]LogD3D11RHI:     GPU DeviceId: 0x1392 (for the marketing name, search the web for "GPU Device Id")
[2018.12.26-06.07.59:466][  0]LogWindows: EnumDisplayDevices:
[2018.12.26-06.07.59:467][  0]LogWindows:    0. 'Intel(R) HD Graphics 4600' (P:1 D:1)
[2018.12.26-06.07.59:467][  0]LogWindows:    1. 'Intel(R) HD Graphics 4600' (P:0 D:1)
[2018.12.26-06.07.59:467][  0]LogWindows:    2. 'Intel(R) HD Graphics 4600' (P:0 D:0)
[2018.12.26-06.07.59:467][  0]LogWindows: DebugString: PrimaryIsNotTheChoosenAdapter PrimaryIsNotTheChoosenAdapter PrimaryIsNotTheChoosenAdapter FoundDriverCount:0 
[2018.12.26-06.07.59:467][  0]LogD3D11RHI:     Adapter Name: NVIDIA GeForce GTX 860M
[2018.12.26-06.07.59:467][  0]LogD3D11RHI:   Driver Version: Unknown (internal:Unknown, unified:Unknown)
[2018.12.26-06.07.59:467][  0]LogD3D11RHI:      Driver Date: Unknown
[2018.12.26-06.07.59:467][  0]LogRHI: Texture pool is 1394 MB (70% of 1991 MB)
[2018.12.26-06.07.59:483][  0]LogD3D11RHI: Async texture creation enabled
[2018.12.26-06.07.59:501][  0]LogD3D11RHI: GPU Timing Frequency: 1000.000000 (Debug: 2 2)
[2018.12.26-06.08.00:392][  0]LogTemp: Display: Loaded TP AllDesktopTargetPlatform
[2018.12.26-06.08.00:411][  0]LogTemp: Display: Loaded TP MacClientTargetPlatform
[2018.12.26-06.08.00:424][  0]LogTemp: Display: Loaded TP MacNoEditorTargetPlatform
[2018.12.26-06.08.00:442][  0]LogTemp: Display: Loaded TP MacServerTargetPlatform
[2018.12.26-06.08.00:457][  0]LogTemp: Display: Loaded TP MacTargetPlatform
[2018.12.26-06.08.00:473][  0]LogTemp: Display: Loaded TP WindowsClientTargetPlatform
[2018.12.26-06.08.00:491][  0]LogTemp: Display: Loaded TP WindowsNoEditorTargetPlatform
[2018.12.26-06.08.00:506][  0]LogTemp: Display: Loaded TP WindowsServerTargetPlatform
[2018.12.26-06.08.00:514][  0]LogTemp: Display: Loaded TP WindowsTargetPlatform
[2018.12.26-06.08.00:617][  0]LogTemp: Display: Loaded TP AndroidTargetPlatform
[2018.12.26-06.08.00:617][  0]LogTemp: Display: Loaded TP AndroidTargetPlatform
[2018.12.26-06.08.00:617][  0]LogTemp: Display: Loaded TP AndroidTargetPlatform
[2018.12.26-06.08.00:617][  0]LogTemp: Display: Loaded TP AndroidTargetPlatform
[2018.12.26-06.08.00:617][  0]LogTemp: Display: Loaded TP AndroidTargetPlatform
[2018.12.26-06.08.00:617][  0]LogTemp: Display: Loaded TP AndroidTargetPlatform
[2018.12.26-06.08.00:617][  0]LogTemp: Display: Loaded TP AndroidTargetPlatform
[2018.12.26-06.08.00:617][  0]LogTemp: Display: Loaded TP AndroidTargetPlatform
[2018.12.26-06.08.00:617][  0]LogTemp: Display: Loaded TP AndroidTargetPlatform
[2018.12.26-06.08.00:617][  0]LogTemp: Display: Loaded TP AndroidTargetPlatform
[2018.12.26-06.08.00:617][  0]LogTemp: Display: Loaded TP AndroidTargetPlatform
[2018.12.26-06.08.00:617][  0]LogTemp: Display: Loaded TP AndroidTargetPlatform
[2018.12.26-06.08.00:617][  0]LogTemp: Display: Loaded TP AndroidTargetPlatform
[2018.12.26-06.08.00:617][  0]LogTemp: Display: Loaded TP AndroidTargetPlatform
[2018.12.26-06.08.00:617][  0]LogTemp: Display: Loaded TP AndroidTargetPlatform
[2018.12.26-06.08.00:617][  0]LogTemp: Display: Loaded TP AndroidTargetPlatform
[2018.12.26-06.08.00:617][  0]LogTemp: Display: Loaded TP AndroidTargetPlatform
[2018.12.26-06.08.00:617][  0]LogTemp: Display: Loaded TP AndroidTargetPlatform
[2018.12.26-06.08.00:619][  0]LogTemp: Display: Loaded TP HTML5TargetPlatform
[2018.12.26-06.08.00:686][  0]LogTemp: Display: Loaded TP IOSTargetPlatform
[2018.12.26-06.08.00:686][  0]LogTemp: Display: Loaded TP IOSTargetPlatform
[2018.12.26-06.08.00:715][  0]LogTemp: Display: Loaded TP TVOSTargetPlatform
[2018.12.26-06.08.00:715][  0]LogTemp: Display: Loaded TP TVOSTargetPlatform
[2018.12.26-06.08.00:731][  0]LogTemp: Display: Loaded TP LinuxClientTargetPlatform
[2018.12.26-06.08.00:748][  0]LogTemp: Display: Loaded TP LinuxNoEditorTargetPlatform
[2018.12.26-06.08.00:769][  0]LogTemp: Display: Loaded TP LinuxServerTargetPlatform
[2018.12.26-06.08.00:826][  0]LogTemp: Display: Loaded TP LinuxTargetPlatform
[2018.12.26-06.08.00:903][  0]LogTemp: Display: Loaded TP LuminTargetPlatform
[2018.12.26-06.08.00:903][  0]LogTemp: Display: Loaded TP LuminTargetPlatform
[2018.12.26-06.08.00:903][  0]LogTargetPlatformManager: Display: Building Assets For Windows
[2018.12.26-06.08.01:238][  0]LogShaderCompilers: Guid format shader working directory is -21 characters bigger than the processId version (../../../../../../Users/XxCMGxX/Documents/Unreal Projects/Crossy_Road/Intermediate/Shaders/WorkingDirectory/2580/).
[2018.12.26-06.08.01:238][  0]LogShaderCompilers: Cleaned the shader compiler working directory 'C:/Users/XxCMGxX/AppData/Local/Temp/UnrealShaderWorkingDir/30AF0B0D410F6150E4AE55A693D5CC10/'.
[2018.12.26-06.08.01:254][  0]LogXGEController: Cleaning working directory: C:/Users/XxCMGxX/AppData/Local/Temp/UnrealXGEWorkingDir/
[2018.12.26-06.08.01:255][  0]LogXGEController: Cannot use XGE Controller as Incredibuild is not installed on this machine.
[2018.12.26-06.08.01:255][  0]LogShaderCompilers: Cannot use XGE Shader Compiler as Incredibuild is not installed on this machine.
[2018.12.26-06.08.01:255][  0]LogShaderCompilers: Display: Using Local Shader Compiler.
[2018.12.26-06.08.02:316][  0]LogDerivedDataCache: Display: Max Cache Size: 512 MB
[2018.12.26-06.08.03:599][  0]LogDerivedDataCache: Loaded boot cache 1.28s 71MB C:/Users/XxCMGxX/AppData/Local/UnrealEngine/4.21/DerivedDataCache/Boot.ddc.
[2018.12.26-06.08.03:600][  0]LogDerivedDataCache: Display: Loaded Boot cache: C:/Users/XxCMGxX/AppData/Local/UnrealEngine/4.21/DerivedDataCache/Boot.ddc
[2018.12.26-06.08.03:600][  0]LogDerivedDataCache: FDerivedDataBackendGraph:  Pak pak cache file ../../../../../../Users/XxCMGxX/Documents/Unreal Projects/Crossy_Road/DerivedDataCache/DDC.ddp not found, will not use a pak cache.
[2018.12.26-06.08.03:600][  0]LogDerivedDataCache: Unable to find inner node Pak for hierarchical cache Hierarchy.
[2018.12.26-06.08.03:600][  0]LogDerivedDataCache: FDerivedDataBackendGraph:  CompressedPak pak cache file ../../../../../../Users/XxCMGxX/Documents/Unreal Projects/Crossy_Road/DerivedDataCache/Compressed.ddp not found, will not use a pak cache.
[2018.12.26-06.08.03:600][  0]LogDerivedDataCache: Unable to find inner node CompressedPak for hierarchical cache Hierarchy.
[2018.12.26-06.08.03:715][  0]LogDerivedDataCache: Display: Pak cache opened for reading ../../../Engine/DerivedDataCache/Compressed.ddp.
[2018.12.26-06.08.03:719][  0]LogDerivedDataCache: Display: Pak cache opened for reading ../../../Enterprise/DerivedDataCache/Compressed.ddp.
[2018.12.26-06.08.03:732][  0]LogDerivedDataCache: Using Local data cache path C:/Users/XxCMGxX/AppData/Local/UnrealEngine/Common/DerivedDataCache: Writable
[2018.12.26-06.08.03:732][  0]LogDerivedDataCache: Shared data cache path not found in *engine.ini, will not use an Shared cache.
[2018.12.26-06.08.03:732][  0]LogDerivedDataCache: Unable to find inner node Shared for hierarchical cache Hierarchy.
[2018.12.26-06.08.03:760][  0]LogMaterial: Verifying Global Shaders for PCD3D_SM5
[2018.12.26-06.08.03:761][  0]LogSlate: Using FreeType 2.6.0
[2018.12.26-06.08.03:762][  0]LogSlate: SlateFontServices - WITH_FREETYPE: 1, WITH_HARFBUZZ: 1
[2018.12.26-06.08.04:169][  0]LogAssetRegistry: FAssetRegistry took 0.0349 seconds to start up
[2018.12.26-06.08.04:550][  0]LogInit: Selected Device Profile: [Windows]
[2018.12.26-06.08.04:999][  0]LogSimplygon: Simplygon DLL not present - disabling.
[2018.12.26-06.08.05:047][  0]LogMeshReduction: Using SimplygonSwarm for distributed automatic mesh merging
[2018.12.26-06.08.05:047][  0]LogMeshReduction: Using ProxyLODMeshReduction for automatic mesh merging
[2018.12.26-06.08.05:047][  0]LogMeshReduction: Using QuadricMeshReduction for automatic static mesh reduction
[2018.12.26-06.08.05:047][  0]LogMeshReduction: No automatic skeletal mesh reduction module available
[2018.12.26-06.08.05:163][  0]LogNetVersion: Crossy_Road 1.0.0, NetCL: 4541578, EngineNetVer: 5, GameNetVer: 0 (Checksum: 761332532)
[2018.12.26-06.08.05:996][  0]LogPackageLocalizationCache: Processed 13 localized package path(s) for 2 prioritized culture(s) in 0.231105 seconds
[2018.12.26-06.08.06:003][  0]LogUObjectArray: 39550 objects as part of root set at end of initial load.
[2018.12.26-06.08.06:003][  0]LogUObjectAllocator: 6877128 out of 0 bytes used by permanent object pool.
[2018.12.26-06.08.06:003][  0]LogUObjectArray: CloseDisregardForGC: 0/0 objects in disregard for GC pool
[2018.12.26-06.08.25:940][  0]LogTcpMessaging: Initializing TcpMessaging bridge
[2018.12.26-06.08.26:325][  0]LogUdpMessaging: Initializing bridge on interface 0.0.0.0:0 to multicast group 230.0.0.1:6666.
[2018.12.26-06.08.27:549][  0]SourceControl: Source control is disabled
[2018.12.26-06.08.27:549][  0]SourceControl: Source control is disabled
[2018.12.26-06.08.27:566][  0]SourceControl: Source control is disabled
[2018.12.26-06.08.27:566][  0]SourceControl: Source control is disabled
[2018.12.26-06.08.28:327][  0]LogAndroidPermission: UAndroidPermissionCallbackProxy::GetInstance
[2018.12.26-06.08.28:462][  0]LogOcInput: OculusInput pre-init called
[2018.12.26-06.08.30:721][  0]LogEngine: Initializing Engine...
[2018.12.26-06.08.30:723][  0]LogStats: UGameplayTagsManager::ConstructGameplayTagTree: ImportINI prefixes -  0.000 s
[2018.12.26-06.08.30:723][  0]LogStats: UGameplayTagsManager::ConstructGameplayTagTree: Construct from data asset -  0.000 s
[2018.12.26-06.08.30:724][  0]LogStats: UGameplayTagsManager::ConstructGameplayTagTree: ImportINI -  0.000 s
[2018.12.26-06.08.30:724][  0]LogStats: UGameplayTagsManager::ConstructGameplayTagTree: GameplayTagTreeChangedEvent.Broadcast -  0.000 s
[2018.12.26-06.08.31:027][  0]LogInit: Initializing FReadOnlyCVARCache
[2018.12.26-06.08.31:106][  0]LogAIModule: Creating AISystem for world Untitled
[2018.12.26-06.08.31:126][  0]LogInit: XAudio2 using 'Speakers (Realtek High Definition Audio)' : 2 channels at 48 kHz using 32 bits per sample (channel mask 0x3)
[2018.12.26-06.08.31:135][  0]LogInit: FAudioDevice initialized.
[2018.12.26-06.08.31:136][  0]LogNetVersion: Set ProjectVersion to 1.0.0.0. Version Checksum will be recalculated on next use.
[2018.12.26-06.08.31:792][  0]LogDerivedDataCache: Saved boot cache 0.66s 71MB C:/Users/XxCMGxX/AppData/Local/UnrealEngine/4.21/DerivedDataCache/Boot.ddc.
[2018.12.26-06.08.31:799][  0]LogInit: Texture streaming: Enabled
[2018.12.26-06.08.31:901][  0]LogEngineSessionManager: EngineSessionManager initialized
[2018.12.26-06.08.31:919][  0]LogEngineSessionManager: EngineSessionManager sent abnormal shutdown report. Type=Crashed, SessionId={BF61B47D-48A7-190C-5F8E-B592B68DCD2F}
[2018.12.26-06.08.31:980][  0]LogInit: Transaction tracking system initialized
[2018.12.26-06.08.32:208][  0]BlueprintLog: New page: Editor Load
[2018.12.26-06.08.33:760][  0]LocalizationService: Localization service is disabled
[2018.12.26-06.08.35:388][  0]LogFileCache: Scanning file cache for directory 'C:/Users/XxCMGxX/Documents/Unreal Projects/Crossy_Road/Content/' took 0.04s
[2018.12.26-06.08.35:388][  0]LogCook: Display: Max memory allowance for cook 16384mb min free memory 0mb
[2018.12.26-06.08.35:388][  0]LogCook: Display: Mobile HDR setting 1
[2018.12.26-06.08.35:388][  0]LogGameplayTags: Display: UGameplayTagsManager::DoneAddingNativeTags. DelegateIsBound: 0
[2018.12.26-06.08.35:388][  0]LogStats: UGameplayTagsManager::ConstructGameplayTagTree: ImportINI prefixes -  0.000 s
[2018.12.26-06.08.35:388][  0]LogStats: UGameplayTagsManager::ConstructGameplayTagTree: Construct from data asset -  0.000 s
[2018.12.26-06.08.35:388][  0]LogStats: UGameplayTagsManager::ConstructGameplayTagTree: ImportINI -  0.000 s
[2018.12.26-06.08.35:388][  0]LogStats: UGameplayTagsManager::ConstructGameplayTagTree: GameplayTagTreeChangedEvent.Broadcast -  0.000 s
[2018.12.26-06.08.39:627][  0]SourceControl: Source control is disabled
[2018.12.26-06.08.39:727][  0]LogSlate: Took 0.000184 seconds to synchronously load lazily loaded font '../../../Engine/Content/Slate/Fonts/Roboto-Regular.ttf' (155K)
[2018.12.26-06.08.47:802][  0]LogSlate: Window 'Restore Packages' being destroyed
[2018.12.26-06.08.47:803][  0]LogWindowsTextInputMethodSystem: Display: IME system now deactivated.
[2018.12.26-06.08.47:844][  0]LogWindowsTextInputMethodSystem: Display: IME system now deactivated.
[2018.12.26-06.08.50:407][  0]LogSlate: Window 'Unable to Check Out From Source Control!' being destroyed
[2018.12.26-06.08.50:407][  0]LogWindowsTextInputMethodSystem: Display: IME system now deactivated.
[2018.12.26-06.08.50:451][  0]LogWindowsTextInputMethodSystem: Display: IME system now deactivated.
[2018.12.26-06.08.50:451][  0]Cmd: MAP LOAD FILE="../../../Engine/Content/Maps/Templates/Template_Default.umap" TEMPLATE=1 SHOWPROGRESS=1 FEATURELEVEL=3
[2018.12.26-06.08.50:883][  0]LightingResults: New page: Lighting Build
[2018.12.26-06.08.51:165][  0]MapCheck: New page: Map Check
[2018.12.26-06.08.51:166][  0]LightingResults: New page: Lighting Build
[2018.12.26-06.08.52:095][  0]LogAIModule: Creating AISystem for world Untitled_1
[2018.12.26-06.08.52:105][  0]LogEditorServer: Finished looking for orphan Actors (0.000 secs)
[2018.12.26-06.08.52:134][  0]Cmd: MAP CHECKDEP NOCLEARLOG
[2018.12.26-06.08.52:134][  0]MapCheck: Map check complete: 0 Error(s), 0 Warning(s), took 0.161ms to complete.
[2018.12.26-06.08.52:134][  0]LogFileHelpers: Loading map 'Template_Default' took 1.683
[2018.12.26-06.08.52:454][  0]LogSlate: Updating window title bar state: overlay mode, drag disabled, window buttons hidden, title bar hidden
[2018.12.26-06.08.52:464][  0]LogSlate: Updating window title bar state: overlay mode, drag disabled, window buttons hidden, title bar hidden
[2018.12.26-06.08.52:472][  0]LogSlate: Updating window title bar state: overlay mode, drag disabled, window buttons hidden, title bar hidden
[2018.12.26-06.08.52:483][  0]LogSlate: Updating window title bar state: overlay mode, drag disabled, window buttons hidden, title bar hidden
[2018.12.26-06.08.52:649][  0]LogCollectionManager: Loaded 0 collections in 0.001414 seconds
[2018.12.26-06.08.52:779][  0]LogFileCache: Scanning file cache for directory 'C:/Users/XxCMGxX/Documents/Unreal Projects/Crossy_Road/Saved/Collections/' took 0.01s
[2018.12.26-06.08.52:779][  0]LogFileCache: Scanning file cache for directory 'C:/Users/XxCMGxX/Documents/Unreal Projects/Crossy_Road/Content/Developers/XxCMGxX/Collections/' took 0.01s
[2018.12.26-06.08.52:779][  0]LogFileCache: Scanning file cache for directory 'C:/Users/XxCMGxX/Documents/Unreal Projects/Crossy_Road/Content/Collections/' took 0.01s
[2018.12.26-06.08.52:779][  0]LogCollectionManager: Rebuilt the GUID cache for 0 collections in 0.000000 seconds
[2018.12.26-06.08.52:790][  0]LogContentBrowser: Native class hierarchy populated in 0.0109 seconds. Added 2706 classes and 648 folders.
[2018.12.26-06.08.52:882][  0]LogContentBrowser: Native class hierarchy updated for 'WidgetCarousel' in 0.0003 seconds. Added 0 classes and 0 folders.
[2018.12.26-06.08.52:926][  0]LogPakFile: Registered encryption key '00000000000000000000000000000000': 0 pak files mounted, 0 remain pending
[2018.12.26-06.08.52:991][  0]LogPakFile: Registered encryption key '00000000000000000000000000000000': 0 pak files mounted, 0 remain pending
[2018.12.26-06.08.53:090][  0]LogPakFile: Registered encryption key '00000000000000000000000000000000': 0 pak files mounted, 0 remain pending
[2018.12.26-06.08.53:148][  0]LogPakFile: Registered encryption key '00000000000000000000000000000000': 0 pak files mounted, 0 remain pending
[2018.12.26-06.08.53:234][  0]LogPakFile: Registered encryption key '00000000000000000000000000000000': 0 pak files mounted, 0 remain pending
[2018.12.26-06.08.53:322][  0]LogPakFile: Registered encryption key '00000000000000000000000000000000': 0 pak files mounted, 0 remain pending
[2018.12.26-06.08.53:407][  0]LogPakFile: Registered encryption key '00000000000000000000000000000000': 0 pak files mounted, 0 remain pending
[2018.12.26-06.08.53:501][  0]LogPakFile: Registered encryption key '00000000000000000000000000000000': 0 pak files mounted, 0 remain pending
[2018.12.26-06.08.53:612][  0]LogPakFile: Registered encryption key '00000000000000000000000000000000': 0 pak files mounted, 0 remain pending
[2018.12.26-06.08.53:668][  0]LogPakFile: Registered encryption key '00000000000000000000000000000000': 0 pak files mounted, 0 remain pending
[2018.12.26-06.08.53:702][  0]LogPakFile: Registered encryption key '00000000000000000000000000000000': 0 pak files mounted, 0 remain pending
[2018.12.26-06.08.53:815][  0]LogPakFile: Registered encryption key '00000000000000000000000000000000': 0 pak files mounted, 0 remain pending
[2018.12.26-06.08.53:961][  0]LogPakFile: Registered encryption key '00000000000000000000000000000000': 0 pak files mounted, 0 remain pending
[2018.12.26-06.08.54:050][  0]LogPakFile: Registered encryption key '00000000000000000000000000000000': 0 pak files mounted, 0 remain pending
[2018.12.26-06.08.54:129][  0]LogPakFile: Registered encryption key '00000000000000000000000000000000': 0 pak files mounted, 0 remain pending
[2018.12.26-06.08.54:285][  0]LogPakFile: Registered encryption key '00000000000000000000000000000000': 0 pak files mounted, 0 remain pending
[2018.12.26-06.08.54:419][  0]LogPakFile: Registered encryption key '00000000000000000000000000000000': 0 pak files mounted, 0 remain pending
[2018.12.26-06.08.54:532][  0]LogPakFile: Registered encryption key '00000000000000000000000000000000': 0 pak files mounted, 0 remain pending
[2018.12.26-06.08.54:589][  0]LogPakFile: Registered encryption key '00000000000000000000000000000000': 0 pak files mounted, 0 remain pending
[2018.12.26-06.08.54:698][  0]LogPakFile: Registered encryption key '00000000000000000000000000000000': 0 pak files mounted, 0 remain pending
[2018.12.26-06.08.54:816][  0]LogPakFile: Registered encryption key '00000000000000000000000000000000': 0 pak files mounted, 0 remain pending
[2018.12.26-06.08.54:893][  0]LogPakFile: Registered encryption key '00000000000000000000000000000000': 0 pak files mounted, 0 remain pending
[2018.12.26-06.08.54:975][  0]LogPakFile: Registered encryption key '00000000000000000000000000000000': 0 pak files mounted, 0 remain pending
[2018.12.26-06.08.55:074][  0]LogPakFile: Registered encryption key '00000000000000000000000000000000': 0 pak files mounted, 0 remain pending
[2018.12.26-06.08.55:153][  0]LogPakFile: Registered encryption key '00000000000000000000000000000000': 0 pak files mounted, 0 remain pending
[2018.12.26-06.08.55:198][  0]LogPakFile: Registered encryption key '00000000000000000000000000000000': 0 pak files mounted, 0 remain pending
[2018.12.26-06.08.55:277][  0]LogPakFile: Registered encryption key '00000000000000000000000000000000': 0 pak files mounted, 0 remain pending
[2018.12.26-06.08.55:361][  0]LogPakFile: Registered encryption key '00000000000000000000000000000000': 0 pak files mounted, 0 remain pending
[2018.12.26-06.08.57:599][  0]LogContentBrowser: Native class hierarchy updated for 'AddContentDialog' in 0.0003 seconds. Added 0 classes and 0 folders.
[2018.12.26-06.08.57:624][  0]LogContentBrowser: Native class hierarchy updated for 'SceneOutliner' in 0.0006 seconds. Added 1 classes and 2 folders.
[2018.12.26-06.08.59:929][  0]LogSlate: Only BGRA pngs, bmps or icos are supported in by External Image Picker
[2018.12.26-06.09.00:386][  0]LogSlate: Took 0.000158 seconds to synchronously load lazily loaded font '../../../Engine/Content/Slate/Fonts/Roboto-Bold.ttf' (160K)
[2018.12.26-06.09.00:443][  0]LogSlate: Took 0.040991 seconds to synchronously load lazily loaded font '../../../Engine/Content/Editor/Slate/Fonts/FontAwesome.ttf' (139K)
[2018.12.26-06.09.00:542][  0]LogTemp: Executing iPhonePackager certificates Engine -bundlename com.YourCompany.CrossyRoad
[2018.12.26-06.09.00:542][  0]LogTemp: CWD: C:\Program Files\Epic Games\UE_4.21\Engine\Binaries\DotNET\IOS
[2018.12.26-06.09.00:542][  0]LogTemp: Initial Dir: C:\Program Files\Epic Games\UE_4.21
[2018.12.26-06.09.00:542][  0]LogTemp: Env CWD: C:\Program Files\Epic Games\UE_4.21\Engine\Binaries\DotNET\IOS
[2018.12.26-06.09.00:542][  0]LogTemp: BranchPath = VERMILION/C/Program Files/Epic Games/UE_4.21/Engine/Binaries --- GameBranchPath = VERMILION/C/Program Files/Epic Games/UE_4.21/Engine/Binaries
[2018.12.26-06.09.00:542][  0]LogTemp: IPP ERROR: Could not find provision directory 'C:\Users\XxCMGxX\AppData\Local/Apple Computer/MobileDevice/Provisioning Profiles/'.
[2018.12.26-06.09.00:542][  0]LogRenderer: Reallocating scene render targets to support 1232x600 Format 10 NumSamples 1 (Frame:1).
[2018.12.26-06.09.00:882][  0]LogContentBrowser: Native class hierarchy updated for 'HierarchicalLODOutliner' in 0.0003 seconds. Added 0 classes and 0 folders.
[2018.12.26-06.09.00:882][  0]LogLoad: (Engine Initialization) Total time: 66.12 seconds
[2018.12.26-06.09.00:882][  0]LogLoad: (Engine Initialization) Total Blueprint compile time: 0.00 seconds
[2018.12.26-06.09.00:976][  0]LogContentStreaming: Texture pool size now 1000 MB
[2018.12.26-06.09.00:997][  0]LogSlate: Took 0.000156 seconds to synchronously load lazily loaded font '../../../Engine/Content/Slate/Fonts/Roboto-Light.ttf' (167K)
[2018.12.26-06.09.01:021][  1]LogAssetRegistry: Asset discovery search completed in 56.8749 seconds
[2018.12.26-06.09.01:025][  1]LogCollectionManager: Rebuilt the object cache for 0 collections in 0.000000 seconds (found 0 objects)
[2018.12.26-06.09.01:026][  1]LogCollectionManager: Fixed up redirectors for 0 collections in 0.000111 seconds (updated 0 objects)
[2018.12.26-06.09.02:063][ 58]LogSlate: Took 0.000196 seconds to synchronously load lazily loaded font '../../../Engine/Content/Slate/Fonts/Roboto-Light.ttf' (167K)
[2018.12.26-06.09.06:314][154]LogSlate: FSceneViewport::OnFocusLost() reason 0
[2018.12.26-06.09.06:427][160]LogSlate: Window 'Plugins' being destroyed
[2018.12.26-06.09.06:461][160]LogSlate: Window 'Plugins' being destroyed
[2018.12.26-06.09.06:461][160]LogDirectoryWatcher: A directory notification for '../../../Engine/Plugins/' was aborted.
[2018.12.26-06.09.06:461][160]LogDirectoryWatcher: A directory notification for 'C:/Program Files/Epic Games/UE_4.21/Enterprise/Plugins/' was aborted.
[2018.12.26-06.09.08:079][338]LogSlate: FSceneViewport::OnFocusLost() reason 0
[2018.12.26-06.09.08:657][355]LogAIModule: Creating AISystem for world CrossyRoad_InitialBuild
[2018.12.26-06.09.08:666][355]LogAssetEditorManager: Opening Asset editor for World /Game/CrossyRoad_InitialBuild.CrossyRoad_InitialBuild
[2018.12.26-06.09.08:697][355]Cmd: MAP LOAD FILE="../../../../../../Users/XxCMGxX/Documents/Unreal Projects/Crossy_Road/Content/CrossyRoad_InitialBuild.umap" TEMPLATE=0 SHOWPROGRESS=1 FEATURELEVEL=3
[2018.12.26-06.09.08:697][355]LightingResults: New page: Lighting Build
[2018.12.26-06.09.08:698][355]LoadErrors: New page: Loading map: CrossyRoad_InitialBuild.umap
[2018.12.26-06.09.08:698][355]MapCheck: New page: Map Check
[2018.12.26-06.09.08:698][355]LightingResults: New page: Lighting Build
[2018.12.26-06.09.08:781][355]LogEditorServer: Finished looking for orphan Actors (0.000 secs)
[2018.12.26-06.09.08:849][355]Cmd: MAP CHECKDEP NOCLEARLOG
[2018.12.26-06.09.08:849][355]MapCheck: Map check complete: 0 Error(s), 0 Warning(s), took 0.129ms to complete.
[2018.12.26-06.09.08:849][355]LogFileHelpers: Loading map 'CrossyRoad_InitialBuild' took 0.153
[2018.12.26-06.09.10:835][563]LogTemp: Repeating last play command: Selected Viewport
[2018.12.26-06.09.10:851][563]LogBlueprintUserMessages: Early PlayInEditor Detection: Level '/Game/CrossyRoad_InitialBuild.CrossyRoad_InitialBuild:PersistentLevel' has LevelScriptBlueprint '/Game/CrossyRoad_InitialBuild.CrossyRoad_InitialBuild:PersistentLevel.CrossyRoad_InitialBuild' with GeneratedClass '/Game/CrossyRoad_InitialBuild.CrossyRoad_InitialBuild_C' with ClassGeneratedBy '/Game/CrossyRoad_InitialBuild.CrossyRoad_InitialBuild:PersistentLevel.CrossyRoad_InitialBuild'
[2018.12.26-06.09.10:851][563]LogPlayLevel: PlayLevel: No blueprints needed recompiling
[2018.12.26-06.09.10:852][563]PIE: New page: PIE session: CrossyRoad_InitialBuild (Dec 25, 2018, 2:09:10 PM)
[2018.12.26-06.09.10:865][563]LogPlayLevel: Creating play world package: /Game/UEDPIE_0_CrossyRoad_InitialBuild
[2018.12.26-06.09.10:869][563]LogPlayLevel: PIE: StaticDuplicateObject took: (0.003995s)
[2018.12.26-06.09.10:870][563]LogAIModule: Creating AISystem for world CrossyRoad_InitialBuild
[2018.12.26-06.09.10:870][563]LogPlayLevel: PIE: World Init took: (0.000996s)
[2018.12.26-06.09.10:870][563]LogPlayLevel: PIE: Created PIE world by copying editor world from /Game/CrossyRoad_InitialBuild.CrossyRoad_InitialBuild to /Game/UEDPIE_0_CrossyRoad_InitialBuild.CrossyRoad_InitialBuild (0.005323s)
[2018.12.26-06.09.10:893][563]LogInit: XAudio2 using 'Speakers (Realtek High Definition Audio)' : 2 channels at 48 kHz using 32 bits per sample (channel mask 0x3)
[2018.12.26-06.09.10:902][563]LogInit: FAudioDevice initialized.
[2018.12.26-06.09.10:944][563]LogLoad: Game class is 'GM_CRoad_C'
[2018.12.26-06.09.10:946][563]LogWorld: Bringing World /Game/UEDPIE_0_CrossyRoad_InitialBuild.CrossyRoad_InitialBuild up for play (max tick rate 0) at 2018.12.25-22.09.10
[2018.12.26-06.09.10:946][563]LogWorld: Bringing up level for play took: 0.000687
[2018.12.26-06.09.10:963][563]LogContentBrowser: Native class hierarchy updated for 'MovieSceneCapture' in 0.0004 seconds. Added 20 classes and 0 folders.
[2018.12.26-06.09.10:965][563]LogScript: Warning: Accessed None trying to read property GroundSpawner
	BP_SmallGrass_C /Game/UEDPIE_0_CrossyRoad_InitialBuild.CrossyRoad_InitialBuild:PersistentLevel.BP_SmallGrass_C_0
	Function /Game/CrossyRoad/BluePrints/BP_SmallGrass.BP_SmallGrass_C:ExecuteUbergraph_BP_SmallGrass:001A
[2018.12.26-06.09.10:965][563]PIE: Error: Blueprint Runtime Error: "Accessed None trying to read property GroundSpawner". Blueprint:  BP_SmallGrass Function:  Execute Ubergraph BP Small Grass Graph:  EventGraph Node:  Spawn at Spawn Point
[2018.12.26-06.09.10:975][563]PIE: Play in editor start time for /Game/UEDPIE_0_CrossyRoad_InitialBuild -0.162
[2018.12.26-06.09.10:976][563]LogBlueprintUserMessages: Late PlayInEditor Detection: Level '/Game/CrossyRoad_InitialBuild.CrossyRoad_InitialBuild:PersistentLevel' has LevelScriptBlueprint '/Game/CrossyRoad_InitialBuild.CrossyRoad_InitialBuild:PersistentLevel.CrossyRoad_InitialBuild' with GeneratedClass '/Game/CrossyRoad_InitialBuild.CrossyRoad_InitialBuild_C' with ClassGeneratedBy '/Game/CrossyRoad_InitialBuild.CrossyRoad_InitialBuild:PersistentLevel.CrossyRoad_InitialBuild'
[2018.12.26-06.09.17:606][292]LogBlueprintUserMessages: Early EndPlayMap Detection: Level '/Game/CrossyRoad_InitialBuild.CrossyRoad_InitialBuild:PersistentLevel' has LevelScriptBlueprint '/Game/CrossyRoad_InitialBuild.CrossyRoad_InitialBuild:PersistentLevel.CrossyRoad_InitialBuild' with GeneratedClass '/Game/CrossyRoad_InitialBuild.CrossyRoad_InitialBuild_C' with ClassGeneratedBy '/Game/CrossyRoad_InitialBuild.CrossyRoad_InitialBuild:PersistentLevel.CrossyRoad_InitialBuild'
[2018.12.26-06.09.17:607][292]LogSlate: Updating window title bar state: overlay mode, drag disabled, window buttons hidden, title bar hidden
[2018.12.26-06.09.17:643][292]LogPlayLevel: Display: Shutting down PIE online subsystems
[2018.12.26-06.09.17:643][292]LogBlueprintUserMessages: Late EndPlayMap Detection: Level '/Game/CrossyRoad_InitialBuild.CrossyRoad_InitialBuild:PersistentLevel' has LevelScriptBlueprint '/Game/CrossyRoad_InitialBuild.CrossyRoad_InitialBuild:PersistentLevel.CrossyRoad_InitialBuild' with GeneratedClass '/Game/CrossyRoad_InitialBuild.CrossyRoad_InitialBuild_C' with ClassGeneratedBy '/Game/CrossyRoad_InitialBuild.CrossyRoad_InitialBuild:PersistentLevel.CrossyRoad_InitialBuild'
[2018.12.26-06.09.17:667][292]LogSlate: Updating window title bar state: overlay mode, drag disabled, window buttons hidden, title bar hidden
[2018.12.26-06.09.17:707][295]LogPlayLevel: Display: Destroying online subsystem :Context_2
[2018.12.26-06.09.18:736][383]LogSlate: FSceneViewport::OnFocusLost() reason 0
[2018.12.26-06.09.30:426][355]LogAssetEditorManager: Opening Asset editor for Blueprint /Game/CrossyRoad/BluePrints/BP_Tracks.BP_Tracks
[2018.12.26-06.09.30:873][355]LogContentBrowser: Native class hierarchy updated for 'BlueprintGraph' in 0.0006 seconds. Added 117 classes and 0 folders.
[2018.12.26-06.09.31:712][355]LogSlate: Took 0.000229 seconds to synchronously load lazily loaded font '../../../Engine/Content/Slate/Fonts/Roboto-BoldCondensed.ttf' (158K)
[2018.12.26-06.09.31:792][356]LogSlate: Took 0.000200 seconds to synchronously load lazily loaded font '../../../Engine/Content/Slate/Fonts/Roboto-Italic.ttf' (157K)
[2018.12.26-06.09.50:218][387]BlueprintLog: New page: Compile BP_Tracks
[2018.12.26-06.09.52:601][621]LogTemp: Repeating last play command: Selected Viewport
[2018.12.26-06.09.52:619][621]LogBlueprintUserMessages: Early PlayInEditor Detection: Level '/Game/CrossyRoad_InitialBuild.CrossyRoad_InitialBuild:PersistentLevel' has LevelScriptBlueprint '/Game/CrossyRoad_InitialBuild.CrossyRoad_InitialBuild:PersistentLevel.CrossyRoad_InitialBuild' with GeneratedClass '/Game/CrossyRoad_InitialBuild.CrossyRoad_InitialBuild_C' with ClassGeneratedBy '/Game/CrossyRoad_InitialBuild.CrossyRoad_InitialBuild:PersistentLevel.CrossyRoad_InitialBuild'
[2018.12.26-06.09.52:619][621]LogPlayLevel: PlayLevel: No blueprints needed recompiling
[2018.12.26-06.09.52:619][621]PIE: New page: PIE session: CrossyRoad_InitialBuild (Dec 25, 2018, 2:09:52 PM)
[2018.12.26-06.09.52:619][621]LogPlayLevel: Creating play world package: /Game/UEDPIE_0_CrossyRoad_InitialBuild
[2018.12.26-06.09.52:622][621]LogPlayLevel: PIE: StaticDuplicateObject took: (0.003016s)
[2018.12.26-06.09.52:623][621]LogAIModule: Creating AISystem for world CrossyRoad_InitialBuild
[2018.12.26-06.09.52:624][621]LogPlayLevel: PIE: World Init took: (0.001337s)
[2018.12.26-06.09.52:624][621]LogPlayLevel: PIE: Created PIE world by copying editor world from /Game/CrossyRoad_InitialBuild.CrossyRoad_InitialBuild to /Game/UEDPIE_0_CrossyRoad_InitialBuild.CrossyRoad_InitialBuild (0.004541s)
[2018.12.26-06.09.52:657][621]LogInit: XAudio2 using 'Speakers (Realtek High Definition Audio)' : 2 channels at 48 kHz using 32 bits per sample (channel mask 0x3)
[2018.12.26-06.09.52:665][621]LogInit: FAudioDevice initialized.
[2018.12.26-06.09.52:699][621]LogLoad: Game class is 'GM_CRoad_C'
[2018.12.26-06.09.52:700][621]LogWorld: Bringing World /Game/UEDPIE_0_CrossyRoad_InitialBuild.CrossyRoad_InitialBuild up for play (max tick rate 0) at 2018.12.25-22.09.52
[2018.12.26-06.09.52:700][621]LogWorld: Bringing up level for play took: 0.000503
[2018.12.26-06.09.52:714][621]LogScript: Warning: Accessed None trying to read property GroundSpawner
	BP_SmallGrass_C /Game/UEDPIE_0_CrossyRoad_InitialBuild.CrossyRoad_InitialBuild:PersistentLevel.BP_SmallGrass_C_0
	Function /Game/CrossyRoad/BluePrints/BP_SmallGrass.BP_SmallGrass_C:ExecuteUbergraph_BP_SmallGrass:001A
[2018.12.26-06.09.52:715][621]PIE: Error: Blueprint Runtime Error: "Accessed None trying to read property GroundSpawner". Blueprint:  BP_SmallGrass Function:  Execute Ubergraph BP Small Grass Graph:  EventGraph Node:  Spawn at Spawn Point
[2018.12.26-06.09.52:723][621]PIE: Play in editor start time for /Game/UEDPIE_0_CrossyRoad_InitialBuild -0.414
[2018.12.26-06.09.52:723][621]LogBlueprintUserMessages: Late PlayInEditor Detection: Level '/Game/CrossyRoad_InitialBuild.CrossyRoad_InitialBuild:PersistentLevel' has LevelScriptBlueprint '/Game/CrossyRoad_InitialBuild.CrossyRoad_InitialBuild:PersistentLevel.CrossyRoad_InitialBuild' with GeneratedClass '/Game/CrossyRoad_InitialBuild.CrossyRoad_InitialBuild_C' with ClassGeneratedBy '/Game/CrossyRoad_InitialBuild.CrossyRoad_InitialBuild:PersistentLevel.CrossyRoad_InitialBuild'
[2018.12.26-06.10.01:394][421]LogWindows: Error: === Critical error: ===
[2018.12.26-06.10.01:395][421]LogWindows: Error: 
[2018.12.26-06.10.01:395][421]LogWindows: Error: Fatal error!
[2018.12.26-06.10.01:395][421]LogWindows: Error: 
[2018.12.26-06.10.01:395][421]LogWindows: Error: Unhandled Exception: EXCEPTION_ACCESS_VIOLATION reading address 0x00000170
[2018.12.26-06.10.01:395][421]LogWindows: Error: 
[2018.12.26-06.10.01:395][421]LogWindows: Error: [Callstack] 0x00007ffe1e595ef4 UE4Editor-Engine.dll!UnknownFunction []
[2018.12.26-06.10.01:395][421]LogWindows: Error: [Callstack] 0x00007ffe1ea5a1bf UE4Editor-Engine.dll!UnknownFunction []
[2018.12.26-06.10.01:395][421]LogWindows: Error: [Callstack] 0x00007ffe1e9edc13 UE4Editor-Engine.dll!UnknownFunction []
[2018.12.26-06.10.01:395][421]LogWindows: Error: [Callstack] 0x00007ffe1ea1844a UE4Editor-Engine.dll!UnknownFunction []
[2018.12.26-06.10.01:395][421]LogWindows: Error: [Callstack] 0x00007ffe1ea172a5 UE4Editor-Engine.dll!UnknownFunction []
[2018.12.26-06.10.01:395][421]LogWindows: Error: [Callstack] 0x00007ffe1e58e418 UE4Editor-Engine.dll!UnknownFunction []
[2018.12.26-06.10.01:395][421]LogWindows: Error: [Callstack] 0x00007ffe1e5141b4 UE4Editor-Engine.dll!UnknownFunction []
[2018.12.26-06.10.01:395][421]LogWindows: Error: [Callstack] 0x00007ffe2e784b14 UE4Editor-CoreUObject.dll!UnknownFunction []
[2018.12.26-06.10.01:395][421]LogWindows: Error: [Callstack] 0x00007ffe2e9894ca UE4Editor-CoreUObject.dll!UnknownFunction []
[2018.12.26-06.10.01:395][421]LogWindows: Error: [Callstack] 0x00007ffe2e9e42b6 UE4Editor-CoreUObject.dll!UnknownFunction []
[2018.12.26-06.10.01:395][421]LogWindows: Error: [Callstack] 0x00007ffe2e9b045f UE4Editor-CoreUObject.dll!UnknownFunction []
[2018.12.26-06.10.01:395][421]LogWindows: Error: [Callstack] 0x00007ffe2e989e7d UE4Editor-CoreUObject.dll!UnknownFunction []
[2018.12.26-06.10.01:395][421]LogWindows: Error: [Callstack] 0x00007ffe2e9b045f UE4Editor-CoreUObject.dll!UnknownFunction []
[2018.12.26-06.10.01:395][421]LogWindows: Error: [Callstack] 0x00007ffe2e784b14 UE4Editor-CoreUObject.dll!UnknownFunction []
[2018.12.26-06.10.01:395][421]LogWindows: Error: [Callstack] 0x00007ffe2e9af9f8 UE4Editor-CoreUObject.dll!UnknownFunction []
[2018.12.26-06.10.01:395][421]LogWindows: Error: [Callstack] 0x00007ffe1e5d37d3 UE4Editor-Engine.dll!UnknownFunction []
[2018.12.26-06.10.01:395][421]LogWindows: Error: [Callstack] 0x00007ffe1ef0baf1 UE4Editor-Engine.dll!UnknownFunction []
[2018.12.26-06.10.01:395][421]LogWindows: Error: [Callstack] 0x00007ffe1eef0edd UE4Editor-Engine.dll!UnknownFunction []
[2018.12.26-06.10.01:395][421]LogWindows: Error: [Callstack] 0x00007ffe1e5f37b6 UE4Editor-Engine.dll!UnknownFunction []
[2018.12.26-06.10.01:395][421]LogWindows: Error: [Callstack] 0x00007ffe1e5f3f0f UE4Editor-Engine.dll!UnknownFunction []
[2018.12.26-06.10.01:395][421]LogWindows: Error: [Callstack] 0x00007ffe1e5aefd3 UE4Editor-Engine.dll!UnknownFunction []
[2018.12.26-06.10.01:395][421]LogWindows: Error: [Callstack] 0x00007ffe1f853b8d UE4Editor-Engine.dll!UnknownFunction []
[2018.12.26-06.10.01:395][421]LogWindows: Error: [Callstack] 0x00007ffe25aa1798 UE4Editor-Core.dll!UnknownFunction []
[2018.12.26-06.10.01:395][421]LogWindows: Error: [Callstack] 0x00007ffe25aa1c56 UE4Editor-Core.dll!UnknownFunction []
[2018.12.26-06.10.01:395][421]LogWindows: Error: [Callstack] 0x00007ffe25ab5085 UE4Editor-Core.dll!UnknownFunction []
[2018.12.26-06.10.01:395][421]LogWindows: Error: [Callstack] 0x00007ffe1f8aaaa4 UE4Editor-Engine.dll!UnknownFunction []
[2018.12.26-06.10.01:395][421]LogWindows: Error: [Callstack] 0x00007ffe1f8ba812 UE4Editor-Engine.dll!UnknownFunction []
[2018.12.26-06.10.01:395][421]LogWindows: Error: [Callstack] 0x00007ffe1ef8b8c4 UE4Editor-Engine.dll!UnknownFunction []
[2018.12.26-06.10.01:395][421]LogWindows: Error: [Callstack] 0x00007ffe1ef976a2 UE4Editor-Engine.dll!UnknownFunction []
[2018.12.26-06.10.01:395][421]LogWindows: Error: [Callstack] 0x00007ffe1d091fa5 UE4Editor-UnrealEd.dll!UnknownFunction []
[2018.12.26-06.10.01:395][421]LogWindows: Error: [Callstack] 0x00007ffe1d9b2256 UE4Editor-UnrealEd.dll!UnknownFunction []
[2018.12.26-06.10.01:395][421]LogWindows: Error: [Callstack] 0x00007ff69b3d6225 UE4Editor.exe!UnknownFunction []
[2018.12.26-06.10.01:395][421]LogWindows: Error: [Callstack] 0x00007ff69b3e596c UE4Editor.exe!UnknownFunction []
[2018.12.26-06.10.01:395][421]LogWindows: Error: [Callstack] 0x00007ff69b3e59ea UE4Editor.exe!UnknownFunction []
[2018.12.26-06.10.01:395][421]LogWindows: Error: [Callstack] 0x00007ff69b3f48da UE4Editor.exe!UnknownFunction []
[2018.12.26-06.10.01:395][421]LogWindows: Error: [Callstack] 0x00007ff69b3f659a UE4Editor.exe!UnknownFunction []
[2018.12.26-06.10.01:395][421]LogWindows: Error: [Callstack] 0x00007ffe5a0e13d2 KERNEL32.DLL!UnknownFunction []
[2018.12.26-06.10.01:395][421]LogWindows: Error: [Callstack] 0x00007ffe5c4f54f4 ntdll.dll!UnknownFunction []
[2018.12.26-06.10.01:395][421]LogWindows: Error: 
[2018.12.26-06.10.01:411][421]LogExit: Executing StaticShutdownAfterError
[2018.12.26-06.10.01:414][421]LogWindows: FPlatformMisc::RequestExit(1)
[2018.12.26-06.10.01:425][421]Log file closed, 12/25/18 22:10:01
