Log file open, 12/27/18 19:28:49
LogWindows: Failed to load 'aqProf.dll' (GetLastError=126)
LogWindows: File 'aqProf.dll' does not exist
LogWindows: Failed to load 'VtuneApi.dll' (GetLastError=126)
LogWindows: File 'VtuneApi.dll' does not exist
LogWindows: Failed to load 'VtuneApi32e.dll' (GetLastError=126)
LogWindows: File 'VtuneApi32e.dll' does not exist
LogConsoleResponse: Display: Failed to find resolution value strings in scalability ini. Falling back to default.
LogInit: Display: Running engine for game: Crossy_Road
LogPakFile: Registered encryption key '00000000000000000000000000000000': 0 pak files mounted, 0 remain pending
LogPlatformFile: Not using cached read wrapper
LogTaskGraph: Started task graph with 5 named threads and 23 total threads with 3 sets of task threads.
LogStats: Stats thread started at 0.276935
LogD3D11RHI: Loaded GFSDK_Aftermath_Lib.x64.dll
LogICUInternationalization: ICU TimeZone Detection - Raw Offset: -8:00, Platform Override: ''
LogPluginManager: Mounting plugin Paper2D
LogPluginManager: Mounting plugin AISupport
LogPluginManager: Mounting plugin LightPropagationVolume
LogPluginManager: Mounting plugin ActorLayerUtilities
LogPluginManager: Mounting plugin CLionSourceCodeAccess
LogPluginManager: Mounting plugin CodeLiteSourceCodeAccess
LogPluginManager: Mounting plugin GitSourceControl
LogPluginManager: Mounting plugin KDevelopSourceCodeAccess
LogPluginManager: Mounting plugin NullSourceCodeAccess
LogPluginManager: Mounting plugin PerforceSourceControl
LogPluginManager: Mounting plugin SubversionSourceControl
LogPluginManager: Mounting plugin UObjectPlugin
LogPluginManager: Mounting plugin VisualStudioCodeSourceCodeAccess
LogPluginManager: Mounting plugin VisualStudioSourceCodeAccess
LogPluginManager: Mounting plugin XCodeSourceCodeAccess
LogPluginManager: Mounting plugin AssetManagerEditor
LogPluginManager: Mounting plugin CryptoKeys
LogPluginManager: Mounting plugin DataValidation
LogPluginManager: Mounting plugin EditorScriptingUtilities
LogPluginManager: Mounting plugin FacialAnimation
LogPluginManager: Mounting plugin GameplayTagsEditor
LogPluginManager: Mounting plugin MacGraphicsSwitching
LogPluginManager: Mounting plugin MeshEditor
LogPluginManager: Mounting plugin MobileLauncherProfileWizard
LogPluginManager: Mounting plugin PluginBrowser
LogPluginManager: Mounting plugin SpeedTreeImporter
LogPluginManager: Mounting plugin DatasmithContent
LogPluginManager: Mounting plugin VariantManagerContent
LogPluginManager: Mounting plugin AlembicImporter
LogPluginManager: Mounting plugin AppleImageUtils
LogPluginManager: Mounting plugin AppleVision
LogPluginManager: Mounting plugin BackChannel
LogPluginManager: Mounting plugin CharacterAI
LogPluginManager: Mounting plugin GeometryCache
LogPluginManager: Mounting plugin HTML5Networking
LogPluginManager: Mounting plugin ProxyLODPlugin
LogPluginManager: Mounting plugin MagicLeap
LogPluginManager: Mounting plugin MagicLeapMedia
LogPluginManager: Mounting plugin AndroidMedia
LogPluginManager: Mounting plugin AvfMedia
LogPluginManager: Mounting plugin ImgMedia
LogPluginManager: Mounting plugin LinearTimecode
LogPluginManager: Mounting plugin MediaCompositing
LogPluginManager: Mounting plugin MediaPlayerEditor
LogPluginManager: Mounting plugin WebMMedia
LogPluginManager: Mounting plugin WmfMedia
LogPluginManager: Mounting plugin TcpMessaging
LogPluginManager: Mounting plugin UdpMessaging
LogPluginManager: Mounting plugin ActorSequence
LogPluginManager: Mounting plugin LevelSequenceEditor
LogPluginManager: Mounting plugin MatineeToLevelSequence
LogPluginManager: Mounting plugin NetcodeUnitTest
LogPluginManager: Mounting plugin NUTUnrealEngine4
LogPluginManager: Mounting plugin OnlineSubsystemGooglePlay
LogPluginManager: Mounting plugin OnlineSubsystemIOS
LogPluginManager: Mounting plugin OnlineSubsystem
LogPluginManager: Mounting plugin OnlineSubsystemNull
LogPluginManager: Mounting plugin OnlineSubsystemUtils
LogPluginManager: Mounting plugin LauncherChunkInstaller
LogPluginManager: Mounting plugin AndroidDeviceProfileSelector
LogPluginManager: Mounting plugin AndroidMoviePlayer
LogPluginManager: Mounting plugin AndroidPermission
LogPluginManager: Mounting plugin AppleMoviePlayer
LogPluginManager: Mounting plugin ArchVisCharacter
LogPluginManager: Mounting plugin AudioCapture
LogPluginManager: Mounting plugin CableComponent
LogPluginManager: Mounting plugin CustomMeshComponent
LogPluginManager: Mounting plugin EditableMesh
LogPluginManager: Mounting plugin ExampleDeviceProfileSelector
LogPluginManager: Mounting plugin Firebase
LogPluginManager: Mounting plugin GoogleCloudMessaging
LogPluginManager: Mounting plugin IOSDeviceProfileSelector
LogPluginManager: Mounting plugin LinuxDeviceProfileSelector
LogPluginManager: Mounting plugin LocationServicesBPLibrary
LogPluginManager: Mounting plugin MobilePatchingUtils
LogPluginManager: Mounting plugin OculusVR
LogPluginManager: Mounting plugin PhysXVehicles
LogPluginManager: Mounting plugin ProceduralMeshComponent
LogPluginManager: Mounting plugin RuntimePhysXCooking
LogPluginManager: Mounting plugin WebMMoviePlayer
LogPluginManager: Mounting plugin WindowsMoviePlayer
LogPluginManager: Mounting plugin DatasmithCADImporter
LogPluginManager: Mounting plugin DatasmithFBXImporter
LogPluginManager: Mounting plugin DatasmithImporter
LogPluginManager: Mounting plugin MDLImporter
LogPluginManager: Mounting plugin StaticMeshEditorExtension
LogPluginManager: Mounting plugin VariantManager
LogStreaming: Display: Took  0.149s to configure plugins.
LogInit: Using libcurl 7.55.1-DEV
LogInit:  - built for x86_64-pc-win32
LogInit:  - supports SSL with OpenSSL/1.0.2h
LogInit:  - supports HTTP deflate (compression) using libz 1.2.8
LogInit:  - other features:
LogInit:      CURL_VERSION_SSL
LogInit:      CURL_VERSION_LIBZ
LogInit:      CURL_VERSION_IPV6
LogInit:      CURL_VERSION_ASYNCHDNS
LogInit:      CURL_VERSION_LARGEFILE
LogInit:      CURL_VERSION_IDN
LogInit:  CurlRequestOptions (configurable via config and command line):
LogInit:  - bVerifyPeer = true  - Libcurl will verify peer certificate
LogInit:  - bUseHttpProxy = false  - Libcurl will NOT use HTTP proxy
LogInit:  - bDontReuseConnections = false  - Libcurl will reuse connections
LogInit:  - MaxHostConnections = 16  - Libcurl will limit the number of connections to a host
LogInit:  - LocalHostAddr = Default
LogInit:  - BufferSize = 65536
LogInit: WinSock: version 1.1 (2.2), MaxSocks=32767, MaxUdp=65467
LogInit: Build: ++UE4+Release-4.21-CL-4541578
LogInit: Engine Version: 4.21.0-4541578+++UE4+Release-4.21
LogInit: Compatible Engine Version: 4.21.0-4541578+++UE4+Release-4.21
LogInit: Net CL: 4541578
LogInit: OS: Windows 8.1 (), CPU: Intel(R) Core(TM) i7-4710HQ CPU @ 2.50GHz, GPU: Intel(R) HD Graphics 4600
LogInit: Compiled (64-bit): Nov  6 2018 02:04:24
LogInit: Compiled with Visual C++: 19.13.26129.00
LogInit: Build Configuration: Development
LogInit: Branch Name: ++UE4+Release-4.21
LogInit: Command Line: 
LogInit: Base Directory: C:/Program Files/Epic Games/UE_4.21/Engine/Binaries/Win64/
LogInit: Installed Engine Build: 1
LogDevObjectVersion: Number of dev versions registered: 22
LogDevObjectVersion:   Dev-Blueprints (B0D832E4-1F89-4F0D-ACCF-7EB736FD4AA2): 10
LogDevObjectVersion:   Dev-Build (E1C64328-A22C-4D53-A36C-8E866417BD8C): 0
LogDevObjectVersion:   Dev-Core (375EC13C-06E4-48FB-B500-84F0262A717E): 2
LogDevObjectVersion:   Dev-Editor (E4B068ED-F494-42E9-A231-DA0B2E46BB41): 26
LogDevObjectVersion:   Dev-Framework (CFFC743F-43B0-4480-9391-14DF171D2073): 34
LogDevObjectVersion:   Dev-Mobile (B02B49B5-BB20-44E9-A304-32B752E40360): 2
LogDevObjectVersion:   Dev-Networking (A4E4105C-59A1-49B5-A7C5-40C4547EDFEE): 0
LogDevObjectVersion:   Dev-Online (39C831C9-5AE6-47DC-9A44-9C173E1C8E7C): 0
LogDevObjectVersion:   Dev-Physics (78F01B33-EBEA-4F98-B9B4-84EACCB95AA2): 0
LogDevObjectVersion:   Dev-Platform (6631380F-2D4D-43E0-8009-CF276956A95A): 0
LogDevObjectVersion:   Dev-Rendering (12F88B9F-8875-4AFC-A67C-D90C383ABD29): 27
LogDevObjectVersion:   Dev-Sequencer (7B5AE74C-D270-4C10-A958-57980B212A5A): 9
LogDevObjectVersion:   Dev-VR (D7296918-1DD6-4BDD-9DE2-64A83CC13884): 2
LogDevObjectVersion:   Dev-LoadTimes (C2A15278-BFE7-4AFE-6C17-90FF531DF755): 1
LogDevObjectVersion:   Private-Geometry (6EACA3D4-40EC-4CC1-B786-8BED09428FC5): 3
LogDevObjectVersion:   Dev-AnimPhys (29E575DD-E0A3-4627-9D10-D276232CDCEA): 17
LogDevObjectVersion:   Dev-Anim (AF43A65D-7FD3-4947-9873-3E8ED9C1BB05): 2
LogDevObjectVersion:   Dev-ReflectionCapture (6B266CEC-1EC7-4B8F-A30B-E4D90942FC07): 1
LogDevObjectVersion:   Dev-Automation (0DF73D61-A23F-47EA-B727-89E90C41499A): 1
LogDevObjectVersion:   FortniteMain (601D1886-AC64-4F84-AA16-D3DE0DEAC7D6): 17
LogDevObjectVersion:   Dev-Enterprise (9DFFBCD6-494F-0158-E221-12823C92A888): 4
LogDevObjectVersion:   Dev-Niagara (F2AED0AC-9AFE-416F-8664-AA7FFA26D6FC): 1
LogStreaming: Display: Took  0.002s to delete old logs.
LogInit: Presizing for max 8388607 objects, including 0 objects not considered by GC, pre-allocating 0 bytes for permanent pool.
LogInit: Object subsystem initialized
LogConfig: Setting CVar [[con.DebugEarlyDefault:1]]
LogConfig: Setting CVar [[r.setres:1280x720]]
[2018.12.28-03.28.49:494][  0]LogConfig: Setting CVar [[r.VSync:0]]
[2018.12.28-03.28.49:494][  0]LogConfig: Setting CVar [[r.RHICmdBypass:0]]
[2018.12.28-03.28.49:494][  0]LogConfig: Applying CVar settings from Section [/Script/Engine.RendererSettings] File [C:/Users/XxCMGxX/Documents/Unreal Projects/Crossy_Road/Saved/Config/Windows/Engine.ini]
[2018.12.28-03.28.49:494][  0]LogConfig: Setting CVar [[r.GPUCrashDebugging:0]]
[2018.12.28-03.28.49:494][  0]LogConfig: Applying CVar settings from Section [/Script/Engine.RendererOverrideSettings] File [C:/Users/XxCMGxX/Documents/Unreal Projects/Crossy_Road/Saved/Config/Windows/Engine.ini]
[2018.12.28-03.28.49:494][  0]LogConfig: Applying CVar settings from Section [/Script/Engine.StreamingSettings] File [C:/Users/XxCMGxX/Documents/Unreal Projects/Crossy_Road/Saved/Config/Windows/Engine.ini]
[2018.12.28-03.28.49:494][  0]LogConfig: Setting CVar [[s.MinBulkDataSizeForAsyncLoading:131072]]
[2018.12.28-03.28.49:494][  0]LogConfig: Setting CVar [[s.AsyncLoadingThreadEnabled:0]]
[2018.12.28-03.28.49:494][  0]LogConfig: Setting CVar [[s.EventDrivenLoaderEnabled:1]]
[2018.12.28-03.28.49:494][  0]LogConfig: Setting CVar [[s.WarnIfTimeLimitExceeded:0]]
[2018.12.28-03.28.49:494][  0]LogConfig: Setting CVar [[s.TimeLimitExceededMultiplier:1.5]]
[2018.12.28-03.28.49:494][  0]LogConfig: Setting CVar [[s.TimeLimitExceededMinTime:0.005]]
[2018.12.28-03.28.49:495][  0]LogConfig: Setting CVar [[s.UseBackgroundLevelStreaming:1]]
[2018.12.28-03.28.49:495][  0]LogConfig: Setting CVar [[s.PriorityAsyncLoadingExtraTime:15.0]]
[2018.12.28-03.28.49:495][  0]LogConfig: Setting CVar [[s.LevelStreamingActorsUpdateTimeLimit:5.0]]
[2018.12.28-03.28.49:495][  0]LogConfig: Setting CVar [[s.PriorityLevelStreamingActorsUpdateExtraTime:5.0]]
[2018.12.28-03.28.49:495][  0]LogConfig: Setting CVar [[s.LevelStreamingComponentsRegistrationGranularity:10]]
[2018.12.28-03.28.49:495][  0]LogConfig: Setting CVar [[s.UnregisterComponentsTimeLimit:1.0]]
[2018.12.28-03.28.49:495][  0]LogConfig: Setting CVar [[s.LevelStreamingComponentsUnregistrationGranularity:5]]
[2018.12.28-03.28.49:495][  0]LogConfig: Applying CVar settings from Section [/Script/Engine.GarbageCollectionSettings] File [C:/Users/XxCMGxX/Documents/Unreal Projects/Crossy_Road/Saved/Config/Windows/Engine.ini]
[2018.12.28-03.28.49:495][  0]LogConfig: Setting CVar [[gc.MaxObjectsNotConsideredByGC:1]]
[2018.12.28-03.28.49:495][  0]LogConfig: Setting CVar [[gc.SizeOfPermanentObjectPool:0]]
[2018.12.28-03.28.49:495][  0]LogConfig: Setting CVar [[gc.FlushStreamingOnGC:0]]
[2018.12.28-03.28.49:495][  0]LogConfig: Setting CVar [[gc.NumRetriesBeforeForcingGC:10]]
[2018.12.28-03.28.49:495][  0]LogConfig: Setting CVar [[gc.AllowParallelGC:1]]
[2018.12.28-03.28.49:495][  0]LogConfig: Setting CVar [[gc.TimeBetweenPurgingPendingKillObjects:61.1]]
[2018.12.28-03.28.49:495][  0]LogConfig: Setting CVar [[gc.MaxObjectsInEditor:8388607]]
[2018.12.28-03.28.49:495][  0]LogConfig: Setting CVar [[gc.IncrementalBeginDestroyEnabled:1]]
[2018.12.28-03.28.49:495][  0]LogConfig: Setting CVar [[gc.CreateGCClusters:1]]
[2018.12.28-03.28.49:495][  0]LogConfig: Setting CVar [[gc.MergeGCClusters:0]]
[2018.12.28-03.28.49:495][  0]LogConfig: Setting CVar [[gc.MinGCClusterSize:5]]
[2018.12.28-03.28.49:495][  0]LogConfig: Setting CVar [[gc.ActorClusteringEnabled:0]]
[2018.12.28-03.28.49:495][  0]LogConfig: Setting CVar [[gc.BlueprintClusteringEnabled:0]]
[2018.12.28-03.28.49:495][  0]LogConfig: Setting CVar [[gc.UseDisregardForGCOnDedicatedServers:0]]
[2018.12.28-03.28.49:495][  0]LogConfig: Applying CVar settings from Section [/Script/Engine.NetworkSettings] File [C:/Users/XxCMGxX/Documents/Unreal Projects/Crossy_Road/Saved/Config/Windows/Engine.ini]
[2018.12.28-03.28.49:495][  0]LogConfig: Applying CVar settings from Section [/Script/UnrealEd.CookerSettings] File [C:/Users/XxCMGxX/Documents/Unreal Projects/Crossy_Road/Saved/Config/Windows/Engine.ini]
[2018.12.28-03.28.49:499][  0]LogConfig: Applying CVar settings from Section [ViewDistanceQuality@3] File [C:/Users/XxCMGxX/Documents/Unreal Projects/Crossy_Road/Saved/Config/Windows/Scalability.ini]
[2018.12.28-03.28.49:499][  0]LogConfig: Setting CVar [[r.SkeletalMeshLODBias:0]]
[2018.12.28-03.28.49:499][  0]LogConfig: Setting CVar [[r.ViewDistanceScale:1.0]]
[2018.12.28-03.28.49:499][  0]LogConfig: Applying CVar settings from Section [AntiAliasingQuality@3] File [C:/Users/XxCMGxX/Documents/Unreal Projects/Crossy_Road/Saved/Config/Windows/Scalability.ini]
[2018.12.28-03.28.49:499][  0]LogConfig: Setting CVar [[r.PostProcessAAQuality:4]]
[2018.12.28-03.28.49:499][  0]LogConfig: Applying CVar settings from Section [ShadowQuality@3] File [C:/Users/XxCMGxX/Documents/Unreal Projects/Crossy_Road/Saved/Config/Windows/Scalability.ini]
[2018.12.28-03.28.49:499][  0]LogConfig: Setting CVar [[r.LightFunctionQuality:1]]
[2018.12.28-03.28.49:499][  0]LogConfig: Setting CVar [[r.ShadowQuality:5]]
[2018.12.28-03.28.49:499][  0]LogConfig: Setting CVar [[r.Shadow.CSM.MaxCascades:10]]
[2018.12.28-03.28.49:499][  0]LogConfig: Setting CVar [[r.Shadow.MaxResolution:2048]]
[2018.12.28-03.28.49:499][  0]LogConfig: Setting CVar [[r.Shadow.MaxCSMResolution:2048]]
[2018.12.28-03.28.49:499][  0]LogConfig: Setting CVar [[r.Shadow.RadiusThreshold:0.01]]
[2018.12.28-03.28.49:499][  0]LogConfig: Setting CVar [[r.Shadow.DistanceScale:1.0]]
[2018.12.28-03.28.49:499][  0]LogConfig: Setting CVar [[r.Shadow.CSM.TransitionScale:1.0]]
[2018.12.28-03.28.49:499][  0]LogConfig: Setting CVar [[r.Shadow.PreShadowResolutionFactor:1.0]]
[2018.12.28-03.28.49:499][  0]LogConfig: Setting CVar [[r.DistanceFieldShadowing:1]]
[2018.12.28-03.28.49:499][  0]LogConfig: Setting CVar [[r.DistanceFieldAO:1]]
[2018.12.28-03.28.49:499][  0]LogConfig: Setting CVar [[r.AOQuality:2]]
[2018.12.28-03.28.49:499][  0]LogConfig: Setting CVar [[r.VolumetricFog:1]]
[2018.12.28-03.28.49:499][  0]LogConfig: Setting CVar [[r.VolumetricFog.GridPixelSize:8]]
[2018.12.28-03.28.49:499][  0]LogConfig: Setting CVar [[r.VolumetricFog.GridSizeZ:128]]
[2018.12.28-03.28.49:499][  0]LogConfig: Setting CVar [[r.VolumetricFog.HistoryMissSupersampleCount:4]]
[2018.12.28-03.28.49:499][  0]LogConfig: Setting CVar [[r.LightMaxDrawDistanceScale:1]]
[2018.12.28-03.28.49:499][  0]LogConfig: Setting CVar [[r.CapsuleShadows:1]]
[2018.12.28-03.28.49:499][  0]LogConfig: Applying CVar settings from Section [PostProcessQuality@3] File [C:/Users/XxCMGxX/Documents/Unreal Projects/Crossy_Road/Saved/Config/Windows/Scalability.ini]
[2018.12.28-03.28.49:499][  0]LogConfig: Setting CVar [[r.MotionBlurQuality:4]]
[2018.12.28-03.28.49:499][  0]LogConfig: Setting CVar [[r.AmbientOcclusionMipLevelFactor:0.4]]
[2018.12.28-03.28.49:499][  0]LogConfig: Setting CVar [[r.AmbientOcclusionMaxQuality:100]]
[2018.12.28-03.28.49:499][  0]LogConfig: Setting CVar [[r.AmbientOcclusionLevels:-1]]
[2018.12.28-03.28.49:499][  0]LogConfig: Setting CVar [[r.AmbientOcclusionRadiusScale:1.0]]
[2018.12.28-03.28.49:499][  0]LogConfig: Setting CVar [[r.DepthOfFieldQuality:2]]
[2018.12.28-03.28.49:499][  0]LogConfig: Setting CVar [[r.RenderTargetPoolMin:400]]
[2018.12.28-03.28.49:499][  0]LogConfig: Setting CVar [[r.LensFlareQuality:2]]
[2018.12.28-03.28.49:499][  0]LogConfig: Setting CVar [[r.SceneColorFringeQuality:1]]
[2018.12.28-03.28.49:499][  0]LogConfig: Setting CVar [[r.EyeAdaptationQuality:2]]
[2018.12.28-03.28.49:499][  0]LogConfig: Setting CVar [[r.BloomQuality:5]]
[2018.12.28-03.28.49:499][  0]LogConfig: Setting CVar [[r.FastBlurThreshold:100]]
[2018.12.28-03.28.49:499][  0]LogConfig: Setting CVar [[r.Upscale.Quality:3]]
[2018.12.28-03.28.49:499][  0]LogConfig: Setting CVar [[r.Tonemapper.GrainQuantization:1]]
[2018.12.28-03.28.49:500][  0]LogConfig: Setting CVar [[r.LightShaftQuality:1]]
[2018.12.28-03.28.49:500][  0]LogConfig: Setting CVar [[r.Filter.SizeScale:1]]
[2018.12.28-03.28.49:500][  0]LogConfig: Setting CVar [[r.Tonemapper.Quality:5]]
[2018.12.28-03.28.49:500][  0]LogConfig: Setting CVar [[r.DOF.Gather.AccumulatorQuality:1        ; higher gathering accumulator quality]]
[2018.12.28-03.28.49:500][  0]LogConfig: Setting CVar [[r.DOF.Gather.PostfilterMethod:1          ; Median3x3 postfilering method]]
[2018.12.28-03.28.49:500][  0]LogConfig: Setting CVar [[r.DOF.Gather.EnableBokehSettings:0       ; no bokeh simulation when gathering]]
[2018.12.28-03.28.49:500][  0]LogConfig: Setting CVar [[r.DOF.Gather.RingCount:4                 ; medium number of samples when gathering]]
[2018.12.28-03.28.49:500][  0]LogConfig: Setting CVar [[r.DOF.Scatter.ForegroundCompositing:1    ; additive foreground scattering]]
[2018.12.28-03.28.49:500][  0]LogConfig: Setting CVar [[r.DOF.Scatter.BackgroundCompositing:2    ; additive background scattering]]
[2018.12.28-03.28.49:500][  0]LogConfig: Setting CVar [[r.DOF.Scatter.EnableBokehSettings:1      ; bokeh simulation when scattering]]
[2018.12.28-03.28.49:500][  0]LogConfig: Setting CVar [[r.DOF.Scatter.MaxSpriteRatio:0.1         ; only a maximum of 10% of scattered bokeh]]
[2018.12.28-03.28.49:500][  0]LogConfig: Setting CVar [[r.DOF.Recombine.Quality:1                ; cheap slight out of focus]]
[2018.12.28-03.28.49:500][  0]LogConfig: Setting CVar [[r.DOF.Recombine.EnableBokehSettings:0    ; no bokeh simulation on slight out of focus]]
[2018.12.28-03.28.49:500][  0]LogConfig: Setting CVar [[r.DOF.TemporalAAQuality:1                ; more stable temporal accumulation]]
[2018.12.28-03.28.49:500][  0]LogConfig: Setting CVar [[r.DOF.Kernel.MaxForegroundRadius:0.025]]
[2018.12.28-03.28.49:500][  0]LogConfig: Setting CVar [[r.DOF.Kernel.MaxBackgroundRadius:0.025]]
[2018.12.28-03.28.49:500][  0]LogConfig: Applying CVar settings from Section [TextureQuality@3] File [C:/Users/XxCMGxX/Documents/Unreal Projects/Crossy_Road/Saved/Config/Windows/Scalability.ini]
[2018.12.28-03.28.49:500][  0]LogConfig: Setting CVar [[r.Streaming.MipBias:0]]
[2018.12.28-03.28.49:500][  0]LogConfig: Setting CVar [[r.Streaming.AmortizeCPUToGPUCopy:0]]
[2018.12.28-03.28.49:500][  0]LogConfig: Setting CVar [[r.Streaming.MaxNumTexturesToStreamPerFrame:0]]
[2018.12.28-03.28.49:500][  0]LogConfig: Setting CVar [[r.Streaming.Boost:1]]
[2018.12.28-03.28.49:500][  0]LogConfig: Setting CVar [[r.MaxAnisotropy:8]]
[2018.12.28-03.28.49:500][  0]LogConfig: Setting CVar [[r.Streaming.LimitPoolSizeToVRAM:0]]
[2018.12.28-03.28.49:500][  0]LogConfig: Setting CVar [[r.Streaming.PoolSize:1000]]
[2018.12.28-03.28.49:500][  0]LogConfig: Setting CVar [[r.Streaming.MaxEffectiveScreenSize:0]]
[2018.12.28-03.28.49:500][  0]LogConfig: Applying CVar settings from Section [EffectsQuality@3] File [C:/Users/XxCMGxX/Documents/Unreal Projects/Crossy_Road/Saved/Config/Windows/Scalability.ini]
[2018.12.28-03.28.49:500][  0]LogConfig: Setting CVar [[r.TranslucencyLightingVolumeDim:64]]
[2018.12.28-03.28.49:500][  0]LogConfig: Setting CVar [[r.RefractionQuality:2]]
[2018.12.28-03.28.49:500][  0]LogConfig: Setting CVar [[r.SSR.Quality:3]]
[2018.12.28-03.28.49:500][  0]LogConfig: Setting CVar [[r.SceneColorFormat:4]]
[2018.12.28-03.28.49:500][  0]LogConfig: Setting CVar [[r.DetailMode:2]]
[2018.12.28-03.28.49:500][  0]LogConfig: Setting CVar [[r.TranslucencyVolumeBlur:1]]
[2018.12.28-03.28.49:500][  0]LogConfig: Setting CVar [[r.MaterialQualityLevel:1 ; High quality]]
[2018.12.28-03.28.49:500][  0]LogConfig: Setting CVar [[r.SSS.Scale:1]]
[2018.12.28-03.28.49:500][  0]LogConfig: Setting CVar [[r.SSS.SampleSet:2]]
[2018.12.28-03.28.49:500][  0]LogConfig: Setting CVar [[r.SSS.Quality:1]]
[2018.12.28-03.28.49:500][  0]LogConfig: Setting CVar [[r.SSS.HalfRes:1]]
[2018.12.28-03.28.49:500][  0]LogConfig: Setting CVar [[r.EmitterSpawnRateScale:1.0]]
[2018.12.28-03.28.49:500][  0]LogConfig: Setting CVar [[r.ParticleLightQuality:2]]
[2018.12.28-03.28.49:500][  0]LogConfig: Applying CVar settings from Section [FoliageQuality@3] File [C:/Users/XxCMGxX/Documents/Unreal Projects/Crossy_Road/Saved/Config/Windows/Scalability.ini]
[2018.12.28-03.28.49:500][  0]LogConfig: Setting CVar [[foliage.DensityScale:1.0]]
[2018.12.28-03.28.49:500][  0]LogConfig: Setting CVar [[grass.DensityScale:1.0]]
[2018.12.28-03.28.49:500][  0]LogInit: Selected Device Profile: [Windows]
[2018.12.28-03.28.49:500][  0]LogInit: Applying CVar settings loaded from the selected device profile: [Windows]
[2018.12.28-03.28.49:531][  0]LogHAL: Display: Platform has ~ 8 GB [8467202048 / 8589934592 / 8], which maps to Default [LargestMinGB=32, LargerMinGB=12, DefaultMinGB=8, SmallerMinGB=6, SmallestMinGB=0)
[2018.12.28-03.28.49:531][  0]LogConfig: Setting CVar [[r.Vulkan.UseRealUBs:1]]
[2018.12.28-03.28.49:531][  0]LogInit: Going up to parent DeviceProfile []
[2018.12.28-03.28.49:531][  0]LogConfig: Applying CVar settings from Section [ViewDistanceQuality@3] File [C:/Users/XxCMGxX/Documents/Unreal Projects/Crossy_Road/Saved/Config/Windows/Scalability.ini]
[2018.12.28-03.28.49:531][  0]LogConfig: Setting CVar [[r.SkeletalMeshLODBias:0]]
[2018.12.28-03.28.49:531][  0]LogConfig: Setting CVar [[r.ViewDistanceScale:1.0]]
[2018.12.28-03.28.49:531][  0]LogConfig: Applying CVar settings from Section [AntiAliasingQuality@3] File [C:/Users/XxCMGxX/Documents/Unreal Projects/Crossy_Road/Saved/Config/Windows/Scalability.ini]
[2018.12.28-03.28.49:531][  0]LogConfig: Setting CVar [[r.PostProcessAAQuality:4]]
[2018.12.28-03.28.49:531][  0]LogConfig: Applying CVar settings from Section [ShadowQuality@3] File [C:/Users/XxCMGxX/Documents/Unreal Projects/Crossy_Road/Saved/Config/Windows/Scalability.ini]
[2018.12.28-03.28.49:531][  0]LogConfig: Setting CVar [[r.LightFunctionQuality:1]]
[2018.12.28-03.28.49:531][  0]LogConfig: Setting CVar [[r.ShadowQuality:5]]
[2018.12.28-03.28.49:531][  0]LogConfig: Setting CVar [[r.Shadow.CSM.MaxCascades:10]]
[2018.12.28-03.28.49:532][  0]LogConfig: Setting CVar [[r.Shadow.MaxResolution:2048]]
[2018.12.28-03.28.49:532][  0]LogConfig: Setting CVar [[r.Shadow.MaxCSMResolution:2048]]
[2018.12.28-03.28.49:532][  0]LogConfig: Setting CVar [[r.Shadow.RadiusThreshold:0.01]]
[2018.12.28-03.28.49:532][  0]LogConfig: Setting CVar [[r.Shadow.DistanceScale:1.0]]
[2018.12.28-03.28.49:532][  0]LogConfig: Setting CVar [[r.Shadow.CSM.TransitionScale:1.0]]
[2018.12.28-03.28.49:532][  0]LogConfig: Setting CVar [[r.Shadow.PreShadowResolutionFactor:1.0]]
[2018.12.28-03.28.49:532][  0]LogConfig: Setting CVar [[r.DistanceFieldShadowing:1]]
[2018.12.28-03.28.49:532][  0]LogConfig: Setting CVar [[r.DistanceFieldAO:1]]
[2018.12.28-03.28.49:532][  0]LogConfig: Setting CVar [[r.AOQuality:2]]
[2018.12.28-03.28.49:532][  0]LogConfig: Setting CVar [[r.VolumetricFog:1]]
[2018.12.28-03.28.49:532][  0]LogConfig: Setting CVar [[r.VolumetricFog.GridPixelSize:8]]
[2018.12.28-03.28.49:532][  0]LogConfig: Setting CVar [[r.VolumetricFog.GridSizeZ:128]]
[2018.12.28-03.28.49:532][  0]LogConfig: Setting CVar [[r.VolumetricFog.HistoryMissSupersampleCount:4]]
[2018.12.28-03.28.49:532][  0]LogConfig: Setting CVar [[r.LightMaxDrawDistanceScale:1]]
[2018.12.28-03.28.49:532][  0]LogConfig: Setting CVar [[r.CapsuleShadows:1]]
[2018.12.28-03.28.49:532][  0]LogConfig: Applying CVar settings from Section [PostProcessQuality@3] File [C:/Users/XxCMGxX/Documents/Unreal Projects/Crossy_Road/Saved/Config/Windows/Scalability.ini]
[2018.12.28-03.28.49:532][  0]LogConfig: Setting CVar [[r.MotionBlurQuality:4]]
[2018.12.28-03.28.49:532][  0]LogConfig: Setting CVar [[r.AmbientOcclusionMipLevelFactor:0.4]]
[2018.12.28-03.28.49:532][  0]LogConfig: Setting CVar [[r.AmbientOcclusionMaxQuality:100]]
[2018.12.28-03.28.49:532][  0]LogConfig: Setting CVar [[r.AmbientOcclusionLevels:-1]]
[2018.12.28-03.28.49:532][  0]LogConfig: Setting CVar [[r.AmbientOcclusionRadiusScale:1.0]]
[2018.12.28-03.28.49:532][  0]LogConfig: Setting CVar [[r.DepthOfFieldQuality:2]]
[2018.12.28-03.28.49:532][  0]LogConfig: Setting CVar [[r.RenderTargetPoolMin:400]]
[2018.12.28-03.28.49:532][  0]LogConfig: Setting CVar [[r.LensFlareQuality:2]]
[2018.12.28-03.28.49:532][  0]LogConfig: Setting CVar [[r.SceneColorFringeQuality:1]]
[2018.12.28-03.28.49:532][  0]LogConfig: Setting CVar [[r.EyeAdaptationQuality:2]]
[2018.12.28-03.28.49:532][  0]LogConfig: Setting CVar [[r.BloomQuality:5]]
[2018.12.28-03.28.49:532][  0]LogConfig: Setting CVar [[r.FastBlurThreshold:100]]
[2018.12.28-03.28.49:532][  0]LogConfig: Setting CVar [[r.Upscale.Quality:3]]
[2018.12.28-03.28.49:532][  0]LogConfig: Setting CVar [[r.Tonemapper.GrainQuantization:1]]
[2018.12.28-03.28.49:532][  0]LogConfig: Setting CVar [[r.LightShaftQuality:1]]
[2018.12.28-03.28.49:532][  0]LogConfig: Setting CVar [[r.Filter.SizeScale:1]]
[2018.12.28-03.28.49:532][  0]LogConfig: Setting CVar [[r.Tonemapper.Quality:5]]
[2018.12.28-03.28.49:532][  0]LogConfig: Setting CVar [[r.DOF.Gather.AccumulatorQuality:1        ; higher gathering accumulator quality]]
[2018.12.28-03.28.49:532][  0]LogConfig: Setting CVar [[r.DOF.Gather.PostfilterMethod:1          ; Median3x3 postfilering method]]
[2018.12.28-03.28.49:532][  0]LogConfig: Setting CVar [[r.DOF.Gather.EnableBokehSettings:0       ; no bokeh simulation when gathering]]
[2018.12.28-03.28.49:532][  0]LogConfig: Setting CVar [[r.DOF.Gather.RingCount:4                 ; medium number of samples when gathering]]
[2018.12.28-03.28.49:532][  0]LogConfig: Setting CVar [[r.DOF.Scatter.ForegroundCompositing:1    ; additive foreground scattering]]
[2018.12.28-03.28.49:532][  0]LogConfig: Setting CVar [[r.DOF.Scatter.BackgroundCompositing:2    ; additive background scattering]]
[2018.12.28-03.28.49:532][  0]LogConfig: Setting CVar [[r.DOF.Scatter.EnableBokehSettings:1      ; bokeh simulation when scattering]]
[2018.12.28-03.28.49:532][  0]LogConfig: Setting CVar [[r.DOF.Scatter.MaxSpriteRatio:0.1         ; only a maximum of 10% of scattered bokeh]]
[2018.12.28-03.28.49:532][  0]LogConfig: Setting CVar [[r.DOF.Recombine.Quality:1                ; cheap slight out of focus]]
[2018.12.28-03.28.49:532][  0]LogConfig: Setting CVar [[r.DOF.Recombine.EnableBokehSettings:0    ; no bokeh simulation on slight out of focus]]
[2018.12.28-03.28.49:532][  0]LogConfig: Setting CVar [[r.DOF.TemporalAAQuality:1                ; more stable temporal accumulation]]
[2018.12.28-03.28.49:532][  0]LogConfig: Setting CVar [[r.DOF.Kernel.MaxForegroundRadius:0.025]]
[2018.12.28-03.28.49:532][  0]LogConfig: Setting CVar [[r.DOF.Kernel.MaxBackgroundRadius:0.025]]
[2018.12.28-03.28.49:532][  0]LogConfig: Applying CVar settings from Section [TextureQuality@3] File [C:/Users/XxCMGxX/Documents/Unreal Projects/Crossy_Road/Saved/Config/Windows/Scalability.ini]
[2018.12.28-03.28.49:532][  0]LogConfig: Setting CVar [[r.Streaming.MipBias:0]]
[2018.12.28-03.28.49:532][  0]LogConfig: Setting CVar [[r.Streaming.AmortizeCPUToGPUCopy:0]]
[2018.12.28-03.28.49:532][  0]LogConfig: Setting CVar [[r.Streaming.MaxNumTexturesToStreamPerFrame:0]]
[2018.12.28-03.28.49:532][  0]LogConfig: Setting CVar [[r.Streaming.Boost:1]]
[2018.12.28-03.28.49:532][  0]LogConfig: Setting CVar [[r.MaxAnisotropy:8]]
[2018.12.28-03.28.49:532][  0]LogConfig: Setting CVar [[r.Streaming.LimitPoolSizeToVRAM:0]]
[2018.12.28-03.28.49:532][  0]LogConfig: Setting CVar [[r.Streaming.PoolSize:1000]]
[2018.12.28-03.28.49:532][  0]LogConfig: Setting CVar [[r.Streaming.MaxEffectiveScreenSize:0]]
[2018.12.28-03.28.49:532][  0]LogConfig: Applying CVar settings from Section [EffectsQuality@3] File [C:/Users/XxCMGxX/Documents/Unreal Projects/Crossy_Road/Saved/Config/Windows/Scalability.ini]
[2018.12.28-03.28.49:532][  0]LogConfig: Setting CVar [[r.TranslucencyLightingVolumeDim:64]]
[2018.12.28-03.28.49:532][  0]LogConfig: Setting CVar [[r.RefractionQuality:2]]
[2018.12.28-03.28.49:532][  0]LogConfig: Setting CVar [[r.SSR.Quality:3]]
[2018.12.28-03.28.49:532][  0]LogConfig: Setting CVar [[r.SceneColorFormat:4]]
[2018.12.28-03.28.49:532][  0]LogConfig: Setting CVar [[r.DetailMode:2]]
[2018.12.28-03.28.49:532][  0]LogConfig: Setting CVar [[r.TranslucencyVolumeBlur:1]]
[2018.12.28-03.28.49:532][  0]LogConfig: Setting CVar [[r.MaterialQualityLevel:1 ; High quality]]
[2018.12.28-03.28.49:532][  0]LogConfig: Setting CVar [[r.SSS.Scale:1]]
[2018.12.28-03.28.49:532][  0]LogConfig: Setting CVar [[r.SSS.SampleSet:2]]
[2018.12.28-03.28.49:532][  0]LogConfig: Setting CVar [[r.SSS.Quality:1]]
[2018.12.28-03.28.49:532][  0]LogConfig: Setting CVar [[r.SSS.HalfRes:1]]
[2018.12.28-03.28.49:532][  0]LogConfig: Setting CVar [[r.EmitterSpawnRateScale:1.0]]
[2018.12.28-03.28.49:532][  0]LogConfig: Setting CVar [[r.ParticleLightQuality:2]]
[2018.12.28-03.28.49:532][  0]LogConfig: Applying CVar settings from Section [FoliageQuality@3] File [C:/Users/XxCMGxX/Documents/Unreal Projects/Crossy_Road/Saved/Config/Windows/Scalability.ini]
[2018.12.28-03.28.49:532][  0]LogConfig: Setting CVar [[foliage.DensityScale:1.0]]
[2018.12.28-03.28.49:532][  0]LogConfig: Setting CVar [[grass.DensityScale:1.0]]
[2018.12.28-03.28.49:532][  0]LogConfig: Applying CVar settings from Section [Startup] File [../../../Engine/Config/ConsoleVariables.ini]
[2018.12.28-03.28.49:532][  0]LogConfig: Setting CVar [[net.UseAdaptiveNetUpdateFrequency:0]]
[2018.12.28-03.28.49:532][  0]LogConfig: Applying CVar settings from Section [ConsoleVariables] File [C:/Users/XxCMGxX/Documents/Unreal Projects/Crossy_Road/Saved/Config/Windows/Engine.ini]
[2018.12.28-03.28.49:533][  0]LogInit: Computer: VERMILION
[2018.12.28-03.28.49:533][  0]LogInit: User: XxCMGxX
[2018.12.28-03.28.49:533][  0]LogInit: CPU Page size=4096, Cores=4
[2018.12.28-03.28.49:533][  0]LogInit: High frequency timer resolution =2.435776 MHz
[2018.12.28-03.28.49:533][  0]LogMemory: Memory total: Physical=7.9GB (8GB approx)
[2018.12.28-03.28.49:533][  0]LogMemory: Platform Memory Stats for Windows
[2018.12.28-03.28.49:533][  0]LogMemory: Process Physical Memory: 100.89 MB used, 100.89 MB peak
[2018.12.28-03.28.49:533][  0]LogMemory: Process Virtual Memory: 89.52 MB used, 89.52 MB peak
[2018.12.28-03.28.49:533][  0]LogMemory: Physical Memory: 6275.89 MB used,  1799.06 MB free, 8074.95 MB total
[2018.12.28-03.28.49:533][  0]LogMemory: Virtual Memory: 495.14 MB used,  134217232.00 MB free, 134217728.00 MB total
[2018.12.28-03.28.49:553][  0]LogInit: Using OS detected language (en-US).
[2018.12.28-03.28.49:553][  0]LogInit: Using OS detected locale (en-US).
[2018.12.28-03.28.49:554][  0]LogTextLocalizationManager: No specific localization for 'en-US' exists, so the 'en' localization will be used.
[2018.12.28-03.28.49:979][  0]LogStreaming: Display: Took  0.425s to InitEngineTextLocalization.
[2018.12.28-03.28.49:979][  0]LogInit: Setting process to per monitor DPI aware
[2018.12.28-03.28.50:008][  0]LogSlate: New Slate User Created.  User Index 0, Is Virtual User: 0
[2018.12.28-03.28.50:008][  0]LogSlate: Slate User Registered.  User Index 0, Is Virtual User: 0
[2018.12.28-03.28.50:216][  0]LogD3D11RHI: D3D11 adapters:
[2018.12.28-03.28.50:238][  0]LogD3D11RHI:    0. 'NVIDIA GeForce GTX 860M' (Feature Level 11_0)
[2018.12.28-03.28.50:238][  0]LogD3D11RHI:       1991/0/2048 MB DedicatedVideo/DedicatedSystem/SharedSystem, Outputs:2, VendorId:0x10de
[2018.12.28-03.28.50:819][  0]LogD3D11RHI:    1. 'Intel(R) HD Graphics 4600' (Feature Level 11_0)
[2018.12.28-03.28.50:819][  0]LogD3D11RHI:       32/0/1760 MB DedicatedVideo/DedicatedSystem/SharedSystem, Outputs:0, VendorId:0x8086
[2018.12.28-03.28.50:822][  0]LogD3D11RHI:    2. 'Microsoft Basic Render Driver' (Feature Level 11_0)
[2018.12.28-03.28.50:822][  0]LogD3D11RHI:       0/0/256 MB DedicatedVideo/DedicatedSystem/SharedSystem, Outputs:0, VendorId:0x1414
[2018.12.28-03.28.50:822][  0]LogD3D11RHI: Chosen D3D11 Adapter: 0
[2018.12.28-03.28.50:832][  0]LogD3D11RHI: Creating new Direct3DDevice
[2018.12.28-03.28.50:832][  0]LogD3D11RHI:     GPU DeviceId: 0x1392 (for the marketing name, search the web for "GPU Device Id")
[2018.12.28-03.28.50:832][  0]LogWindows: EnumDisplayDevices:
[2018.12.28-03.28.50:833][  0]LogWindows:    0. 'Intel(R) HD Graphics 4600' (P:1 D:1)
[2018.12.28-03.28.50:833][  0]LogWindows:    1. 'Intel(R) HD Graphics 4600' (P:0 D:1)
[2018.12.28-03.28.50:833][  0]LogWindows:    2. 'Intel(R) HD Graphics 4600' (P:0 D:0)
[2018.12.28-03.28.50:833][  0]LogWindows: DebugString: PrimaryIsNotTheChoosenAdapter PrimaryIsNotTheChoosenAdapter PrimaryIsNotTheChoosenAdapter FoundDriverCount:0 
[2018.12.28-03.28.50:833][  0]LogD3D11RHI:     Adapter Name: NVIDIA GeForce GTX 860M
[2018.12.28-03.28.50:833][  0]LogD3D11RHI:   Driver Version: Unknown (internal:Unknown, unified:Unknown)
[2018.12.28-03.28.50:833][  0]LogD3D11RHI:      Driver Date: Unknown
[2018.12.28-03.28.50:833][  0]LogRHI: Texture pool is 1394 MB (70% of 1991 MB)
[2018.12.28-03.28.50:848][  0]LogD3D11RHI: Async texture creation enabled
[2018.12.28-03.28.50:866][  0]LogD3D11RHI: GPU Timing Frequency: 1000.000000 (Debug: 2 2)
[2018.12.28-03.28.51:761][  0]LogTemp: Display: Loaded TP AllDesktopTargetPlatform
[2018.12.28-03.28.51:775][  0]LogTemp: Display: Loaded TP MacClientTargetPlatform
[2018.12.28-03.28.51:790][  0]LogTemp: Display: Loaded TP MacNoEditorTargetPlatform
[2018.12.28-03.28.51:803][  0]LogTemp: Display: Loaded TP MacServerTargetPlatform
[2018.12.28-03.28.51:817][  0]LogTemp: Display: Loaded TP MacTargetPlatform
[2018.12.28-03.28.51:832][  0]LogTemp: Display: Loaded TP WindowsClientTargetPlatform
[2018.12.28-03.28.51:845][  0]LogTemp: Display: Loaded TP WindowsNoEditorTargetPlatform
[2018.12.28-03.28.51:860][  0]LogTemp: Display: Loaded TP WindowsServerTargetPlatform
[2018.12.28-03.28.51:866][  0]LogTemp: Display: Loaded TP WindowsTargetPlatform
[2018.12.28-03.28.51:948][  0]LogTemp: Display: Loaded TP AndroidTargetPlatform
[2018.12.28-03.28.51:948][  0]LogTemp: Display: Loaded TP AndroidTargetPlatform
[2018.12.28-03.28.51:948][  0]LogTemp: Display: Loaded TP AndroidTargetPlatform
[2018.12.28-03.28.51:948][  0]LogTemp: Display: Loaded TP AndroidTargetPlatform
[2018.12.28-03.28.51:948][  0]LogTemp: Display: Loaded TP AndroidTargetPlatform
[2018.12.28-03.28.51:948][  0]LogTemp: Display: Loaded TP AndroidTargetPlatform
[2018.12.28-03.28.51:948][  0]LogTemp: Display: Loaded TP AndroidTargetPlatform
[2018.12.28-03.28.51:948][  0]LogTemp: Display: Loaded TP AndroidTargetPlatform
[2018.12.28-03.28.51:948][  0]LogTemp: Display: Loaded TP AndroidTargetPlatform
[2018.12.28-03.28.51:948][  0]LogTemp: Display: Loaded TP AndroidTargetPlatform
[2018.12.28-03.28.51:948][  0]LogTemp: Display: Loaded TP AndroidTargetPlatform
[2018.12.28-03.28.51:948][  0]LogTemp: Display: Loaded TP AndroidTargetPlatform
[2018.12.28-03.28.51:948][  0]LogTemp: Display: Loaded TP AndroidTargetPlatform
[2018.12.28-03.28.51:948][  0]LogTemp: Display: Loaded TP AndroidTargetPlatform
[2018.12.28-03.28.51:948][  0]LogTemp: Display: Loaded TP AndroidTargetPlatform
[2018.12.28-03.28.51:948][  0]LogTemp: Display: Loaded TP AndroidTargetPlatform
[2018.12.28-03.28.51:948][  0]LogTemp: Display: Loaded TP AndroidTargetPlatform
[2018.12.28-03.28.51:948][  0]LogTemp: Display: Loaded TP AndroidTargetPlatform
[2018.12.28-03.28.51:950][  0]LogTemp: Display: Loaded TP HTML5TargetPlatform
[2018.12.28-03.28.52:015][  0]LogTemp: Display: Loaded TP IOSTargetPlatform
[2018.12.28-03.28.52:015][  0]LogTemp: Display: Loaded TP IOSTargetPlatform
[2018.12.28-03.28.52:041][  0]LogTemp: Display: Loaded TP TVOSTargetPlatform
[2018.12.28-03.28.52:041][  0]LogTemp: Display: Loaded TP TVOSTargetPlatform
[2018.12.28-03.28.52:054][  0]LogTemp: Display: Loaded TP LinuxClientTargetPlatform
[2018.12.28-03.28.52:067][  0]LogTemp: Display: Loaded TP LinuxNoEditorTargetPlatform
[2018.12.28-03.28.52:080][  0]LogTemp: Display: Loaded TP LinuxServerTargetPlatform
[2018.12.28-03.28.52:096][  0]LogTemp: Display: Loaded TP LinuxTargetPlatform
[2018.12.28-03.28.52:144][  0]LogTemp: Display: Loaded TP LuminTargetPlatform
[2018.12.28-03.28.52:144][  0]LogTemp: Display: Loaded TP LuminTargetPlatform
[2018.12.28-03.28.52:145][  0]LogTargetPlatformManager: Display: Building Assets For Windows
[2018.12.28-03.28.52:196][  0]LogShaderCompilers: Guid format shader working directory is -21 characters bigger than the processId version (../../../../../../Users/XxCMGxX/Documents/Unreal Projects/Crossy_Road/Intermediate/Shaders/WorkingDirectory/1124/).
[2018.12.28-03.28.52:196][  0]LogShaderCompilers: Cleaned the shader compiler working directory 'C:/Users/XxCMGxX/AppData/Local/Temp/UnrealShaderWorkingDir/7A2D283E47A97C33AA5C268BB867DD8B/'.
[2018.12.28-03.28.52:197][  0]LogXGEController: Cannot use XGE Controller as Incredibuild is not installed on this machine.
[2018.12.28-03.28.52:197][  0]LogShaderCompilers: Cannot use XGE Shader Compiler as Incredibuild is not installed on this machine.
[2018.12.28-03.28.52:197][  0]LogShaderCompilers: Display: Using Local Shader Compiler.
[2018.12.28-03.28.52:944][  0]LogDerivedDataCache: Display: Max Cache Size: 512 MB
[2018.12.28-03.28.53:158][  0]LogDerivedDataCache: Loaded boot cache 0.13s 71MB C:/Users/XxCMGxX/AppData/Local/UnrealEngine/4.21/DerivedDataCache/Boot.ddc.
[2018.12.28-03.28.53:158][  0]LogDerivedDataCache: Display: Loaded Boot cache: C:/Users/XxCMGxX/AppData/Local/UnrealEngine/4.21/DerivedDataCache/Boot.ddc
[2018.12.28-03.28.53:158][  0]LogDerivedDataCache: FDerivedDataBackendGraph:  Pak pak cache file ../../../../../../Users/XxCMGxX/Documents/Unreal Projects/Crossy_Road/DerivedDataCache/DDC.ddp not found, will not use a pak cache.
[2018.12.28-03.28.53:158][  0]LogDerivedDataCache: Unable to find inner node Pak for hierarchical cache Hierarchy.
[2018.12.28-03.28.53:158][  0]LogDerivedDataCache: FDerivedDataBackendGraph:  CompressedPak pak cache file ../../../../../../Users/XxCMGxX/Documents/Unreal Projects/Crossy_Road/DerivedDataCache/Compressed.ddp not found, will not use a pak cache.
[2018.12.28-03.28.53:158][  0]LogDerivedDataCache: Unable to find inner node CompressedPak for hierarchical cache Hierarchy.
[2018.12.28-03.28.53:177][  0]LogDerivedDataCache: Display: Pak cache opened for reading ../../../Engine/DerivedDataCache/Compressed.ddp.
[2018.12.28-03.28.53:181][  0]LogDerivedDataCache: Display: Pak cache opened for reading ../../../Enterprise/DerivedDataCache/Compressed.ddp.
[2018.12.28-03.28.53:194][  0]LogDerivedDataCache: Using Local data cache path C:/Users/XxCMGxX/AppData/Local/UnrealEngine/Common/DerivedDataCache: Writable
[2018.12.28-03.28.53:194][  0]LogDerivedDataCache: Shared data cache path not found in *engine.ini, will not use an Shared cache.
[2018.12.28-03.28.53:194][  0]LogDerivedDataCache: Unable to find inner node Shared for hierarchical cache Hierarchy.
[2018.12.28-03.28.53:218][  0]LogMaterial: Verifying Global Shaders for PCD3D_SM5
[2018.12.28-03.28.53:219][  0]LogSlate: Using FreeType 2.6.0
[2018.12.28-03.28.53:256][  0]LogSlate: SlateFontServices - WITH_FREETYPE: 1, WITH_HARFBUZZ: 1
[2018.12.28-03.28.53:352][  0]LogAssetRegistry: FAssetRegistry took 0.0337 seconds to start up
[2018.12.28-03.28.53:730][  0]LogInit: Selected Device Profile: [Windows]
[2018.12.28-03.28.53:891][  0]LogSimplygon: Simplygon DLL not present - disabling.
[2018.12.28-03.28.53:894][  0]LogMeshReduction: Using SimplygonSwarm for distributed automatic mesh merging
[2018.12.28-03.28.53:894][  0]LogMeshReduction: Using ProxyLODMeshReduction for automatic mesh merging
[2018.12.28-03.28.53:894][  0]LogMeshReduction: Using QuadricMeshReduction for automatic static mesh reduction
[2018.12.28-03.28.53:894][  0]LogMeshReduction: No automatic skeletal mesh reduction module available
[2018.12.28-03.28.53:908][  0]LogNetVersion: Crossy_Road 1.0.0, NetCL: 4541578, EngineNetVer: 5, GameNetVer: 0 (Checksum: 761332532)
[2018.12.28-03.28.54:648][  0]LogPackageLocalizationCache: Processed 13 localized package path(s) for 2 prioritized culture(s) in 0.192888 seconds
[2018.12.28-03.28.54:657][  0]LogUObjectArray: 39550 objects as part of root set at end of initial load.
[2018.12.28-03.28.54:657][  0]LogUObjectAllocator: 6877128 out of 0 bytes used by permanent object pool.
[2018.12.28-03.28.54:657][  0]LogUObjectArray: CloseDisregardForGC: 0/0 objects in disregard for GC pool
[2018.12.28-03.28.55:611][  0]LogTcpMessaging: Initializing TcpMessaging bridge
[2018.12.28-03.28.55:625][  0]LogUdpMessaging: Initializing bridge on interface 0.0.0.0:0 to multicast group 230.0.0.1:6666.
[2018.12.28-03.28.56:461][  0]SourceControl: Source control is disabled
[2018.12.28-03.28.56:462][  0]SourceControl: Source control is disabled
[2018.12.28-03.28.56:480][  0]SourceControl: Source control is disabled
[2018.12.28-03.28.56:481][  0]SourceControl: Source control is disabled
[2018.12.28-03.28.56:918][  0]LogAndroidPermission: UAndroidPermissionCallbackProxy::GetInstance
[2018.12.28-03.28.56:975][  0]LogOcInput: OculusInput pre-init called
[2018.12.28-03.29.01:858][  0]LogEngine: Initializing Engine...
[2018.12.28-03.29.01:859][  0]LogStats: UGameplayTagsManager::ConstructGameplayTagTree: ImportINI prefixes -  0.000 s
[2018.12.28-03.29.01:859][  0]LogStats: UGameplayTagsManager::ConstructGameplayTagTree: Construct from data asset -  0.000 s
[2018.12.28-03.29.01:859][  0]LogStats: UGameplayTagsManager::ConstructGameplayTagTree: ImportINI -  0.000 s
[2018.12.28-03.29.01:860][  0]LogStats: UGameplayTagsManager::ConstructGameplayTagTree: GameplayTagTreeChangedEvent.Broadcast -  0.000 s
[2018.12.28-03.29.02:134][  0]LogInit: Initializing FReadOnlyCVARCache
[2018.12.28-03.29.02:144][  0]LogAIModule: Creating AISystem for world Untitled
[2018.12.28-03.29.02:164][  0]LogInit: XAudio2 using 'Speakers (Realtek High Definition Audio)' : 2 channels at 48 kHz using 32 bits per sample (channel mask 0x3)
[2018.12.28-03.29.02:174][  0]LogInit: FAudioDevice initialized.
[2018.12.28-03.29.02:174][  0]LogNetVersion: Set ProjectVersion to 1.0.0.0. Version Checksum will be recalculated on next use.
[2018.12.28-03.29.03:291][  0]LogDerivedDataCache: Saved boot cache 1.12s 71MB C:/Users/XxCMGxX/AppData/Local/UnrealEngine/4.21/DerivedDataCache/Boot.ddc.
[2018.12.28-03.29.03:297][  0]LogInit: Texture streaming: Enabled
[2018.12.28-03.29.03:313][  0]LogEngineSessionManager: EngineSessionManager initialized
[2018.12.28-03.29.03:350][  0]LogInit: Transaction tracking system initialized
[2018.12.28-03.29.03:369][  0]BlueprintLog: New page: Editor Load
[2018.12.28-03.29.03:463][  0]LocalizationService: Localization service is disabled
[2018.12.28-03.29.04:248][  0]LogFileCache: Scanning file cache for directory 'C:/Users/XxCMGxX/Documents/Unreal Projects/Crossy_Road/Content/' took 0.01s
[2018.12.28-03.29.04:248][  0]LogCook: Display: Max memory allowance for cook 16384mb min free memory 0mb
[2018.12.28-03.29.04:248][  0]LogCook: Display: Mobile HDR setting 1
[2018.12.28-03.29.04:248][  0]LogGameplayTags: Display: UGameplayTagsManager::DoneAddingNativeTags. DelegateIsBound: 0
[2018.12.28-03.29.04:248][  0]LogStats: UGameplayTagsManager::ConstructGameplayTagTree: ImportINI prefixes -  0.000 s
[2018.12.28-03.29.04:248][  0]LogStats: UGameplayTagsManager::ConstructGameplayTagTree: Construct from data asset -  0.000 s
[2018.12.28-03.29.04:248][  0]LogStats: UGameplayTagsManager::ConstructGameplayTagTree: ImportINI -  0.000 s
[2018.12.28-03.29.04:248][  0]LogStats: UGameplayTagsManager::ConstructGameplayTagTree: GameplayTagTreeChangedEvent.Broadcast -  0.000 s
[2018.12.28-03.29.07:339][  0]SourceControl: Source control is disabled
[2018.12.28-03.29.07:340][  0]Cmd: MAP LOAD FILE="../../../Engine/Content/Maps/Templates/Template_Default.umap" TEMPLATE=1 SHOWPROGRESS=1 FEATURELEVEL=3
[2018.12.28-03.29.07:340][  0]LightingResults: New page: Lighting Build
[2018.12.28-03.29.07:342][  0]MapCheck: New page: Map Check
[2018.12.28-03.29.07:342][  0]LightingResults: New page: Lighting Build
[2018.12.28-03.29.07:528][  0]LogAIModule: Creating AISystem for world Untitled_1
[2018.12.28-03.29.07:560][  0]LogEditorServer: Finished looking for orphan Actors (0.000 secs)
[2018.12.28-03.29.07:583][  0]Cmd: MAP CHECKDEP NOCLEARLOG
[2018.12.28-03.29.07:583][  0]MapCheck: Map check complete: 0 Error(s), 0 Warning(s), took 0.147ms to complete.
[2018.12.28-03.29.07:583][  0]LogFileHelpers: Loading map 'Template_Default' took 0.244
[2018.12.28-03.29.07:704][  0]LogWindowsTextInputMethodSystem: Display: IME system now deactivated.
[2018.12.28-03.29.08:955][  0]LogSlate: Updating window title bar state: overlay mode, drag disabled, window buttons hidden, title bar hidden
[2018.12.28-03.29.09:001][  0]LogSlate: Updating window title bar state: overlay mode, drag disabled, window buttons hidden, title bar hidden
[2018.12.28-03.29.09:009][  0]LogSlate: Updating window title bar state: overlay mode, drag disabled, window buttons hidden, title bar hidden
[2018.12.28-03.29.09:019][  0]LogSlate: Updating window title bar state: overlay mode, drag disabled, window buttons hidden, title bar hidden
[2018.12.28-03.29.09:109][  0]LogCollectionManager: Loaded 0 collections in 0.001173 seconds
[2018.12.28-03.29.09:406][  0]LogFileCache: Scanning file cache for directory 'C:/Users/XxCMGxX/Documents/Unreal Projects/Crossy_Road/Saved/Collections/' took 0.01s
[2018.12.28-03.29.09:406][  0]LogFileCache: Scanning file cache for directory 'C:/Users/XxCMGxX/Documents/Unreal Projects/Crossy_Road/Content/Developers/XxCMGxX/Collections/' took 0.01s
[2018.12.28-03.29.09:406][  0]LogFileCache: Scanning file cache for directory 'C:/Users/XxCMGxX/Documents/Unreal Projects/Crossy_Road/Content/Collections/' took 0.00s
[2018.12.28-03.29.09:406][  0]LogCollectionManager: Rebuilt the GUID cache for 0 collections in 0.000000 seconds
[2018.12.28-03.29.09:418][  0]LogContentBrowser: Native class hierarchy populated in 0.0115 seconds. Added 2706 classes and 648 folders.
[2018.12.28-03.29.09:474][  0]LogContentBrowser: Native class hierarchy updated for 'WidgetCarousel' in 0.0003 seconds. Added 0 classes and 0 folders.
[2018.12.28-03.29.09:639][  0]LogPakFile: Registered encryption key '00000000000000000000000000000000': 0 pak files mounted, 0 remain pending
[2018.12.28-03.29.09:685][  0]LogPakFile: Registered encryption key '00000000000000000000000000000000': 0 pak files mounted, 0 remain pending
[2018.12.28-03.29.09:687][  0]LogPakFile: Registered encryption key '00000000000000000000000000000000': 0 pak files mounted, 0 remain pending
[2018.12.28-03.29.09:689][  0]LogPakFile: Registered encryption key '00000000000000000000000000000000': 0 pak files mounted, 0 remain pending
[2018.12.28-03.29.09:690][  0]LogPakFile: Registered encryption key '00000000000000000000000000000000': 0 pak files mounted, 0 remain pending
[2018.12.28-03.29.09:692][  0]LogPakFile: Registered encryption key '00000000000000000000000000000000': 0 pak files mounted, 0 remain pending
[2018.12.28-03.29.09:694][  0]LogPakFile: Registered encryption key '00000000000000000000000000000000': 0 pak files mounted, 0 remain pending
[2018.12.28-03.29.09:695][  0]LogPakFile: Registered encryption key '00000000000000000000000000000000': 0 pak files mounted, 0 remain pending
[2018.12.28-03.29.09:697][  0]LogPakFile: Registered encryption key '00000000000000000000000000000000': 0 pak files mounted, 0 remain pending
[2018.12.28-03.29.09:698][  0]LogPakFile: Registered encryption key '00000000000000000000000000000000': 0 pak files mounted, 0 remain pending
[2018.12.28-03.29.09:700][  0]LogPakFile: Registered encryption key '00000000000000000000000000000000': 0 pak files mounted, 0 remain pending
[2018.12.28-03.29.09:702][  0]LogPakFile: Registered encryption key '00000000000000000000000000000000': 0 pak files mounted, 0 remain pending
[2018.12.28-03.29.09:703][  0]LogPakFile: Registered encryption key '00000000000000000000000000000000': 0 pak files mounted, 0 remain pending
[2018.12.28-03.29.09:704][  0]LogPakFile: Registered encryption key '00000000000000000000000000000000': 0 pak files mounted, 0 remain pending
[2018.12.28-03.29.09:706][  0]LogPakFile: Registered encryption key '00000000000000000000000000000000': 0 pak files mounted, 0 remain pending
[2018.12.28-03.29.09:707][  0]LogPakFile: Registered encryption key '00000000000000000000000000000000': 0 pak files mounted, 0 remain pending
[2018.12.28-03.29.09:708][  0]LogPakFile: Registered encryption key '00000000000000000000000000000000': 0 pak files mounted, 0 remain pending
[2018.12.28-03.29.09:710][  0]LogPakFile: Registered encryption key '00000000000000000000000000000000': 0 pak files mounted, 0 remain pending
[2018.12.28-03.29.09:712][  0]LogPakFile: Registered encryption key '00000000000000000000000000000000': 0 pak files mounted, 0 remain pending
[2018.12.28-03.29.09:714][  0]LogPakFile: Registered encryption key '00000000000000000000000000000000': 0 pak files mounted, 0 remain pending
[2018.12.28-03.29.09:715][  0]LogPakFile: Registered encryption key '00000000000000000000000000000000': 0 pak files mounted, 0 remain pending
[2018.12.28-03.29.09:717][  0]LogPakFile: Registered encryption key '00000000000000000000000000000000': 0 pak files mounted, 0 remain pending
[2018.12.28-03.29.09:718][  0]LogPakFile: Registered encryption key '00000000000000000000000000000000': 0 pak files mounted, 0 remain pending
[2018.12.28-03.29.09:720][  0]LogPakFile: Registered encryption key '00000000000000000000000000000000': 0 pak files mounted, 0 remain pending
[2018.12.28-03.29.09:721][  0]LogPakFile: Registered encryption key '00000000000000000000000000000000': 0 pak files mounted, 0 remain pending
[2018.12.28-03.29.09:722][  0]LogPakFile: Registered encryption key '00000000000000000000000000000000': 0 pak files mounted, 0 remain pending
[2018.12.28-03.29.09:724][  0]LogPakFile: Registered encryption key '00000000000000000000000000000000': 0 pak files mounted, 0 remain pending
[2018.12.28-03.29.09:760][  0]LogPakFile: Registered encryption key '00000000000000000000000000000000': 0 pak files mounted, 0 remain pending
[2018.12.28-03.29.11:261][  0]LogContentBrowser: Native class hierarchy updated for 'AddContentDialog' in 0.0003 seconds. Added 0 classes and 0 folders.
[2018.12.28-03.29.11:326][  0]LogContentBrowser: Native class hierarchy updated for 'SceneOutliner' in 0.0003 seconds. Added 1 classes and 2 folders.
[2018.12.28-03.29.11:929][  0]LogSlate: Took 0.000150 seconds to synchronously load lazily loaded font '../../../Engine/Content/Slate/Fonts/Roboto-Regular.ttf' (155K)
[2018.12.28-03.29.11:931][  0]LogSlate: Took 0.000163 seconds to synchronously load lazily loaded font '../../../Engine/Content/Slate/Fonts/Roboto-Bold.ttf' (160K)
[2018.12.28-03.29.12:376][  0]LogSlate: Took 0.315834 seconds to synchronously load lazily loaded font '../../../Engine/Content/Editor/Slate/Fonts/FontAwesome.ttf' (139K)
[2018.12.28-03.29.12:829][  0]LogRenderer: Reallocating scene render targets to support 1232x600 Format 10 NumSamples 1 (Frame:1).
[2018.12.28-03.29.13:288][  0]LogContentBrowser: Native class hierarchy updated for 'HierarchicalLODOutliner' in 0.0003 seconds. Added 0 classes and 0 folders.
[2018.12.28-03.29.13:288][  0]LogLoad: (Engine Initialization) Total time: 25.65 seconds
[2018.12.28-03.29.13:288][  0]LogLoad: (Engine Initialization) Total Blueprint compile time: 0.00 seconds
[2018.12.28-03.29.13:433][  0]LogContentStreaming: Texture pool size now 1000 MB
[2018.12.28-03.29.13:498][  0]LogSlate: Took 0.026172 seconds to synchronously load lazily loaded font '../../../Engine/Content/Slate/Fonts/Roboto-Light.ttf' (167K)
[2018.12.28-03.29.13:594][  2]LogAssetRegistry: Asset discovery search completed in 20.2645 seconds
[2018.12.28-03.29.13:596][  2]LogCollectionManager: Rebuilt the object cache for 0 collections in 0.000000 seconds (found 0 objects)
[2018.12.28-03.29.13:596][  2]LogCollectionManager: Fixed up redirectors for 0 collections in 0.000054 seconds (updated 0 objects)
[2018.12.28-03.29.23:340][747]LogSlate: FSceneViewport::OnFocusLost() reason 0
[2018.12.28-03.29.48:958][893]LogSlate: Took 0.000177 seconds to synchronously load lazily loaded font '../../../Engine/Content/Slate/Fonts/Roboto-Light.ttf' (167K)
[2018.12.28-03.29.49:311][893]LogFactory: FactoryCreateFile: StaticMesh with FbxFactory (0 0 ../../../../../../Users/XxCMGxX/Desktop/vox_downloads/CrossyRoad_Car.fbx)
[2018.12.28-03.29.50:144][893]LogFbx: Loading FBX Scene from ../../../../../../Users/XxCMGxX/Desktop/vox_downloads/CrossyRoad_Car.fbx
[2018.12.28-03.29.50:207][893]LogFbx: FBX Scene Loaded Succesfully
[2018.12.28-03.30.00:092][893]LogSlate: Window 'FBX Import Options' being destroyed
[2018.12.28-03.30.01:131][893]LogLinker: Can't find file '/Game/CrossyRoad/BlenderMeshes/CrossyRoads_Car'
[2018.12.28-03.30.01:131][893]LogLinker: Can't find file '/Game/CrossyRoad/BlenderMeshes/CrossyRoads_Car'
[2018.12.28-03.30.01:328][893]LogTexture: Display: Building textures: CrossyRoads_Car (BGRA8, 256X1)
[2018.12.28-03.30.01:401][893]LogMaterial: Display: Missing cached shader map for material palette, compiling. 
[2018.12.28-03.30.02:400][893]LogShaderCompilers: Display: Shaders left to compile 22
[2018.12.28-03.30.02:400][893]LogShaderCompilers: Display: Shaders left to compile 12
[2018.12.28-03.30.02:400][893]LogShaderCompilers: Display: Shaders left to compile 2
[2018.12.28-03.30.02:557][893]LogStaticMesh: Building static mesh CrossyRoad_Car...
[2018.12.28-03.30.02:598][893]LogStaticMesh: Built static mesh [0.07s] /Game/CrossyRoad/BlenderMeshes/CrossyRoad_Car.CrossyRoad_Car
[2018.12.28-03.30.02:820][893]FBXImport: Warning: No smoothing group information was found in this FBX scene.  Please make sure to enable the 'Export Smoothing Groups' option in the FBX Exporter plug-in before exporting the file.  Even for tools that don't support smoothing groups, the FBX Exporter will generate appropriate smoothing data at export-time so that correct vertex normals can be inferred while importing. 
[2018.12.28-03.30.17:445][975]LogAssetEditorManager: Opening Asset editor for StaticMesh /Game/CrossyRoad/BlenderMeshes/CrossyRoad_Car.CrossyRoad_Car
[2018.12.28-03.30.25:404][396]LogRenderer: Reallocating scene render targets to support 1432x860 Format 10 NumSamples 1 (Frame:1).
[2018.12.28-03.30.25:404][396]LogSlate: Took 0.024936 seconds to synchronously load lazily loaded font '../../../Engine/Content/Slate/Fonts/Roboto-Italic.ttf' (157K)
[2018.12.28-03.30.26:400][484]LogSlate: Window 'CrossyRoad_Car*' being destroyed
[2018.12.28-03.30.42:427][925]LogAssetEditorManager: Opening Asset editor for Texture2D /Game/CrossyRoad/BlenderMeshes/CrossyRoads_Car.CrossyRoads_Car
[2018.12.28-03.30.42:617][925]LogContentBrowser: Native class hierarchy updated for 'TextureEditor' in 0.0004 seconds. Added 1 classes and 2 folders.
[2018.12.28-03.30.46:064][223]LogSlate: Window 'CrossyRoads_Car*' being destroyed
[2018.12.28-03.30.47:594][385]LogSlate: Window 'CrossyRoads_Car*' being destroyed
[2018.12.28-03.31.00:900][973]LogSlate: FSceneViewport::OnFocusLost() reason 0
[2018.12.28-03.31.05:359][321]LogAssetEditorManager: Opening Asset editor for StaticMesh /Game/CrossyRoad/BlenderMeshes/CrossyRoad_Car.CrossyRoad_Car
[2018.12.28-03.31.08:154][553]LogSlate: Window 'CrossyRoad_Car*' being destroyed
[2018.12.28-03.31.41:578][550]LogSlate: FSceneViewport::OnFocusLost() reason 0
[2018.12.28-03.31.48:307][823]LogSlate: Window 'Delete Assets' being destroyed
[2018.12.28-03.39.13:919][521]LogFileHelpers: Editor autosave (incl. sublevels) for '/Temp/Untitled_1' took 0.026
[2018.12.28-04.26.46:235][196]LogFactory: FactoryCreateFile: StaticMesh with FbxFactory (0 0 ../../../../../../Users/XxCMGxX/Desktop/vox_downloads/CrossyRoad_Car.fbx)
[2018.12.28-04.26.46:248][196]LogFbx: Loading FBX Scene from ../../../../../../Users/XxCMGxX/Desktop/vox_downloads/CrossyRoad_Car.fbx
[2018.12.28-04.26.46:255][196]LogFbx: FBX Scene Loaded Succesfully
[2018.12.28-04.26.57:926][196]LogSlate: Window 'FBX Import Options' being destroyed
[2018.12.28-04.26.57:959][196]LogTexture: Display: Building textures: CrossyRoads_Car (BGRA8, 256X1)
[2018.12.28-04.26.58:045][196]LogStaticMesh: Building static mesh CrossyRoad_Car...
[2018.12.28-04.26.58:048][196]LogStaticMesh: Built static mesh [0.00s] /Game/CrossyRoad/BlenderMeshes/CrossyRoad_Car.CrossyRoad_Car
[2018.12.28-04.26.58:058][196]FBXImport: Warning: No smoothing group information was found in this FBX scene.  Please make sure to enable the 'Export Smoothing Groups' option in the FBX Exporter plug-in before exporting the file.  Even for tools that don't support smoothing groups, the FBX Exporter will generate appropriate smoothing data at export-time so that correct vertex normals can be inferred while importing. 
[2018.12.28-04.27.01:280][506]LogFileHelpers: Editor autosave (incl. sublevels) for '/Temp/Untitled_1' took 0.023
[2018.12.28-04.27.01:426][506]OBJ SavePackage: Generating thumbnails for [1] asset(s) in package [/Game/CrossyRoad/BlenderMeshes/CrossyRoad_Car] ([1] browsable assets)...
[2018.12.28-04.27.01:543][506]OBJ SavePackage:     Rendered thumbnail for [StaticMesh /Game/CrossyRoad/BlenderMeshes/CrossyRoad_Car.CrossyRoad_Car]
[2018.12.28-04.27.01:543][506]OBJ SavePackage: Finished generating thumbnails for package [/Game/CrossyRoad/BlenderMeshes/CrossyRoad_Car]
[2018.12.28-04.27.02:602][506]LogSavePackage: Moving '../../../../../../Users/XxCMGxX/Documents/Unreal Projects/Crossy_Road/Saved/CrossyRoad_Car_Auto1B338F1F64B166C964EE449B0A0F2B0CF.tmp' to '../../../../../../Users/XxCMGxX/Documents/Unreal Projects/Crossy_Road/Saved/Autosaves/Game/CrossyRoad/BlenderMeshes/CrossyRoad_Car_Auto1.uasset'
[2018.12.28-04.27.02:603][506]OBJ SavePackage: Generating thumbnails for [1] asset(s) in package [/Game/CrossyRoad/BlenderMeshes/CrossyRoads_Car] ([1] browsable assets)...
[2018.12.28-04.27.02:605][506]OBJ SavePackage:     Rendered thumbnail for [Texture2D /Game/CrossyRoad/BlenderMeshes/CrossyRoads_Car.CrossyRoads_Car]
[2018.12.28-04.27.02:605][506]OBJ SavePackage: Finished generating thumbnails for package [/Game/CrossyRoad/BlenderMeshes/CrossyRoads_Car]
[2018.12.28-04.27.02:610][506]LogSavePackage: Moving '../../../../../../Users/XxCMGxX/Documents/Unreal Projects/Crossy_Road/Saved/CrossyRoads_Car_Auto1CE7001E8417012026F0B32BA251B3E79.tmp' to '../../../../../../Users/XxCMGxX/Documents/Unreal Projects/Crossy_Road/Saved/Autosaves/Game/CrossyRoad/BlenderMeshes/CrossyRoads_Car_Auto1.uasset'
[2018.12.28-04.27.02:611][506]LogFileHelpers: Auto-saving content packages took 1.330
[2018.12.28-04.27.15:008][564]LogAssetEditorManager: Opening Asset editor for StaticMesh /Game/CrossyRoad/BlenderMeshes/CrossyRoad_Car.CrossyRoad_Car
[2018.12.28-04.27.19:429][955]LogSlate: Window 'CrossyRoad_Car*' being destroyed
[2018.12.28-04.27.27:322][567]LogSlate: FSceneViewport::OnFocusLost() reason 2
[2018.12.28-04.27.36:213][317]LogSlate: FSceneViewport::OnFocusLost() reason 2
[2018.12.28-04.27.41:172][771]LogAssetEditorManager: Opening Asset editor for StaticMesh /Game/CrossyRoad/BlenderMeshes/CrossyRoad_Car.CrossyRoad_Car
[2018.12.28-04.27.52:416][587]LogSlate: Window 'Delete Assets' being destroyed
[2018.12.28-04.29.03:632][262]LogFactory: FactoryCreateFile: StaticMesh with FbxFactory (0 0 ../../../../../../Users/XxCMGxX/Desktop/vox_downloads/CrossyRoad_Car.fbx)
[2018.12.28-04.29.03:643][262]LogFbx: Loading FBX Scene from ../../../../../../Users/XxCMGxX/Desktop/vox_downloads/CrossyRoad_Car.fbx
[2018.12.28-04.29.03:651][262]LogFbx: FBX Scene Loaded Succesfully
[2018.12.28-04.29.19:503][262]LogSlate: Window 'FBX Import Options' being destroyed
[2018.12.28-04.29.19:539][262]LogStaticMesh: Building static mesh CrossyRoad_Car...
[2018.12.28-04.29.19:543][262]LogStaticMesh: Built static mesh [0.00s] /Game/CrossyRoad/BlenderMeshes/CrossyRoad_Car.CrossyRoad_Car
[2018.12.28-04.29.19:553][262]FBXImport: Warning: No smoothing group information was found in this FBX scene.  Please make sure to enable the 'Export Smoothing Groups' option in the FBX Exporter plug-in before exporting the file.  Even for tools that don't support smoothing groups, the FBX Exporter will generate appropriate smoothing data at export-time so that correct vertex normals can be inferred while importing. 
[2018.12.28-04.29.22:818][573]LogActorFactory: Actor Factory created CrossyRoad_Car
[2018.12.28-04.29.27:813][ 45]LogActorFactory: Actor Factory created CrossyRoad_Car
[2018.12.28-04.29.46:723][ 21]LogEditorViewport: Clicking on Actor (LMB): StaticMeshActor (CrossyRoad_Car)
[2018.12.28-04.29.48:101][166]LogSlate: FSceneViewport::OnFocusLost() reason 0
[2018.12.28-04.30.01:747][503]Cmd: TRANSACTION UNDO
[2018.12.28-04.30.01:748][503]LogEditorTransaction: Undo Replace component used material
[2018.12.28-04.30.03:186][632]Cmd: DELETE
[2018.12.28-04.30.03:186][632]Cmd: ACTOR DELETE
[2018.12.28-04.30.03:317][632]LogEditorActor: Deleted Actor: StaticMeshActor
[2018.12.28-04.30.03:339][632]LogEditorActor: Deleted 1 Actors (0.051 secs)
[2018.12.28-04.30.13:311][553]LogUnrealEdMisc: Warning: Heartbeat event firing too frequently (53.740 sec). This should never happen. Something is wrong with the timer delegate!
[2018.12.28-04.30.15:484][748]LogSlate: FSceneViewport::OnFocusLost() reason 0
[2018.12.28-04.30.18:059][981]LogAssetEditorManager: Opening Asset editor for StaticMesh /Game/CrossyRoad/BlenderMeshes/CrossyRoad_Car.CrossyRoad_Car
[2018.12.28-04.30.31:275][849]LogSlate: Window 'Delete Assets' being destroyed
[2018.12.28-04.32.40:315][598]LogFactory: FactoryCreateFile: StaticMesh with FbxFactory (0 0 ../../../../../../Users/XxCMGxX/Desktop/vox_downloads/CrossyRoad_Car.fbx)
[2018.12.28-04.32.40:325][598]LogFbx: Loading FBX Scene from ../../../../../../Users/XxCMGxX/Desktop/vox_downloads/CrossyRoad_Car.fbx
[2018.12.28-04.32.40:332][598]LogFbx: FBX Scene Loaded Succesfully
[2018.12.28-04.32.51:892][598]LogSlate: Window 'FBX Import Options' being destroyed
[2018.12.28-04.32.51:968][598]LogStaticMesh: Building static mesh CrossyRoad_Car...
[2018.12.28-04.32.51:972][598]LogStaticMesh: Built static mesh [0.00s] /Game/CrossyRoad/BlenderMeshes/CrossyRoad_Car.CrossyRoad_Car
[2018.12.28-04.32.51:984][598]FBXImport: Warning: No smoothing group information was found in this FBX scene.  Please make sure to enable the 'Export Smoothing Groups' option in the FBX Exporter plug-in before exporting the file.  Even for tools that don't support smoothing groups, the FBX Exporter will generate appropriate smoothing data at export-time so that correct vertex normals can be inferred while importing. 
[2018.12.28-04.33.01:503][407]LogActorFactory: Actor Factory created CrossyRoad_Car
[2018.12.28-04.33.01:860][444]LogActorFactory: Actor Factory created CrossyRoad_Car
[2018.12.28-04.33.05:907][765]LogEditorViewport: Clicking on Actor (LMB): StaticMeshActor (CrossyRoad_Car)
[2018.12.28-04.33.06:892][874]Cmd: DELETE
[2018.12.28-04.33.06:892][874]Cmd: ACTOR DELETE
[2018.12.28-04.33.06:894][874]LogEditorActor: Deleted Actor: StaticMeshActor
[2018.12.28-04.33.06:920][874]LogEditorActor: Deleted 1 Actors (0.028 secs)
[2018.12.28-04.33.08:439][ 36]LogSlate: FSceneViewport::OnFocusLost() reason 0
[2018.12.28-04.33.13:326][104]LogSlate: Window 'Delete Assets' being destroyed
[2018.12.28-04.33.34:331][359]LogFactory: FactoryCreateFile: StaticMesh with FbxFactory (0 0 ../../../../../../Users/XxCMGxX/Desktop/vox_downloads/CrossyRoad_Car1.fbx)
[2018.12.28-04.33.34:341][359]LogFbx: Loading FBX Scene from ../../../../../../Users/XxCMGxX/Desktop/vox_downloads/CrossyRoad_Car1.fbx
[2018.12.28-04.33.34:348][359]LogFbx: FBX Scene Loaded Succesfully
[2018.12.28-04.33.35:581][359]LogSlate: Window 'FBX Import Options' being destroyed
[2018.12.28-04.33.35:616][359]LogStaticMesh: Building static mesh CrossyRoad_Car1...
[2018.12.28-04.33.35:619][359]LogStaticMesh: Built static mesh [0.00s] /Game/CrossyRoad/BlenderMeshes/CrossyRoad_Car1.CrossyRoad_Car1
[2018.12.28-04.33.35:678][359]FBXImport: Warning: No smoothing group information was found in this FBX scene.  Please make sure to enable the 'Export Smoothing Groups' option in the FBX Exporter plug-in before exporting the file.  Even for tools that don't support smoothing groups, the FBX Exporter will generate appropriate smoothing data at export-time so that correct vertex normals can be inferred while importing. 
[2018.12.28-04.33.38:300][626]LogActorFactory: Actor Factory created CrossyRoad_Car1
[2018.12.28-04.33.41:539][993]LogActorFactory: Actor Factory created CrossyRoad_Car1
[2018.12.28-04.33.44:544][241]LogEditorViewport: Clicking on Actor (LMB): StaticMeshActor (CrossyRoad_Car1)
[2018.12.28-04.33.44:622][246]LogEditorViewport: Clicking on Component (LMB): StaticMeshComponent (StaticMeshComponent0)
[2018.12.28-04.33.46:615][436]LogEditorViewport: Clicking on Component (context menu): StaticMeshComponent (StaticMeshComponent0)
[2018.12.28-04.33.46:702][436]LogSlate: FSceneViewport::OnFocusLost() reason 2
[2018.12.28-04.33.47:507][529]LogEditorViewport: Clicking on Component (LMB): StaticMeshComponent (StaticMeshComponent0)
[2018.12.28-04.33.55:151][ 89]LogSlate: FSceneViewport::OnFocusLost() reason 2
[2018.12.28-04.34.14:870][987]LogEditorViewport: Clicking on Component (LMB): StaticMeshComponent (StaticMeshComponent0)
[2018.12.28-04.34.18:473][338]LogEditorViewport: Clicking on Component (LMB): StaticMeshComponent (StaticMeshComponent0)
[2018.12.28-04.34.19:034][385]LogSlate: FSceneViewport::OnFocusLost() reason 0
[2018.12.28-04.34.20:506][423]LogSlate: Window 'Delete Assets' being destroyed
[2018.12.28-04.34.26:200][640]LogFactory: FactoryCreateFile: StaticMesh with FbxFactory (0 0 ../../../../../../Users/XxCMGxX/Desktop/vox_downloads/CrossyRoad_Car1.fbx)
[2018.12.28-04.34.26:210][640]LogFbx: Loading FBX Scene from ../../../../../../Users/XxCMGxX/Desktop/vox_downloads/CrossyRoad_Car1.fbx
[2018.12.28-04.34.26:217][640]LogFbx: FBX Scene Loaded Succesfully
[2018.12.28-04.34.29:938][640]LogSlate: Window 'FBX Import Options' being destroyed
[2018.12.28-04.34.29:986][640]LogStaticMesh: Building static mesh CrossyRoad_Car1...
[2018.12.28-04.34.29:990][640]LogStaticMesh: Built static mesh [0.00s] /Game/CrossyRoad/BlenderMeshes/CrossyRoad_Car1.CrossyRoad_Car1
[2018.12.28-04.34.29:999][640]FBXImport: Warning: No smoothing group information was found in this FBX scene.  Please make sure to enable the 'Export Smoothing Groups' option in the FBX Exporter plug-in before exporting the file.  Even for tools that don't support smoothing groups, the FBX Exporter will generate appropriate smoothing data at export-time so that correct vertex normals can be inferred while importing. 
[2018.12.28-04.34.31:603][745]LogActorFactory: Actor Factory created CrossyRoad_Car1
[2018.12.28-04.34.32:868][858]LogActorFactory: Actor Factory created CrossyRoad_Car1
[2018.12.28-04.34.51:156][719]Cmd: TRANSACTION UNDO
[2018.12.28-04.34.51:156][719]LogEditorTransaction: Undo Move Actors
[2018.12.28-04.35.06:624][334]LogSlate: FSceneViewport::OnFocusLost() reason 0
[2018.12.28-04.35.10:659][645]LogAssetEditorManager: Opening Asset editor for StaticMesh /Game/CrossyRoad/BlenderMeshes/CrossyRoad_Car1.CrossyRoad_Car1
[2018.12.28-04.35.14:482][937]LogSlate: Window 'CrossyRoad_Car1*' being destroyed
[2018.12.28-04.35.25:534][732]LogSlate: Window 'Save Asset As' being destroyed
[2018.12.28-04.36.40:172][198]LogAssetEditorManager: Opening Asset editor for Material /Game/CrossyRoad/Voxel_Meshes/palette.palette
[2018.12.28-04.36.40:263][198]LogMaterial: Display: Missing cached shader map for material palette, compiling. 
[2018.12.28-04.36.40:923][198]LogMaterial: Display: Missing cached shader map for material palette, compiling. 
[2018.12.28-04.36.40:962][198]LogShaderCompilers: Display: Shaders left to compile 30
[2018.12.28-04.36.40:962][198]LogShaderCompilers: Display: Shaders left to compile 29
[2018.12.28-04.36.40:962][198]LogShaderCompilers: Display: Shaders left to compile 28
[2018.12.28-04.36.40:962][198]LogShaderCompilers: Display: Shaders left to compile 27
[2018.12.28-04.36.40:976][198]LogMaterial: Display: Missing cached shader map for material FMatExpressionPreview MaterialExpressionTextureSample_0, compiling. 
[2018.12.28-04.36.41:965][198]LogSlate: Took 0.906761 seconds to synchronously load lazily loaded font '../../../Engine/Content/Slate/Fonts/Roboto-BoldCondensed.ttf' (158K)
[2018.12.28-04.36.42:152][199]LogShaderCompilers: Display: Shaders left to compile 28
[2018.12.28-04.36.42:152][199]LogShaderCompilers: Display: Shaders left to compile 27
[2018.12.28-04.36.42:152][199]LogShaderCompilers: Display: Shaders left to compile 26
[2018.12.28-04.36.42:168][200]LogShaderCompilers: Display: Shaders left to compile 25
[2018.12.28-04.36.42:346][203]LogShaderCompilers: Display: Shaders left to compile 24
[2018.12.28-04.36.42:369][204]LogShaderCompilers: Display: Shaders left to compile 23
[2018.12.28-04.36.42:393][205]LogShaderCompilers: Display: Shaders left to compile 22
[2018.12.28-04.36.42:393][205]LogShaderCompilers: Display: Shaders left to compile 21
[2018.12.28-04.36.42:570][214]LogShaderCompilers: Display: Shaders left to compile 20
[2018.12.28-04.36.42:961][233]LogShaderCompilers: Display: Shaders left to compile 19
[2018.12.28-04.36.43:028][236]LogShaderCompilers: Display: Shaders left to compile 18
[2018.12.28-04.36.43:226][246]LogShaderCompilers: Display: Shaders left to compile 17
[2018.12.28-04.36.43:406][249]LogShaderCompilers: Display: Shaders left to compile 16
[2018.12.28-04.36.43:406][249]LogShaderCompilers: Display: Shaders left to compile 15
[2018.12.28-04.36.43:660][260]LogShaderCompilers: Display: Shaders left to compile 14
[2018.12.28-04.36.43:849][270]LogShaderCompilers: Display: Shaders left to compile 13
[2018.12.28-04.36.43:849][270]LogShaderCompilers: Display: Shaders left to compile 12
[2018.12.28-04.36.44:091][283]LogShaderCompilers: Display: Shaders left to compile 11
[2018.12.28-04.36.44:236][290]LogShaderCompilers: Display: Shaders left to compile 10
[2018.12.28-04.36.44:338][295]LogShaderCompilers: Display: Shaders left to compile 9
[2018.12.28-04.36.45:005][341]LogShaderCompilers: Display: Shaders left to compile 8
[2018.12.28-04.36.45:005][341]LogShaderCompilers: Display: Shaders left to compile 7
[2018.12.28-04.36.45:020][342]LogShaderCompilers: Display: Shaders left to compile 6
[2018.12.28-04.36.45:020][342]LogShaderCompilers: Display: Shaders left to compile 5
[2018.12.28-04.36.45:792][386]LogShaderCompilers: Display: Shaders left to compile 4
[2018.12.28-04.36.45:868][390]LogShaderCompilers: Display: Shaders left to compile 3
[2018.12.28-04.36.46:008][398]LogShaderCompilers: Display: Shaders left to compile 2
[2018.12.28-04.36.46:125][404]LogShaderCompilers: Display: Shaders left to compile 1
[2018.12.28-04.36.49:262][639]LogSlate: Window 'palette' being destroyed
[2018.12.28-04.36.49:341][639]MaterialEditorStats: Base pass shader: 106 instructions
[2018.12.28-04.36.49:341][639]MaterialEditorStats: Base pass shader with Surface Lightmap: 124 instructions
[2018.12.28-04.36.49:341][639]MaterialEditorStats: Base pass shader with Volumetric Lightmap: 180 instructions
[2018.12.28-04.36.49:341][639]MaterialEditorStats: Base pass vertex shader: 36 instructions
[2018.12.28-04.36.49:341][639]MaterialEditorStats: Texture samplers: 4/16
[2018.12.28-04.36.49:341][639]MaterialEditorStats: Texture Lookups (Est.): VS(0), PS(1)
[2018.12.28-04.36.49:341][639]MaterialEditorStats: User interpolators: 2/4 Scalars (1/4 Vectors) (TexCoords: 2, Custom: 0)
[2018.12.28-04.36.54:529][247]LogSlate: FSceneViewport::OnFocusLost() reason 0
[2018.12.28-04.37.36:444][ 96]LogMaterial: Display: Missing cached shader map for material palette, compiling. 
[2018.12.28-04.37.36:495][ 96]LogShaderCompilers: Display: Shaders left to compile 30
[2018.12.28-04.37.36:495][ 96]LogShaderCompilers: Display: Shaders left to compile 29
[2018.12.28-04.37.36:495][ 96]LogShaderCompilers: Display: Shaders left to compile 28
[2018.12.28-04.37.36:495][ 96]LogShaderCompilers: Display: Shaders left to compile 27
[2018.12.28-04.37.36:495][ 96]LogMaterial: Display: Missing cached shader map for material FMatExpressionPreview MaterialExpressionTextureSample_0, compiling. 
[2018.12.28-04.37.36:979][130]LogShaderCompilers: Display: Shaders left to compile 28
[2018.12.28-04.37.37:040][135]LogShaderCompilers: Display: Shaders left to compile 27
[2018.12.28-04.37.37:176][148]LogShaderCompilers: Display: Shaders left to compile 26
[2018.12.28-04.37.37:176][148]LogShaderCompilers: Display: Shaders left to compile 25
[2018.12.28-04.37.37:294][159]LogShaderCompilers: Display: Shaders left to compile 24
[2018.12.28-04.37.37:377][166]LogShaderCompilers: Display: Shaders left to compile 23
[2018.12.28-04.37.37:458][173]LogShaderCompilers: Display: Shaders left to compile 22
[2018.12.28-04.37.37:513][178]LogShaderCompilers: Display: Shaders left to compile 21
[2018.12.28-04.37.37:583][185]LogShaderCompilers: Display: Shaders left to compile 20
[2018.12.28-04.37.37:969][217]LogShaderCompilers: Display: Shaders left to compile 19
[2018.12.28-04.37.38:094][226]LogShaderCompilers: Display: Shaders left to compile 18
[2018.12.28-04.37.38:176][234]LogShaderCompilers: Display: Shaders left to compile 17
[2018.12.28-04.37.38:234][239]LogShaderCompilers: Display: Shaders left to compile 16
[2018.12.28-04.37.38:599][269]LogShaderCompilers: Display: Shaders left to compile 15
[2018.12.28-04.37.38:740][282]LogShaderCompilers: Display: Shaders left to compile 14
[2018.12.28-04.37.38:934][299]LogShaderCompilers: Display: Shaders left to compile 13
[2018.12.28-04.37.38:999][305]LogShaderCompilers: Display: Shaders left to compile 12
[2018.12.28-04.37.39:033][308]LogShaderCompilers: Display: Shaders left to compile 11
[2018.12.28-04.37.39:451][343]LogShaderCompilers: Display: Shaders left to compile 10
[2018.12.28-04.37.39:531][350]LogShaderCompilers: Display: Shaders left to compile 9
[2018.12.28-04.37.39:765][369]LogShaderCompilers: Display: Shaders left to compile 8
[2018.12.28-04.37.39:811][372]LogShaderCompilers: Display: Shaders left to compile 7
[2018.12.28-04.37.39:975][385]LogShaderCompilers: Display: Shaders left to compile 6
[2018.12.28-04.37.40:250][405]LogShaderCompilers: Display: Shaders left to compile 5
[2018.12.28-04.37.40:438][421]LogShaderCompilers: Display: Shaders left to compile 4
[2018.12.28-04.37.40:595][436]LogShaderCompilers: Display: Shaders left to compile 3
[2018.12.28-04.37.40:676][439]LogShaderCompilers: Display: Shaders left to compile 2
[2018.12.28-04.37.40:793][450]LogEditorTransaction: Undo Create Pin Link
[2018.12.28-04.37.40:803][450]LogMaterial: Display: Missing cached shader map for material palette, compiling. 
[2018.12.28-04.37.40:842][450]LogMaterial: Display: Missing cached shader map for material palette, compiling. 
[2018.12.28-04.37.40:870][450]LogShaderCompilers: Display: Shaders left to compile 1
[2018.12.28-04.37.40:879][450]LogMaterial: Display: Missing cached shader map for material FMatExpressionPreview MaterialExpressionTextureSample_0, compiling. 
[2018.12.28-04.37.40:910][450]LogShaderCompilers: Display: Shaders left to compile 32
[2018.12.28-04.37.41:004][454]LogShaderCompilers: Display: Shaders left to compile 31
[2018.12.28-04.37.41:098][457]LogShaderCompilers: Display: Shaders left to compile 30
[2018.12.28-04.37.41:120][457]LogShaderCompilers: Display: Shaders left to compile 29
[2018.12.28-04.37.41:193][459]LogShaderCompilers: Display: Shaders left to compile 28
[2018.12.28-04.37.41:269][461]LogShaderCompilers: Display: Shaders left to compile 27
[2018.12.28-04.37.41:346][464]LogShaderCompilers: Display: Shaders left to compile 26
[2018.12.28-04.37.41:357][464]LogShaderCompilers: Display: Shaders left to compile 25
[2018.12.28-04.37.41:455][472]LogShaderCompilers: Display: Shaders left to compile 24
[2018.12.28-04.37.41:541][479]LogShaderCompilers: Display: Shaders left to compile 23
[2018.12.28-04.37.41:612][485]LogShaderCompilers: Display: Shaders left to compile 22
[2018.12.28-04.37.41:658][489]LogShaderCompilers: Display: Shaders left to compile 21
[2018.12.28-04.37.41:726][496]LogShaderCompilers: Display: Shaders left to compile 20
[2018.12.28-04.37.42:078][525]LogShaderCompilers: Display: Shaders left to compile 19
[2018.12.28-04.37.42:229][538]LogShaderCompilers: Display: Shaders left to compile 18
[2018.12.28-04.37.42:490][559]LogShaderCompilers: Display: Shaders left to compile 17
[2018.12.28-04.37.42:506][560]LogShaderCompilers: Display: Shaders left to compile 16
[2018.12.28-04.37.42:697][577]LogShaderCompilers: Display: Shaders left to compile 15
[2018.12.28-04.37.42:883][592]LogShaderCompilers: Display: Shaders left to compile 14
[2018.12.28-04.37.43:152][616]LogShaderCompilers: Display: Shaders left to compile 13
[2018.12.28-04.37.43:180][618]LogShaderCompilers: Display: Shaders left to compile 12
[2018.12.28-04.37.43:222][622]LogShaderCompilers: Display: Shaders left to compile 11
[2018.12.28-04.37.43:645][655]LogShaderCompilers: Display: Shaders left to compile 10
[2018.12.28-04.37.43:646][655]LogShaderCompilers: Display: Shaders left to compile 9
[2018.12.28-04.37.44:080][687]LogShaderCompilers: Display: Shaders left to compile 8
[2018.12.28-04.37.44:119][690]LogShaderCompilers: Display: Shaders left to compile 7
[2018.12.28-04.37.44:156][693]LogShaderCompilers: Display: Shaders left to compile 6
[2018.12.28-04.37.44:550][710]LogShaderCompilers: Display: Shaders left to compile 5
[2018.12.28-04.37.44:550][710]LogShaderCompilers: Display: Shaders left to compile 4
[2018.12.28-04.37.44:663][710]LogShaderCompilers: Display: Shaders left to compile 3
[2018.12.28-04.37.44:697][710]LogShaderCompilers: Display: Shaders left to compile 2
[2018.12.28-04.37.44:799][710]LogShaderCompilers: Display: Shaders left to compile 1
[2018.12.28-04.37.46:382][710]LogSlate: Window 'Message' being destroyed
[2018.12.28-04.37.53:740][350]LogEditorViewport: Clicking on Actor (LMB): StaticMeshActor (CrossyRoad_Car2)
[2018.12.28-04.37.53:960][369]Cmd: DELETE
[2018.12.28-04.37.53:960][369]Cmd: ACTOR DELETE
[2018.12.28-04.37.53:964][369]LogEditorActor: Deleted Actor: StaticMeshActor
[2018.12.28-04.37.53:989][369]LogEditorActor: Deleted 1 Actors (0.029 secs)
[2018.12.28-04.37.56:307][574]LogSlate: FSceneViewport::OnFocusLost() reason 0
[2018.12.28-04.38.02:780][141]LogSlate: Window 'Delete Assets' being destroyed
[2018.12.28-04.38.07:610][434]LogAIModule: Creating AISystem for world CrossyRoad_InitialBuild
[2018.12.28-04.38.07:632][434]LogAssetEditorManager: Opening Asset editor for World /Game/CrossyRoad_InitialBuild.CrossyRoad_InitialBuild
[2018.12.28-04.38.10:510][434]LogSlate: Window 'Save Content' being destroyed
[2018.12.28-04.38.10:531][434]Cmd: MAP LOAD FILE="../../../../../../Users/XxCMGxX/Documents/Unreal Projects/Crossy_Road/Content/CrossyRoad_InitialBuild.umap" TEMPLATE=0 SHOWPROGRESS=1 FEATURELEVEL=3
[2018.12.28-04.38.10:532][434]LightingResults: New page: Lighting Build
[2018.12.28-04.38.10:533][434]LoadErrors: New page: Loading map: CrossyRoad_InitialBuild.umap
[2018.12.28-04.38.10:583][434]MapCheck: New page: Map Check
[2018.12.28-04.38.10:583][434]LightingResults: New page: Lighting Build
[2018.12.28-04.38.10:726][434]LogEditorServer: Finished looking for orphan Actors (0.000 secs)
[2018.12.28-04.38.10:780][434]Cmd: MAP CHECKDEP NOCLEARLOG
[2018.12.28-04.38.10:780][434]MapCheck: Map check complete: 0 Error(s), 0 Warning(s), took 0.139ms to complete.
[2018.12.28-04.38.10:780][434]LogFileHelpers: Loading map 'CrossyRoad_InitialBuild' took 0.269
[2018.12.28-04.38.13:262][697]LogTemp: Repeating last play command: Selected Viewport
[2018.12.28-04.38.13:351][697]LogBlueprintUserMessages: Early PlayInEditor Detection: Level '/Game/CrossyRoad_InitialBuild.CrossyRoad_InitialBuild:PersistentLevel' has LevelScriptBlueprint '/Game/CrossyRoad_InitialBuild.CrossyRoad_InitialBuild:PersistentLevel.CrossyRoad_InitialBuild' with GeneratedClass '/Game/CrossyRoad_InitialBuild.CrossyRoad_InitialBuild_C' with ClassGeneratedBy '/Game/CrossyRoad_InitialBuild.CrossyRoad_InitialBuild:PersistentLevel.CrossyRoad_InitialBuild'
[2018.12.28-04.38.13:376][697]LogPlayLevel: PlayLevel: No blueprints needed recompiling
[2018.12.28-04.38.13:402][697]PIE: New page: PIE session: CrossyRoad_InitialBuild (Dec 27, 2018, 12:38:13 PM)
[2018.12.28-04.38.13:454][697]LogPlayLevel: Creating play world package: /Game/UEDPIE_0_CrossyRoad_InitialBuild
[2018.12.28-04.38.13:519][697]LogPlayLevel: PIE: StaticDuplicateObject took: (0.065259s)
[2018.12.28-04.38.13:520][697]LogAIModule: Creating AISystem for world CrossyRoad_InitialBuild
[2018.12.28-04.38.13:535][697]LogPlayLevel: PIE: World Init took: (0.015700s)
[2018.12.28-04.38.13:535][697]LogPlayLevel: PIE: Created PIE world by copying editor world from /Game/CrossyRoad_InitialBuild.CrossyRoad_InitialBuild to /Game/UEDPIE_0_CrossyRoad_InitialBuild.CrossyRoad_InitialBuild (0.081286s)
[2018.12.28-04.38.13:613][697]LogInit: XAudio2 using 'Speakers (Realtek High Definition Audio)' : 2 channels at 48 kHz using 32 bits per sample (channel mask 0x3)
[2018.12.28-04.38.13:621][697]LogInit: FAudioDevice initialized.
[2018.12.28-04.38.13:698][697]LogLoad: Game class is 'GM_CRoad_C'
[2018.12.28-04.38.13:867][697]LogWorld: Bringing World /Game/UEDPIE_0_CrossyRoad_InitialBuild.CrossyRoad_InitialBuild up for play (max tick rate 0) at 2018.12.27-20.38.13
[2018.12.28-04.38.13:906][697]LogWorld: Bringing up level for play took: 0.039582
[2018.12.28-04.38.14:203][697]LogContentBrowser: Native class hierarchy updated for 'MovieSceneCapture' in 0.0005 seconds. Added 20 classes and 0 folders.
[2018.12.28-04.38.14:468][697]LogScript: Warning: Accessed None trying to read property GroundSpawner
	BP_SmallGrass_C /Game/UEDPIE_0_CrossyRoad_InitialBuild.CrossyRoad_InitialBuild:PersistentLevel.BP_SmallGrass_C_0
	Function /Game/CrossyRoad/BluePrints/BP_SmallGrass.BP_SmallGrass_C:ExecuteUbergraph_BP_SmallGrass:001A
[2018.12.28-04.38.14:478][697]PIE: Error: Blueprint Runtime Error: "Accessed None trying to read property GroundSpawner". Blueprint:  BP_SmallGrass Function:  Execute Ubergraph BP Small Grass Graph:  EventGraph Node:  Spawn at Spawn Point
[2018.12.28-04.38.14:548][697]PIE: Play in editor start time for /Game/UEDPIE_0_CrossyRoad_InitialBuild 2.084
[2018.12.28-04.38.14:549][697]LogBlueprintUserMessages: Late PlayInEditor Detection: Level '/Game/CrossyRoad_InitialBuild.CrossyRoad_InitialBuild:PersistentLevel' has LevelScriptBlueprint '/Game/CrossyRoad_InitialBuild.CrossyRoad_InitialBuild:PersistentLevel.CrossyRoad_InitialBuild' with GeneratedClass '/Game/CrossyRoad_InitialBuild.CrossyRoad_InitialBuild_C' with ClassGeneratedBy '/Game/CrossyRoad_InitialBuild.CrossyRoad_InitialBuild:PersistentLevel.CrossyRoad_InitialBuild'
[2018.12.28-04.38.52:507][381]LogBlueprintUserMessages: Early EndPlayMap Detection: Level '/Game/CrossyRoad_InitialBuild.CrossyRoad_InitialBuild:PersistentLevel' has LevelScriptBlueprint '/Game/CrossyRoad_InitialBuild.CrossyRoad_InitialBuild:PersistentLevel.CrossyRoad_InitialBuild' with GeneratedClass '/Game/CrossyRoad_InitialBuild.CrossyRoad_InitialBuild_C' with ClassGeneratedBy '/Game/CrossyRoad_InitialBuild.CrossyRoad_InitialBuild:PersistentLevel.CrossyRoad_InitialBuild'
[2018.12.28-04.38.52:539][381]LogSlate: Updating window title bar state: overlay mode, drag disabled, window buttons hidden, title bar hidden
[2018.12.28-04.38.52:663][381]LogPlayLevel: Display: Shutting down PIE online subsystems
[2018.12.28-04.38.52:672][381]LogBlueprintUserMessages: Late EndPlayMap Detection: Level '/Game/CrossyRoad_InitialBuild.CrossyRoad_InitialBuild:PersistentLevel' has LevelScriptBlueprint '/Game/CrossyRoad_InitialBuild.CrossyRoad_InitialBuild:PersistentLevel.CrossyRoad_InitialBuild' with GeneratedClass '/Game/CrossyRoad_InitialBuild.CrossyRoad_InitialBuild_C' with ClassGeneratedBy '/Game/CrossyRoad_InitialBuild.CrossyRoad_InitialBuild:PersistentLevel.CrossyRoad_InitialBuild'
[2018.12.28-04.38.52:699][381]LogSlate: Updating window title bar state: overlay mode, drag disabled, window buttons hidden, title bar hidden
[2018.12.28-04.38.52:813][382]LogPlayLevel: Display: Destroying online subsystem :Context_10
[2018.12.28-04.38.54:023][493]LogSlate: FSceneViewport::OnFocusLost() reason 0
[2018.12.28-04.44.44:612][630]LogTemp: Repeating last play command: Selected Viewport
[2018.12.28-04.44.44:630][630]LogBlueprintUserMessages: Early PlayInEditor Detection: Level '/Game/CrossyRoad_InitialBuild.CrossyRoad_InitialBuild:PersistentLevel' has LevelScriptBlueprint '/Game/CrossyRoad_InitialBuild.CrossyRoad_InitialBuild:PersistentLevel.CrossyRoad_InitialBuild' with GeneratedClass '/Game/CrossyRoad_InitialBuild.CrossyRoad_InitialBuild_C' with ClassGeneratedBy '/Game/CrossyRoad_InitialBuild.CrossyRoad_InitialBuild:PersistentLevel.CrossyRoad_InitialBuild'
[2018.12.28-04.44.44:630][630]LogPlayLevel: PlayLevel: No blueprints needed recompiling
[2018.12.28-04.44.44:630][630]PIE: New page: PIE session: CrossyRoad_InitialBuild (Dec 27, 2018, 12:44:44 PM)
[2018.12.28-04.44.44:630][630]LogPlayLevel: Creating play world package: /Game/UEDPIE_0_CrossyRoad_InitialBuild
[2018.12.28-04.44.44:635][630]LogPlayLevel: PIE: StaticDuplicateObject took: (0.004131s)
[2018.12.28-04.44.44:635][630]LogAIModule: Creating AISystem for world CrossyRoad_InitialBuild
[2018.12.28-04.44.44:636][630]LogPlayLevel: PIE: World Init took: (0.001106s)
[2018.12.28-04.44.44:636][630]LogPlayLevel: PIE: Created PIE world by copying editor world from /Game/CrossyRoad_InitialBuild.CrossyRoad_InitialBuild to /Game/UEDPIE_0_CrossyRoad_InitialBuild.CrossyRoad_InitialBuild (0.005388s)
[2018.12.28-04.44.44:659][630]LogInit: XAudio2 using 'Speakers (Realtek High Definition Audio)' : 2 channels at 48 kHz using 32 bits per sample (channel mask 0x3)
[2018.12.28-04.44.44:668][630]LogInit: FAudioDevice initialized.
[2018.12.28-04.44.44:703][630]LogLoad: Game class is 'GM_CRoad_C'
[2018.12.28-04.44.44:704][630]LogWorld: Bringing World /Game/UEDPIE_0_CrossyRoad_InitialBuild.CrossyRoad_InitialBuild up for play (max tick rate 0) at 2018.12.27-20.44.44
[2018.12.28-04.44.44:704][630]LogWorld: Bringing up level for play took: 0.000578
[2018.12.28-04.44.44:719][630]LogScript: Warning: Accessed None trying to read property GroundSpawner
	BP_SmallGrass_C /Game/UEDPIE_0_CrossyRoad_InitialBuild.CrossyRoad_InitialBuild:PersistentLevel.BP_SmallGrass_C_0
	Function /Game/CrossyRoad/BluePrints/BP_SmallGrass.BP_SmallGrass_C:ExecuteUbergraph_BP_SmallGrass:001A
[2018.12.28-04.44.44:719][630]PIE: Error: Blueprint Runtime Error: "Accessed None trying to read property GroundSpawner". Blueprint:  BP_SmallGrass Function:  Execute Ubergraph BP Small Grass Graph:  EventGraph Node:  Spawn at Spawn Point
[2018.12.28-04.44.44:729][630]PIE: Play in editor start time for /Game/UEDPIE_0_CrossyRoad_InitialBuild 0.264
[2018.12.28-04.44.44:729][630]LogBlueprintUserMessages: Late PlayInEditor Detection: Level '/Game/CrossyRoad_InitialBuild.CrossyRoad_InitialBuild:PersistentLevel' has LevelScriptBlueprint '/Game/CrossyRoad_InitialBuild.CrossyRoad_InitialBuild:PersistentLevel.CrossyRoad_InitialBuild' with GeneratedClass '/Game/CrossyRoad_InitialBuild.CrossyRoad_InitialBuild_C' with ClassGeneratedBy '/Game/CrossyRoad_InitialBuild.CrossyRoad_InitialBuild:PersistentLevel.CrossyRoad_InitialBuild'
[2018.12.28-04.44.55:880][896]LogBlueprintUserMessages: Early EndPlayMap Detection: Level '/Game/CrossyRoad_InitialBuild.CrossyRoad_InitialBuild:PersistentLevel' has LevelScriptBlueprint '/Game/CrossyRoad_InitialBuild.CrossyRoad_InitialBuild:PersistentLevel.CrossyRoad_InitialBuild' with GeneratedClass '/Game/CrossyRoad_InitialBuild.CrossyRoad_InitialBuild_C' with ClassGeneratedBy '/Game/CrossyRoad_InitialBuild.CrossyRoad_InitialBuild:PersistentLevel.CrossyRoad_InitialBuild'
[2018.12.28-04.44.55:880][896]LogSlate: Updating window title bar state: overlay mode, drag disabled, window buttons hidden, title bar hidden
[2018.12.28-04.44.55:921][896]LogPlayLevel: Display: Shutting down PIE online subsystems
[2018.12.28-04.44.55:922][896]LogBlueprintUserMessages: Late EndPlayMap Detection: Level '/Game/CrossyRoad_InitialBuild.CrossyRoad_InitialBuild:PersistentLevel' has LevelScriptBlueprint '/Game/CrossyRoad_InitialBuild.CrossyRoad_InitialBuild:PersistentLevel.CrossyRoad_InitialBuild' with GeneratedClass '/Game/CrossyRoad_InitialBuild.CrossyRoad_InitialBuild_C' with ClassGeneratedBy '/Game/CrossyRoad_InitialBuild.CrossyRoad_InitialBuild:PersistentLevel.CrossyRoad_InitialBuild'
[2018.12.28-04.44.55:947][896]LogSlate: Updating window title bar state: overlay mode, drag disabled, window buttons hidden, title bar hidden
[2018.12.28-04.44.55:980][898]LogPlayLevel: Display: Destroying online subsystem :Context_11
[2018.12.28-04.44.57:165][  3]LogSlate: FSceneViewport::OnFocusLost() reason 0
